This file contains any messages produced by compilers while
running configure, to aid debugging if configure makes a mistake.

It was created by libtheora configure 1.2.0alpha1+svn, which was
generated by GNU Autoconf 2.69.  Invocation command line was

  $ ../../../libtheora/configure --disable-oggtest --prefix=/home/chris/Respostories/chrislearn/ogv.js/build/js/root --with-ogg=/home/chris/Respostories/chrislearn/ogv.js/build/js/root --disable-asm --disable-examples --disable-encode

## --------- ##
## Platform. ##
## --------- ##

hostname = chris-ubuntu
uname -m = x86_64
uname -r = 3.19.0-28-generic
uname -s = Linux
uname -v = #30-Ubuntu SMP Mon Aug 31 15:52:51 UTC 2015

/usr/bin/uname -p = unknown
/bin/uname -X     = unknown

/bin/arch              = unknown
/usr/bin/arch -k       = unknown
/usr/convex/getsysinfo = unknown
/usr/bin/hostinfo      = unknown
/bin/machine           = unknown
/usr/bin/oslevel       = unknown
/bin/universe          = unknown

PATH: /opt/emsdk/emscripten/master/system/bin
PATH: /opt/emsdk
PATH: /opt/emsdk/clang/fastcomp/build_master_64/bin
PATH: /opt/emsdk/emscripten/master
PATH: /home/chris/.rbenv/shims
PATH: /home/chris/.rbenv/bin
PATH: /home/chris/.gvm/pkgsets/go1.4.2/global/bin
PATH: /home/chris/.gvm/gos/go1.4.2/bin
PATH: /home/chris/.gvm/pkgsets/go1.4.2/global/overlay/bin
PATH: /home/chris/.gvm/bin
PATH: /home/chris/.gvm/bin
PATH: /home/chris/.nvm/versions/io.js/v3.0.0/bin
PATH: /usr/local/sbin
PATH: /usr/local/bin
PATH: /usr/sbin
PATH: /usr/bin
PATH: /sbin
PATH: /bin
PATH: /usr/games
PATH: /usr/local/games
PATH: /home/chris/Projects/go/bin


## ----------- ##
## Core tests. ##
## ----------- ##

configure:2382: checking build system type
configure:2396: result: x86_64-unknown-linux-gnu
configure:2416: checking host system type
configure:2429: result: x86_64-unknown-linux-gnu
configure:2467: checking for a BSD-compatible install
configure:2535: result: /usr/bin/install -c
configure:2546: checking whether build environment is sane
configure:2601: result: yes
configure:2752: checking for a thread-safe mkdir -p
configure:2791: result: /bin/mkdir -p
configure:2798: checking for gawk
configure:2828: result: no
configure:2798: checking for mawk
configure:2814: found /usr/bin/mawk
configure:2825: result: mawk
configure:2836: checking whether make sets $(MAKE)
configure:2858: result: yes
configure:2887: checking whether make supports nested variables
configure:2904: result: yes
configure:3031: checking whether to enable maintainer-specific portions of Makefiles
configure:3040: result: yes
configure:3067: checking whether make supports nested variables
configure:3084: result: yes
configure:3133: checking for style of include used by make
configure:3161: result: GNU
configure:3232: checking for gcc
configure:3259: result: /opt/emsdk/emscripten/master/emcc
configure:3488: checking for C compiler version
configure:3497: /opt/emsdk/emscripten/master/emcc --version >&5
emcc (Emscripten gcc/clang-like replacement) 1.33.0 (commit 2643bd9513638ea32f8023c153f50d2564745a5f)
Copyright (C) 2014 the Emscripten authors (see AUTHORS.txt)
This is free and open source software under the MIT license.
There is NO warranty; not even for MERCHANTABILITY or FITNESS FOR A PARTICULAR PURPOSE.
  
configure:3508: $? = 0
configure:3497: /opt/emsdk/emscripten/master/emcc -v >&5
emcc (Emscripten gcc/clang-like replacement + linker emulating GNU ld) 1.33.0
(autoconf likes to see GNU above to enable shared object support)
  
clang version 3.7.0 (https://github.com/kripken/emscripten-fastcomp-clang/ 2a66b5ffba63f1e36458d41fafc2874a1abf63fe) (https://github.com/kripken/emscripten-fastcomp/ e2939f6878307899c17d1a23f51ba3fe5afbe6af)
Target: x86_64-unknown-linux-gnu
Thread model: posix
Found candidate GCC installation: /usr/lib/gcc/x86_64-linux-gnu/4.9
Found candidate GCC installation: /usr/lib/gcc/x86_64-linux-gnu/4.9.2
Found candidate GCC installation: /usr/lib/gcc/x86_64-linux-gnu/5.0.1
Selected GCC installation: /usr/lib/gcc/x86_64-linux-gnu/4.9
Candidate multilib: .;@m64
Selected multilib: .;@m64
INFO     root: [32m(Emscripten: Running sanity checks)[0m
... rest of stderr output deleted ...
configure:3508: $? = 0
configure:3497: /opt/emsdk/emscripten/master/emcc -V >&5
ERROR    root: [31mno input files
note that input files without a known suffix are ignored, make sure your input files end with one of: ('.c', '.C', '.i', '.cpp', '.cxx', '.cc', '.c++', '.CPP', '.CXX', '.CC', '.C++', '.ii', '.m', '.mi', '.mm', '.mii', '.bc', '.o', '.obj', '.dylib', '.so', '.a', '.ll', '.h', '.hxx', '.hpp', '.hh', '.H', '.HXX', '.HPP', '.HH')[0m
configure:3508: $? = 0
configure:3497: /opt/emsdk/emscripten/master/emcc -qversion >&5
ERROR    root: [31mno input files
note that input files without a known suffix are ignored, make sure your input files end with one of: ('.c', '.C', '.i', '.cpp', '.cxx', '.cc', '.c++', '.CPP', '.CXX', '.CC', '.C++', '.ii', '.m', '.mi', '.mm', '.mii', '.bc', '.o', '.obj', '.dylib', '.so', '.a', '.ll', '.h', '.hxx', '.hpp', '.hh', '.H', '.HXX', '.HPP', '.HH')[0m
configure:3508: $? = 0
configure:3528: checking whether the C compiler works
configure:3550: /opt/emsdk/emscripten/master/emcc    conftest.c  >&5
configure:3554: $? = 0
configure:3602: result: yes
configure:3605: checking for C compiler default output file name
configure:3607: result: a.out
configure:3613: checking for suffix of executables
configure:3620: /opt/emsdk/emscripten/master/emcc -o conftest    conftest.c  >&5
configure:3624: $? = 0
configure:3646: result: 
configure:3668: checking whether we are cross compiling
configure:3676: /opt/emsdk/emscripten/master/emcc -o conftest    conftest.c  >&5
configure:3680: $? = 0
configure:3687: ./conftest
configure:3691: $? = 0
configure:3706: result: no
configure:3711: checking for suffix of object files
configure:3733: /opt/emsdk/emscripten/master/emcc -c   conftest.c >&5
configure:3737: $? = 0
configure:3758: result: o
configure:3762: checking whether we are using the GNU C compiler
configure:3781: /opt/emsdk/emscripten/master/emcc -c   conftest.c >&5
configure:3781: $? = 0
configure:3790: result: yes
configure:3799: checking whether /opt/emsdk/emscripten/master/emcc accepts -g
configure:3819: /opt/emsdk/emscripten/master/emcc -c -g  conftest.c >&5
configure:3819: $? = 0
configure:3860: result: yes
configure:3877: checking for /opt/emsdk/emscripten/master/emcc option to accept ISO C89
configure:3940: /opt/emsdk/emscripten/master/emcc  -c   conftest.c >&5
configure:3940: $? = 0
configure:3953: result: none needed
configure:3978: checking whether /opt/emsdk/emscripten/master/emcc understands -c and -o together
configure:4000: /opt/emsdk/emscripten/master/emcc -c conftest.c -o conftest2.o
configure:4003: $? = 0
configure:4000: /opt/emsdk/emscripten/master/emcc -c conftest.c -o conftest2.o
configure:4003: $? = 0
configure:4015: result: yes
configure:4034: checking dependency style of /opt/emsdk/emscripten/master/emcc
configure:4145: result: gcc3
configure:4169: checking dependency style of /opt/emsdk/emscripten/master/emcc
configure:4278: result: gcc3
configure:4343: checking for gcc
configure:4370: result: /opt/emsdk/emscripten/master/emcc
configure:4599: checking for C compiler version
configure:4608: /opt/emsdk/emscripten/master/emcc --version >&5
emcc (Emscripten gcc/clang-like replacement) 1.33.0 (commit 2643bd9513638ea32f8023c153f50d2564745a5f)
Copyright (C) 2014 the Emscripten authors (see AUTHORS.txt)
This is free and open source software under the MIT license.
There is NO warranty; not even for MERCHANTABILITY or FITNESS FOR A PARTICULAR PURPOSE.
  
configure:4619: $? = 0
configure:4608: /opt/emsdk/emscripten/master/emcc -v >&5
emcc (Emscripten gcc/clang-like replacement + linker emulating GNU ld) 1.33.0
(autoconf likes to see GNU above to enable shared object support)
  
clang version 3.7.0 (https://github.com/kripken/emscripten-fastcomp-clang/ 2a66b5ffba63f1e36458d41fafc2874a1abf63fe) (https://github.com/kripken/emscripten-fastcomp/ e2939f6878307899c17d1a23f51ba3fe5afbe6af)
Target: x86_64-unknown-linux-gnu
Thread model: posix
Found candidate GCC installation: /usr/lib/gcc/x86_64-linux-gnu/4.9
Found candidate GCC installation: /usr/lib/gcc/x86_64-linux-gnu/4.9.2
Found candidate GCC installation: /usr/lib/gcc/x86_64-linux-gnu/5.0.1
Selected GCC installation: /usr/lib/gcc/x86_64-linux-gnu/4.9
Candidate multilib: .;@m64
Selected multilib: .;@m64
INFO     root: [32m(Emscripten: Running sanity checks)[0m
... rest of stderr output deleted ...
configure:4619: $? = 0
configure:4608: /opt/emsdk/emscripten/master/emcc -V >&5
ERROR    root: [31mno input files
note that input files without a known suffix are ignored, make sure your input files end with one of: ('.c', '.C', '.i', '.cpp', '.cxx', '.cc', '.c++', '.CPP', '.CXX', '.CC', '.C++', '.ii', '.m', '.mi', '.mm', '.mii', '.bc', '.o', '.obj', '.dylib', '.so', '.a', '.ll', '.h', '.hxx', '.hpp', '.hh', '.H', '.HXX', '.HPP', '.HH')[0m
configure:4619: $? = 0
configure:4608: /opt/emsdk/emscripten/master/emcc -qversion >&5
ERROR    root: [31mno input files
note that input files without a known suffix are ignored, make sure your input files end with one of: ('.c', '.C', '.i', '.cpp', '.cxx', '.cc', '.c++', '.CPP', '.CXX', '.CC', '.C++', '.ii', '.m', '.mi', '.mm', '.mii', '.bc', '.o', '.obj', '.dylib', '.so', '.a', '.ll', '.h', '.hxx', '.hpp', '.hh', '.H', '.HXX', '.HPP', '.HH')[0m
configure:4619: $? = 0
configure:4623: checking whether we are using the GNU C compiler
configure:4651: result: yes
configure:4660: checking whether /opt/emsdk/emscripten/master/emcc accepts -g
configure:4721: result: yes
configure:4738: checking for /opt/emsdk/emscripten/master/emcc option to accept ISO C89
configure:4814: result: none needed
configure:4839: checking whether /opt/emsdk/emscripten/master/emcc understands -c and -o together
configure:4876: result: yes
configure:4895: checking dependency style of /opt/emsdk/emscripten/master/emcc
configure:5006: result: gcc3
configure:5026: checking how to run the C preprocessor
configure:5057: /opt/emsdk/emscripten/master/emcc -E  conftest.c
configure:5057: $? = 0
configure:5071: /opt/emsdk/emscripten/master/emcc -E  conftest.c
conftest.c:11:10: fatal error: 'ac_nonexistent.h' file not found
#include <ac_nonexistent.h>
         ^
1 error generated.
configure:5071: $? = 1
configure: failed program was:
| /* confdefs.h */
| #define PACKAGE_NAME "libtheora"
| #define PACKAGE_TARNAME "libtheora"
| #define PACKAGE_VERSION "1.2.0alpha1+svn"
| #define PACKAGE_STRING "libtheora 1.2.0alpha1+svn"
| #define PACKAGE_BUGREPORT "theora-dev@xiph.org"
| #define PACKAGE_URL ""
| #define PACKAGE "libtheora"
| #define VERSION "1.2.0alpha1+svn"
| /* end confdefs.h.  */
| #include <ac_nonexistent.h>
configure:5096: result: /opt/emsdk/emscripten/master/emcc -E
configure:5116: /opt/emsdk/emscripten/master/emcc -E  conftest.c
configure:5116: $? = 0
configure:5130: /opt/emsdk/emscripten/master/emcc -E  conftest.c
conftest.c:11:10: fatal error: 'ac_nonexistent.h' file not found
#include <ac_nonexistent.h>
         ^
1 error generated.
configure:5130: $? = 1
configure: failed program was:
| /* confdefs.h */
| #define PACKAGE_NAME "libtheora"
| #define PACKAGE_TARNAME "libtheora"
| #define PACKAGE_VERSION "1.2.0alpha1+svn"
| #define PACKAGE_STRING "libtheora 1.2.0alpha1+svn"
| #define PACKAGE_BUGREPORT "theora-dev@xiph.org"
| #define PACKAGE_URL ""
| #define PACKAGE "libtheora"
| #define VERSION "1.2.0alpha1+svn"
| /* end confdefs.h.  */
| #include <ac_nonexistent.h>
configure:5510: checking how to print strings
configure:5537: result: printf
configure:5558: checking for a sed that does not truncate output
configure:5622: result: /bin/sed
configure:5640: checking for grep that handles long lines and -e
configure:5698: result: /bin/grep
configure:5703: checking for egrep
configure:5765: result: /bin/grep -E
configure:5770: checking for fgrep
configure:5832: result: /bin/grep -F
configure:5867: checking for ld used by /opt/emsdk/emscripten/master/emcc
ERROR    root: [31mno input files
note that input files without a known suffix are ignored, make sure your input files end with one of: ('.c', '.C', '.i', '.cpp', '.cxx', '.cc', '.c++', '.CPP', '.CXX', '.CC', '.C++', '.ii', '.m', '.mi', '.mm', '.mii', '.bc', '.o', '.obj', '.dylib', '.so', '.a', '.ll', '.h', '.hxx', '.hpp', '.hh', '.H', '.HXX', '.HPP', '.HH')[0m
configure:5934: result: /opt/emsdk/emscripten/master/emcc
configure:5941: checking if the linker (/opt/emsdk/emscripten/master/emcc) is GNU ld
configure:5956: result: yes
configure:5968: checking for BSD- or MS-compatible name lister (nm)
configure:6017: result: /usr/bin/nm -B
configure:6147: checking the name lister (/usr/bin/nm -B) interface
configure:6154: /opt/emsdk/emscripten/master/emcc -c   conftest.c >&5
configure:6157: /usr/bin/nm -B "conftest.o"
/usr/bin/nm: conftest.o: File format not recognized
configure:6160: output
configure:6167: result: BSD nm
configure:6170: checking whether ln -s works
configure:6174: result: yes
configure:6182: checking the maximum length of command line arguments
configure:6313: result: 1572864
configure:6330: checking whether the shell understands some XSI constructs
configure:6340: result: yes
configure:6344: checking whether the shell understands "+="
configure:6350: result: yes
configure:6385: checking how to convert x86_64-unknown-linux-gnu file names to x86_64-unknown-linux-gnu format
configure:6425: result: func_convert_file_noop
configure:6432: checking how to convert x86_64-unknown-linux-gnu file names to toolchain format
configure:6452: result: func_convert_file_noop
configure:6459: checking for /opt/emsdk/emscripten/master/emcc option to reload object files
configure:6466: result: -r
configure:6540: checking for objdump
configure:6567: result: objdump
configure:6596: checking how to recognize dependent libraries
configure:6794: result: pass_all
configure:6879: checking for dlltool
configure:6906: result: dlltool
configure:6936: checking how to associate runtime and link libraries
configure:6963: result: printf %s\n
configure:7088: checking for archiver @FILE support
configure:7105: /opt/emsdk/emscripten/master/emcc -c   conftest.c >&5
configure:7105: $? = 0
configure:7108: /opt/emsdk/emscripten/master/emar cru libconftest.a @conftest.lst >&5
configure:7111: $? = 0
configure:7116: /opt/emsdk/emscripten/master/emar cru libconftest.a @conftest.lst >&5
/opt/emsdk/clang/fastcomp/build_master_64/bin/llvm-ar: conftest.o: No such file or directory.
configure:7119: $? = 0
configure:7131: result: no
configure:7189: checking for strip
configure:7205: found /usr/bin/strip
configure:7216: result: strip
configure:7288: checking for ranlib
configure:7315: result: /opt/emsdk/emscripten/master/emranlib
configure:7417: checking command to parse /usr/bin/nm -B output from /opt/emsdk/emscripten/master/emcc object
configure:7537: /opt/emsdk/emscripten/master/emcc -c   conftest.c >&5
configure:7540: $? = 0
configure:7544: /usr/bin/nm -B conftest.o \| sed -n -e 's/^.*[ ]\([ABCDGIRSTW][ABCDGIRSTW]*\)[ ][ ]*\([_A-Za-z][_A-Za-z0-9]*\)$/\1 \2 \2/p' | sed '/ __gnu_lto/d' \> conftest.nm
/usr/bin/nm: conftest.o: File format not recognized
configure:7547: $? = 0
cannot run sed -n -e 's/^.*[	 ]\([ABCDGIRSTW][ABCDGIRSTW]*\)[	 ][	 ]*\([_A-Za-z][_A-Za-z0-9]*\)$/\1 \2 \2/p' | sed '/ __gnu_lto/d'
configure:7537: /opt/emsdk/emscripten/master/emcc -c   conftest.c >&5
configure:7540: $? = 0
configure:7544: /usr/bin/nm -B conftest.o \| sed -n -e 's/^.*[ ]\([ABCDGIRSTW][ABCDGIRSTW]*\)[ ][ ]*_\([_A-Za-z][_A-Za-z0-9]*\)$/\1 _\2 \2/p' | sed '/ __gnu_lto/d' \> conftest.nm
/usr/bin/nm: conftest.o: File format not recognized
configure:7547: $? = 0
cannot run sed -n -e 's/^.*[	 ]\([ABCDGIRSTW][ABCDGIRSTW]*\)[	 ][	 ]*_\([_A-Za-z][_A-Za-z0-9]*\)$/\1 _\2 \2/p' | sed '/ __gnu_lto/d'
configure:7651: result: failed
configure:7691: checking for sysroot
configure:7721: result: no
configure:7798: /opt/emsdk/emscripten/master/emcc -c   conftest.c >&5
configure:7801: $? = 0
configure:7990: checking for mt
configure:8006: found /bin/mt
configure:8017: result: mt
configure:8040: checking if mt is a manifest tool
configure:8046: mt '-?'
configure:8054: result: no
configure:8692: checking for ANSI C header files
configure:8712: /opt/emsdk/emscripten/master/emcc -c   conftest.c >&5
configure:8712: $? = 0
configure:8785: /opt/emsdk/emscripten/master/emcc -o conftest    conftest.c  >&5
configure:8785: $? = 0
configure:8785: ./conftest
configure:8785: $? = 0
configure:8796: result: yes
configure:8809: checking for sys/types.h
configure:8809: /opt/emsdk/emscripten/master/emcc -c   conftest.c >&5
configure:8809: $? = 0
configure:8809: result: yes
configure:8809: checking for sys/stat.h
configure:8809: /opt/emsdk/emscripten/master/emcc -c   conftest.c >&5
configure:8809: $? = 0
configure:8809: result: yes
configure:8809: checking for stdlib.h
configure:8809: /opt/emsdk/emscripten/master/emcc -c   conftest.c >&5
configure:8809: $? = 0
configure:8809: result: yes
configure:8809: checking for string.h
configure:8809: /opt/emsdk/emscripten/master/emcc -c   conftest.c >&5
configure:8809: $? = 0
configure:8809: result: yes
configure:8809: checking for memory.h
configure:8809: /opt/emsdk/emscripten/master/emcc -c   conftest.c >&5
configure:8809: $? = 0
configure:8809: result: yes
configure:8809: checking for strings.h
configure:8809: /opt/emsdk/emscripten/master/emcc -c   conftest.c >&5
configure:8809: $? = 0
configure:8809: result: yes
configure:8809: checking for inttypes.h
configure:8809: /opt/emsdk/emscripten/master/emcc -c   conftest.c >&5
configure:8809: $? = 0
configure:8809: result: yes
configure:8809: checking for stdint.h
configure:8809: /opt/emsdk/emscripten/master/emcc -c   conftest.c >&5
configure:8809: $? = 0
configure:8809: result: yes
configure:8809: checking for unistd.h
configure:8809: /opt/emsdk/emscripten/master/emcc -c   conftest.c >&5
configure:8809: $? = 0
configure:8809: result: yes
configure:8823: checking for dlfcn.h
configure:8823: /opt/emsdk/emscripten/master/emcc -c   conftest.c >&5
configure:8823: $? = 0
configure:8823: result: yes
configure:9027: checking for objdir
configure:9042: result: .libs
configure:9313: checking if /opt/emsdk/emscripten/master/emcc supports -fno-rtti -fno-exceptions
configure:9331: /opt/emsdk/emscripten/master/emcc -c   -fno-rtti -fno-exceptions conftest.c >&5
configure:9335: $? = 0
configure:9348: result: yes
configure:9675: checking for /opt/emsdk/emscripten/master/emcc option to produce PIC
configure:9682: result: -fPIC -DPIC
configure:9690: checking if /opt/emsdk/emscripten/master/emcc PIC flag -fPIC -DPIC works
configure:9708: /opt/emsdk/emscripten/master/emcc -c   -fPIC -DPIC -DPIC conftest.c >&5
configure:9712: $? = 0
configure:9725: result: yes
configure:9754: checking if /opt/emsdk/emscripten/master/emcc static flag -static works
configure:9782: result: yes
configure:9797: checking if /opt/emsdk/emscripten/master/emcc supports -c -o file.o
configure:9818: /opt/emsdk/emscripten/master/emcc -c   -o out/conftest2.o conftest.c >&5
configure:9822: $? = 0
configure:9844: result: yes
configure:9852: checking if /opt/emsdk/emscripten/master/emcc supports -c -o file.o
configure:9899: result: yes
configure:9932: checking whether the /opt/emsdk/emscripten/master/emcc linker (/opt/emsdk/emscripten/master/emcc) supports shared libraries
configure:11089: result: yes
configure:11126: checking whether -lc should be explicitly linked in
configure:11134: /opt/emsdk/emscripten/master/emcc -c   conftest.c >&5
configure:11137: $? = 0
configure:11152: /opt/emsdk/emscripten/master/emcc -shared  -fPIC -DPIC conftest.o  -v -Wl,-soname -Wl,conftest -o conftest 2\>\&1 \| /bin/grep  -lc  \>/dev/null 2\>\&1
configure:11155: $? = 1
configure:11169: result: yes
configure:11329: checking dynamic linker characteristics
configure:11829: /opt/emsdk/emscripten/master/emcc -o conftest    -Wl,-rpath -Wl,/foo conftest.c  >&5
configure:11829: $? = 0
configure:12063: result: GNU/Linux ld.so
configure:12170: checking how to hardcode library paths into programs
configure:12195: result: immediate
configure:12735: checking whether stripping libraries is possible
configure:12740: result: yes
configure:12775: checking if libtool supports shared libraries
configure:12777: result: yes
configure:12780: checking whether to build shared libraries
configure:12801: result: yes
configure:12804: checking whether to build static libraries
configure:12808: result: yes
configure:12859: checking for doxygen
configure:12887: result: false
configure:12911: WARNING: *** doxygen not found, API documentation will not be built
configure:12933: checking for pdflatex
configure:12963: result: no
configure:12970: checking for bibtex
configure:13000: result: no
configure:13007: checking for fig2dev
configure:13037: result: no
configure:13088: WARNING: *** Format Specification will not built.
configure:13613: checking for ld used by /opt/emsdk/emscripten/master/emcc
ERROR    root: [31mno input files
note that input files without a known suffix are ignored, make sure your input files end with one of: ('.c', '.C', '.i', '.cpp', '.cxx', '.cc', '.c++', '.CPP', '.CXX', '.CC', '.C++', '.ii', '.m', '.mi', '.mm', '.mii', '.bc', '.o', '.obj', '.dylib', '.so', '.a', '.ll', '.h', '.hxx', '.hpp', '.hh', '.H', '.HXX', '.HPP', '.HH')[0m
configure:13680: result: /opt/emsdk/emscripten/master/emcc
configure:13687: checking if the linker (/opt/emsdk/emscripten/master/emcc) is GNU ld
configure:13702: result: yes
configure:13712: checking how to control symbol export
configure:13733: result: --version-script
configure:13772: checking for pkg-config
configure:13788: found /usr/bin/pkg-config
configure:13799: result: yes
configure:13858: checking for pkg-config
configure:13876: found /usr/bin/pkg-config
configure:13888: result: /usr/bin/pkg-config
configure:13913: checking pkg-config is at least version 0.9.0
configure:13916: result: yes
configure:13927: checking for OGG
configure:13935: $PKG_CONFIG --exists --print-errors "ogg >= 1.1"
Package ogg was not found in the pkg-config search path.
Perhaps you should add the directory containing `ogg.pc'
to the PKG_CONFIG_PATH environment variable
No package 'ogg' found
configure:13938: $? = 1
configure:13953: $PKG_CONFIG --exists --print-errors "ogg >= 1.1"
Package ogg was not found in the pkg-config search path.
Perhaps you should add the directory containing `ogg.pc'
to the PKG_CONFIG_PATH environment variable
No package 'ogg' found
configure:13956: $? = 1
No package 'ogg' found
configure:13984: result: no
configure:14055: checking for Ogg
configure:14112: result: yes
configure:14190: checking for VORBIS
configure:14198: $PKG_CONFIG --exists --print-errors "vorbis >= 1.0.1"
Package vorbis was not found in the pkg-config search path.
Perhaps you should add the directory containing `vorbis.pc'
to the PKG_CONFIG_PATH environment variable
No package 'vorbis' found
configure:14201: $? = 1
configure:14216: $PKG_CONFIG --exists --print-errors "vorbis >= 1.0.1"
Package vorbis was not found in the pkg-config search path.
Perhaps you should add the directory containing `vorbis.pc'
to the PKG_CONFIG_PATH environment variable
No package 'vorbis' found
configure:14219: $? = 1
No package 'vorbis' found
configure:14247: result: no
configure:14317: checking for Vorbis
configure:14359: /opt/emsdk/emscripten/master/emcc -o conftest -Wall -Wno-parentheses -O3 -fomit-frame-pointer -finline-functions -funroll-loops   -I/home/chris/Respostories/chrislearn/ogv.js/build/js/root/include   conftest.c  -L${exec_prefix}/lib -lvorbis -lm -lvorbisenc -L/home/chris/Respostories/chrislearn/ogv.js/build/js/root/lib -logg >&5
WARNING  root: [33m-I or -L of an absolute path "-I/home/chris/Respostories/chrislearn/ogv.js/build/js/root/include" encountered. If this is to a local system header/library, it may cause problems (local system files make sense for compiling natively on your system, but not necessarily to JavaScript). Pass '-Wno-warn-absolute-paths' to emcc to hide this warning.[0m
clang-3.7: warning: optimization flag '-finline-functions' is not supported
clang-3.7: warning: argument unused during compilation: '-finline-functions'
configure:14359: $? = 0
configure:14359: ./conftest
configure:14359: $? = 0
configure:14373: result: yes
configure:14438: checking for SDL
configure:14446: $PKG_CONFIG --exists --print-errors "sdl"
configure:14449: $? = 0
configure:14464: $PKG_CONFIG --exists --print-errors "sdl"
configure:14467: $? = 0
configure:14509: result: yes
configure:14519: checking sys/soundcard.h usability
configure:14519: /opt/emsdk/emscripten/master/emcc -c -Wall -Wno-parentheses -O3 -fomit-frame-pointer -finline-functions -funroll-loops   conftest.c >&5
clang-3.7: warning: optimization flag '-finline-functions' is not supported
clang-3.7: warning: argument unused during compilation: '-finline-functions'
conftest.c:56:10: fatal error: 'sys/soundcard.h' file not found
#include <sys/soundcard.h>
         ^
1 error generated.
ERROR    root: [31mcompiler frontend failed to generate LLVM bitcode, halting[0m
configure:14519: $? = 1
configure: failed program was:
| /* confdefs.h */
| #define PACKAGE_NAME "libtheora"
| #define PACKAGE_TARNAME "libtheora"
| #define PACKAGE_VERSION "1.2.0alpha1+svn"
| #define PACKAGE_STRING "libtheora 1.2.0alpha1+svn"
| #define PACKAGE_BUGREPORT "theora-dev@xiph.org"
| #define PACKAGE_URL ""
| #define PACKAGE "libtheora"
| #define VERSION "1.2.0alpha1+svn"
| #define STDC_HEADERS 1
| #define HAVE_SYS_TYPES_H 1
| #define HAVE_SYS_STAT_H 1
| #define HAVE_STDLIB_H 1
| #define HAVE_STRING_H 1
| #define HAVE_MEMORY_H 1
| #define HAVE_STRINGS_H 1
| #define HAVE_INTTYPES_H 1
| #define HAVE_STDINT_H 1
| #define HAVE_UNISTD_H 1
| #define HAVE_DLFCN_H 1
| #define LT_OBJDIR ".libs/"
| /* end confdefs.h.  */
| #include <stdio.h>
| #ifdef HAVE_SYS_TYPES_H
| # include <sys/types.h>
| #endif
| #ifdef HAVE_SYS_STAT_H
| # include <sys/stat.h>
| #endif
| #ifdef STDC_HEADERS
| # include <stdlib.h>
| # include <stddef.h>
| #else
| # ifdef HAVE_STDLIB_H
| #  include <stdlib.h>
| # endif
| #endif
| #ifdef HAVE_STRING_H
| # if !defined STDC_HEADERS && defined HAVE_MEMORY_H
| #  include <memory.h>
| # endif
| # include <string.h>
| #endif
| #ifdef HAVE_STRINGS_H
| # include <strings.h>
| #endif
| #ifdef HAVE_INTTYPES_H
| # include <inttypes.h>
| #endif
| #ifdef HAVE_STDINT_H
| # include <stdint.h>
| #endif
| #ifdef HAVE_UNISTD_H
| # include <unistd.h>
| #endif
| #include <sys/soundcard.h>
configure:14519: result: no
configure:14519: checking sys/soundcard.h presence
configure:14519: /opt/emsdk/emscripten/master/emcc -E  conftest.c
conftest.c:23:10: fatal error: 'sys/soundcard.h' file not found
#include <sys/soundcard.h>
         ^
1 error generated.
configure:14519: $? = 1
configure: failed program was:
| /* confdefs.h */
| #define PACKAGE_NAME "libtheora"
| #define PACKAGE_TARNAME "libtheora"
| #define PACKAGE_VERSION "1.2.0alpha1+svn"
| #define PACKAGE_STRING "libtheora 1.2.0alpha1+svn"
| #define PACKAGE_BUGREPORT "theora-dev@xiph.org"
| #define PACKAGE_URL ""
| #define PACKAGE "libtheora"
| #define VERSION "1.2.0alpha1+svn"
| #define STDC_HEADERS 1
| #define HAVE_SYS_TYPES_H 1
| #define HAVE_SYS_STAT_H 1
| #define HAVE_STDLIB_H 1
| #define HAVE_STRING_H 1
| #define HAVE_MEMORY_H 1
| #define HAVE_STRINGS_H 1
| #define HAVE_INTTYPES_H 1
| #define HAVE_STDINT_H 1
| #define HAVE_UNISTD_H 1
| #define HAVE_DLFCN_H 1
| #define LT_OBJDIR ".libs/"
| /* end confdefs.h.  */
| #include <sys/soundcard.h>
configure:14519: result: no
configure:14519: checking for sys/soundcard.h
configure:14519: result: no
configure:14519: checking soundcard.h usability
configure:14519: /opt/emsdk/emscripten/master/emcc -c -Wall -Wno-parentheses -O3 -fomit-frame-pointer -finline-functions -funroll-loops   conftest.c >&5
clang-3.7: warning: optimization flag '-finline-functions' is not supported
clang-3.7: warning: argument unused during compilation: '-finline-functions'
conftest.c:56:10: fatal error: 'soundcard.h' file not found
#include <soundcard.h>
         ^
1 error generated.
ERROR    root: [31mcompiler frontend failed to generate LLVM bitcode, halting[0m
configure:14519: $? = 1
configure: failed program was:
| /* confdefs.h */
| #define PACKAGE_NAME "libtheora"
| #define PACKAGE_TARNAME "libtheora"
| #define PACKAGE_VERSION "1.2.0alpha1+svn"
| #define PACKAGE_STRING "libtheora 1.2.0alpha1+svn"
| #define PACKAGE_BUGREPORT "theora-dev@xiph.org"
| #define PACKAGE_URL ""
| #define PACKAGE "libtheora"
| #define VERSION "1.2.0alpha1+svn"
| #define STDC_HEADERS 1
| #define HAVE_SYS_TYPES_H 1
| #define HAVE_SYS_STAT_H 1
| #define HAVE_STDLIB_H 1
| #define HAVE_STRING_H 1
| #define HAVE_MEMORY_H 1
| #define HAVE_STRINGS_H 1
| #define HAVE_INTTYPES_H 1
| #define HAVE_STDINT_H 1
| #define HAVE_UNISTD_H 1
| #define HAVE_DLFCN_H 1
| #define LT_OBJDIR ".libs/"
| /* end confdefs.h.  */
| #include <stdio.h>
| #ifdef HAVE_SYS_TYPES_H
| # include <sys/types.h>
| #endif
| #ifdef HAVE_SYS_STAT_H
| # include <sys/stat.h>
| #endif
| #ifdef STDC_HEADERS
| # include <stdlib.h>
| # include <stddef.h>
| #else
| # ifdef HAVE_STDLIB_H
| #  include <stdlib.h>
| # endif
| #endif
| #ifdef HAVE_STRING_H
| # if !defined STDC_HEADERS && defined HAVE_MEMORY_H
| #  include <memory.h>
| # endif
| # include <string.h>
| #endif
| #ifdef HAVE_STRINGS_H
| # include <strings.h>
| #endif
| #ifdef HAVE_INTTYPES_H
| # include <inttypes.h>
| #endif
| #ifdef HAVE_STDINT_H
| # include <stdint.h>
| #endif
| #ifdef HAVE_UNISTD_H
| # include <unistd.h>
| #endif
| #include <soundcard.h>
configure:14519: result: no
configure:14519: checking soundcard.h presence
configure:14519: /opt/emsdk/emscripten/master/emcc -E  conftest.c
conftest.c:23:10: fatal error: 'soundcard.h' file not found
#include <soundcard.h>
         ^
1 error generated.
configure:14519: $? = 1
configure: failed program was:
| /* confdefs.h */
| #define PACKAGE_NAME "libtheora"
| #define PACKAGE_TARNAME "libtheora"
| #define PACKAGE_VERSION "1.2.0alpha1+svn"
| #define PACKAGE_STRING "libtheora 1.2.0alpha1+svn"
| #define PACKAGE_BUGREPORT "theora-dev@xiph.org"
| #define PACKAGE_URL ""
| #define PACKAGE "libtheora"
| #define VERSION "1.2.0alpha1+svn"
| #define STDC_HEADERS 1
| #define HAVE_SYS_TYPES_H 1
| #define HAVE_SYS_STAT_H 1
| #define HAVE_STDLIB_H 1
| #define HAVE_STRING_H 1
| #define HAVE_MEMORY_H 1
| #define HAVE_STRINGS_H 1
| #define HAVE_INTTYPES_H 1
| #define HAVE_STDINT_H 1
| #define HAVE_UNISTD_H 1
| #define HAVE_DLFCN_H 1
| #define LT_OBJDIR ".libs/"
| /* end confdefs.h.  */
| #include <soundcard.h>
configure:14519: result: no
configure:14519: checking for soundcard.h
configure:14519: result: no
configure:14519: checking machine/soundcard.h usability
configure:14519: /opt/emsdk/emscripten/master/emcc -c -Wall -Wno-parentheses -O3 -fomit-frame-pointer -finline-functions -funroll-loops   conftest.c >&5
clang-3.7: warning: optimization flag '-finline-functions' is not supported
clang-3.7: warning: argument unused during compilation: '-finline-functions'
conftest.c:56:10: fatal error: 'machine/soundcard.h' file not found
#include <machine/soundcard.h>
         ^
1 error generated.
ERROR    root: [31mcompiler frontend failed to generate LLVM bitcode, halting[0m
configure:14519: $? = 1
configure: failed program was:
| /* confdefs.h */
| #define PACKAGE_NAME "libtheora"
| #define PACKAGE_TARNAME "libtheora"
| #define PACKAGE_VERSION "1.2.0alpha1+svn"
| #define PACKAGE_STRING "libtheora 1.2.0alpha1+svn"
| #define PACKAGE_BUGREPORT "theora-dev@xiph.org"
| #define PACKAGE_URL ""
| #define PACKAGE "libtheora"
| #define VERSION "1.2.0alpha1+svn"
| #define STDC_HEADERS 1
| #define HAVE_SYS_TYPES_H 1
| #define HAVE_SYS_STAT_H 1
| #define HAVE_STDLIB_H 1
| #define HAVE_STRING_H 1
| #define HAVE_MEMORY_H 1
| #define HAVE_STRINGS_H 1
| #define HAVE_INTTYPES_H 1
| #define HAVE_STDINT_H 1
| #define HAVE_UNISTD_H 1
| #define HAVE_DLFCN_H 1
| #define LT_OBJDIR ".libs/"
| /* end confdefs.h.  */
| #include <stdio.h>
| #ifdef HAVE_SYS_TYPES_H
| # include <sys/types.h>
| #endif
| #ifdef HAVE_SYS_STAT_H
| # include <sys/stat.h>
| #endif
| #ifdef STDC_HEADERS
| # include <stdlib.h>
| # include <stddef.h>
| #else
| # ifdef HAVE_STDLIB_H
| #  include <stdlib.h>
| # endif
| #endif
| #ifdef HAVE_STRING_H
| # if !defined STDC_HEADERS && defined HAVE_MEMORY_H
| #  include <memory.h>
| # endif
| # include <string.h>
| #endif
| #ifdef HAVE_STRINGS_H
| # include <strings.h>
| #endif
| #ifdef HAVE_INTTYPES_H
| # include <inttypes.h>
| #endif
| #ifdef HAVE_STDINT_H
| # include <stdint.h>
| #endif
| #ifdef HAVE_UNISTD_H
| # include <unistd.h>
| #endif
| #include <machine/soundcard.h>
configure:14519: result: no
configure:14519: checking machine/soundcard.h presence
configure:14519: /opt/emsdk/emscripten/master/emcc -E  conftest.c
conftest.c:23:10: fatal error: 'machine/soundcard.h' file not found
#include <machine/soundcard.h>
         ^
1 error generated.
configure:14519: $? = 1
configure: failed program was:
| /* confdefs.h */
| #define PACKAGE_NAME "libtheora"
| #define PACKAGE_TARNAME "libtheora"
| #define PACKAGE_VERSION "1.2.0alpha1+svn"
| #define PACKAGE_STRING "libtheora 1.2.0alpha1+svn"
| #define PACKAGE_BUGREPORT "theora-dev@xiph.org"
| #define PACKAGE_URL ""
| #define PACKAGE "libtheora"
| #define VERSION "1.2.0alpha1+svn"
| #define STDC_HEADERS 1
| #define HAVE_SYS_TYPES_H 1
| #define HAVE_SYS_STAT_H 1
| #define HAVE_STDLIB_H 1
| #define HAVE_STRING_H 1
| #define HAVE_MEMORY_H 1
| #define HAVE_STRINGS_H 1
| #define HAVE_INTTYPES_H 1
| #define HAVE_STDINT_H 1
| #define HAVE_UNISTD_H 1
| #define HAVE_DLFCN_H 1
| #define LT_OBJDIR ".libs/"
| /* end confdefs.h.  */
| #include <machine/soundcard.h>
configure:14519: result: no
configure:14519: checking for machine/soundcard.h
configure:14519: result: no
configure:14533: WARNING: OSS audio support not found -- not compiling player_example
configure:14550: checking for PNG
configure:14558: $PKG_CONFIG --exists --print-errors "libpng"
Package libpng was not found in the pkg-config search path.
Perhaps you should add the directory containing `libpng.pc'
to the PKG_CONFIG_PATH environment variable
No package 'libpng' found
configure:14561: $? = 1
configure:14576: $PKG_CONFIG --exists --print-errors "libpng"
Package libpng was not found in the pkg-config search path.
Perhaps you should add the directory containing `libpng.pc'
to the PKG_CONFIG_PATH environment variable
No package 'libpng' found
configure:14579: $? = 1
No package 'libpng' found
configure:14607: result: no
configure:14626: checking for TIFFReadRGBAImage in -ltiff
configure:14651: /opt/emsdk/emscripten/master/emcc -o conftest -Wall -Wno-parentheses -O3 -fomit-frame-pointer -finline-functions -funroll-loops    conftest.c -ltiff   >&5
WARNING  root: [33memcc: cannot find library "tiff"[0m
clang-3.7: warning: optimization flag '-finline-functions' is not supported
clang-3.7: warning: argument unused during compilation: '-finline-functions'
error: unresolved symbol: TIFFReadRGBAImage
Aborting compilation due to previous errors | undefined
Traceback (most recent call last):
  File "/opt/emsdk/emscripten/master/emscripten.py", line 1043, in <module>
    _main(environ=os.environ)
  File "/opt/emsdk/emscripten/master/emscripten.py", line 1033, in _main
    temp_files.run_and_clean(lambda: main(
  File "/opt/emsdk/emscripten/master/tools/tempfiles.py", line 39, in run_and_clean
    return func()
  File "/opt/emsdk/emscripten/master/emscripten.py", line 1039, in <lambda>
    DEBUG_CACHE=DEBUG_CACHE,
  File "/opt/emsdk/emscripten/master/emscripten.py", line 940, in main
    temp_files=temp_files, DEBUG=DEBUG, DEBUG_CACHE=DEBUG_CACHE)
  File "/opt/emsdk/emscripten/master/emscripten.py", line 195, in emscript
    cwd=path_from_root('src'), error_limit=300)
  File "/opt/emsdk/emscripten/master/tools/jsrun.py", line 75, in run_js
    raise Exception('Expected the command ' + str(command) + ' to finish with return code ' + str(assert_returncode) + ', but it returned with code ' + str(proc.returncode) + ' instead! Output: ' + str(ret)[:error_limit])
Exception: Expected the command ['/home/chris/.nvm/versions/node/v0.12.2/bin/node', '/opt/emsdk/emscripten/master/src/compiler.js', '/tmp/tmpqWzlaZ.txt'] to finish with return code 0, but it returned with code 1 instead! Output: // The Module object: Our interface to the outside world. We import
// and export values on it, and do the work to get that through
// closure compiler if necessary. There are various ways Module can be used:
// 1. Not defined. We create it here
// 2. A function parameter, function(Module) { ..gener
Traceback (most recent call last):
  File "/opt/emsdk/emscripten/master/emcc", line 1272, in <module>
    final = shared.Building.emscripten(final, append_ext=False, extra_args=extra_args)
  File "/opt/emsdk/emscripten/master/tools/shared.py", line 1535, in emscripten
    assert os.path.exists(filename + '.o.js'), 'Emscripten failed to generate .js'
AssertionError: Emscripten failed to generate .js
configure:14651: $? = 1
configure: failed program was:
| /* confdefs.h */
| #define PACKAGE_NAME "libtheora"
| #define PACKAGE_TARNAME "libtheora"
| #define PACKAGE_VERSION "1.2.0alpha1+svn"
| #define PACKAGE_STRING "libtheora 1.2.0alpha1+svn"
| #define PACKAGE_BUGREPORT "theora-dev@xiph.org"
| #define PACKAGE_URL ""
| #define PACKAGE "libtheora"
| #define VERSION "1.2.0alpha1+svn"
| #define STDC_HEADERS 1
| #define HAVE_SYS_TYPES_H 1
| #define HAVE_SYS_STAT_H 1
| #define HAVE_STDLIB_H 1
| #define HAVE_STRING_H 1
| #define HAVE_MEMORY_H 1
| #define HAVE_STRINGS_H 1
| #define HAVE_INTTYPES_H 1
| #define HAVE_STDINT_H 1
| #define HAVE_UNISTD_H 1
| #define HAVE_DLFCN_H 1
| #define LT_OBJDIR ".libs/"
| /* end confdefs.h.  */
| 
| /* Override any GCC internal prototype to avoid an error.
|    Use char because int might match the return type of a GCC
|    builtin and then its argument prototype would still apply.  */
| #ifdef __cplusplus
| extern "C"
| #endif
| char TIFFReadRGBAImage ();
| int
| main ()
| {
| return TIFFReadRGBAImage ();
|   ;
|   return 0;
| }
configure:14660: result: no
configure:14830: checking for ftime in -lcompat
configure:14855: /opt/emsdk/emscripten/master/emcc -o conftest -Wall -Wno-parentheses -O3 -fomit-frame-pointer -finline-functions -funroll-loops    conftest.c -lcompat   >&5
WARNING  root: [33memcc: cannot find library "compat"[0m
clang-3.7: warning: optimization flag '-finline-functions' is not supported
clang-3.7: warning: argument unused during compilation: '-finline-functions'
configure:14855: $? = 0
configure:14864: result: yes
configure:14872: checking for getopt_long
configure:14872: /opt/emsdk/emscripten/master/emcc -o conftest -Wall -Wno-parentheses -O3 -fomit-frame-pointer -finline-functions -funroll-loops    conftest.c  >&5
clang-3.7: warning: optimization flag '-finline-functions' is not supported
clang-3.7: warning: argument unused during compilation: '-finline-functions'
configure:14872: $? = 0
configure:14872: result: yes
configure:15010: checking that generated files are newer than configure
configure:15016: result: done
configure:15083: creating ./config.status

## ---------------------- ##
## Running config.status. ##
## ---------------------- ##

This file was extended by libtheora config.status 1.2.0alpha1+svn, which was
generated by GNU Autoconf 2.69.  Invocation command line was

  CONFIG_FILES    = 
  CONFIG_HEADERS  = 
  CONFIG_LINKS    = 
  CONFIG_COMMANDS = 
  $ ./config.status 

on chris-ubuntu

config.status:1170: creating Makefile
config.status:1170: creating lib/Makefile
config.status:1170: creating lib/arm/armopts.s
config.status:1170: creating include/Makefile
config.status:1170: creating include/theora/Makefile
config.status:1170: creating examples/Makefile
config.status:1170: creating doc/Makefile
config.status:1170: creating doc/Doxyfile
config.status:1170: creating doc/spec/Makefile
config.status:1170: creating tests/Makefile
config.status:1170: creating m4/Makefile
config.status:1170: creating libtheora.spec
config.status:1170: creating theora.pc
config.status:1170: creating theora-uninstalled.pc
config.status:1170: creating theoradec.pc
config.status:1170: creating theoradec-uninstalled.pc
config.status:1170: creating theoraenc.pc
config.status:1170: creating theoraenc-uninstalled.pc
config.status:1170: creating config.h
config.status:1384: executing depfiles commands
config.status:1384: executing libtool commands
configure:17483: result:
------------------------------------------------------------------------
  libtheora 1.2.0alpha1+svn:  Automatic configuration OK.

  General configuration:

    Encoding support: ........... no
    Assembly optimization: ...... disabled
    Debugging telemetry: ........ no
    Build example code: ......... no
    API Documentation: .......... no
    Format Documentation: ....... no

  Installation paths:

    libtheora: ................... /home/chris/Respostories/chrislearn/ogv.js/build/js/root/lib
    C header files: .............. /home/chris/Respostories/chrislearn/ogv.js/build/js/root/include/theora
    Documentation: ............... /home/chris/Respostories/chrislearn/ogv.js/build/js/root/share/doc/libtheora

  Building:

    Type 'make' to compile libtheora.

    Type 'make install' to install libtheora.

    Type 'make check' to run test suite (Valgrind testing not enabled)

  Example programs will be built but not installed.
------------------------------------------------------------------------


## ---------------- ##
## Cache variables. ##
## ---------------- ##

ac_cv_build=x86_64-unknown-linux-gnu
ac_cv_c_compiler_gnu=yes
ac_cv_env_CAIRO_CFLAGS_set=
ac_cv_env_CAIRO_CFLAGS_value=
ac_cv_env_CAIRO_LIBS_set=
ac_cv_env_CAIRO_LIBS_value=
ac_cv_env_CCASFLAGS_set=
ac_cv_env_CCASFLAGS_value=
ac_cv_env_CCAS_set=
ac_cv_env_CCAS_value=
ac_cv_env_CC_set=set
ac_cv_env_CC_value=/opt/emsdk/emscripten/master/emcc
ac_cv_env_CFLAGS_set=set
ac_cv_env_CFLAGS_value=
ac_cv_env_CPPFLAGS_set=
ac_cv_env_CPPFLAGS_value=
ac_cv_env_CPP_set=
ac_cv_env_CPP_value=
ac_cv_env_LDFLAGS_set=
ac_cv_env_LDFLAGS_value=
ac_cv_env_LIBS_set=
ac_cv_env_LIBS_value=
ac_cv_env_OGG_CFLAGS_set=
ac_cv_env_OGG_CFLAGS_value=
ac_cv_env_OGG_LIBS_set=
ac_cv_env_OGG_LIBS_value=
ac_cv_env_PKG_CONFIG_set=
ac_cv_env_PKG_CONFIG_value=
ac_cv_env_PNG_CFLAGS_set=
ac_cv_env_PNG_CFLAGS_value=
ac_cv_env_PNG_LIBS_set=
ac_cv_env_PNG_LIBS_value=
ac_cv_env_SDL_CFLAGS_set=
ac_cv_env_SDL_CFLAGS_value=
ac_cv_env_SDL_LIBS_set=
ac_cv_env_SDL_LIBS_value=
ac_cv_env_VORBIS_CFLAGS_set=
ac_cv_env_VORBIS_CFLAGS_value=
ac_cv_env_VORBIS_LIBS_set=
ac_cv_env_VORBIS_LIBS_value=
ac_cv_env_build_alias_set=
ac_cv_env_build_alias_value=
ac_cv_env_host_alias_set=
ac_cv_env_host_alias_value=
ac_cv_env_target_alias_set=
ac_cv_env_target_alias_value=
ac_cv_func_getopt_long=yes
ac_cv_header_dlfcn_h=yes
ac_cv_header_inttypes_h=yes
ac_cv_header_machine_soundcard_h=no
ac_cv_header_memory_h=yes
ac_cv_header_soundcard_h=no
ac_cv_header_stdc=yes
ac_cv_header_stdint_h=yes
ac_cv_header_stdlib_h=yes
ac_cv_header_string_h=yes
ac_cv_header_strings_h=yes
ac_cv_header_sys_soundcard_h=no
ac_cv_header_sys_stat_h=yes
ac_cv_header_sys_types_h=yes
ac_cv_header_unistd_h=yes
ac_cv_host=x86_64-unknown-linux-gnu
ac_cv_lib_compat_ftime=yes
ac_cv_lib_tiff_TIFFReadRGBAImage=no
ac_cv_objext=o
ac_cv_path_EGREP='/bin/grep -E'
ac_cv_path_FGREP='/bin/grep -F'
ac_cv_path_GREP=/bin/grep
ac_cv_path_SED=/bin/sed
ac_cv_path_ac_pt_PKG_CONFIG=/usr/bin/pkg-config
ac_cv_path_install='/usr/bin/install -c'
ac_cv_path_mkdir=/bin/mkdir
ac_cv_prog_AWK=mawk
ac_cv_prog_CPP='/opt/emsdk/emscripten/master/emcc -E'
ac_cv_prog_HAVE_DOXYGEN=false
ac_cv_prog_HAVE_PKG_CONFIG=yes
ac_cv_prog_ac_ct_CC=/opt/emsdk/emscripten/master/emcc
ac_cv_prog_ac_ct_DLLTOOL=dlltool
ac_cv_prog_ac_ct_MANIFEST_TOOL=mt
ac_cv_prog_ac_ct_OBJDUMP=objdump
ac_cv_prog_ac_ct_RANLIB=/opt/emsdk/emscripten/master/emranlib
ac_cv_prog_ac_ct_STRIP=strip
ac_cv_prog_cc_c89=
ac_cv_prog_cc_g=yes
ac_cv_prog_make_make_set=yes
am_cv_CCAS_dependencies_compiler_type=gcc3
am_cv_CC_dependencies_compiler_type=gcc3
am_cv_make_support_nested_variables=yes
am_cv_prog_cc_c_o=yes
lt_cv_ar_at_file=no
lt_cv_archive_cmds_need_lc=yes
lt_cv_deplibs_check_method=pass_all
lt_cv_file_magic_cmd='$MAGIC_CMD'
lt_cv_file_magic_test_file=
lt_cv_ld_reload_flag=-r
lt_cv_nm_interface='BSD nm'
lt_cv_objdir=.libs
lt_cv_path_LD=/opt/emsdk/emscripten/master/emcc
lt_cv_path_NM='/usr/bin/nm -B'
lt_cv_path_mainfest_tool=no
lt_cv_prog_compiler_c_o=yes
lt_cv_prog_compiler_pic='-fPIC -DPIC'
lt_cv_prog_compiler_pic_works=yes
lt_cv_prog_compiler_rtti_exceptions=yes
lt_cv_prog_compiler_static_works=yes
lt_cv_prog_gnu_ld=yes
lt_cv_sharedlib_from_linklib_cmd='printf %s\n'
lt_cv_shlibpath_overrides_runpath=no
lt_cv_sys_global_symbol_pipe=
lt_cv_sys_global_symbol_to_c_name_address='sed -n -e '\''s/^: \([^ ]*\)[ ]*$/  {\"\1\", (void *) 0},/p'\'' -e '\''s/^[ABCDGIRSTW]* \([^ ]*\) \([^ ]*\)$/  {"\2", (void *) \&\2},/p'\'''
lt_cv_sys_global_symbol_to_c_name_address_lib_prefix='sed -n -e '\''s/^: \([^ ]*\)[ ]*$/  {\"\1\", (void *) 0},/p'\'' -e '\''s/^[ABCDGIRSTW]* \([^ ]*\) \(lib[^ ]*\)$/  {"\2", (void *) \&\2},/p'\'' -e '\''s/^[ABCDGIRSTW]* \([^ ]*\) \([^ ]*\)$/  {"lib\2", (void *) \&\2},/p'\'''
lt_cv_sys_global_symbol_to_cdecl=
lt_cv_sys_max_cmd_len=1572864
lt_cv_to_host_file_cmd=func_convert_file_noop
lt_cv_to_tool_file_cmd=func_convert_file_noop
pkg_cv_SDL_CFLAGS='-D_GNU_SOURCE=1 -D_REENTRANT '
pkg_cv_SDL_LIBS=

## ----------------- ##
## Output variables. ##
## ----------------- ##

ACLOCAL='${SHELL} /home/chris/Respostories/chrislearn/ogv.js/libtheora/missing aclocal-1.14'
AMDEPBACKSLASH='\'
AMDEP_FALSE='#'
AMDEP_TRUE=''
AMTAR='$${TAR-tar}'
AM_BACKSLASH='\'
AM_DEFAULT_V='$(AM_DEFAULT_VERBOSITY)'
AM_DEFAULT_VERBOSITY='0'
AM_V='$(V)'
AR='/opt/emsdk/emscripten/master/emar'
AS='as'
AUTOCONF='${SHELL} /home/chris/Respostories/chrislearn/ogv.js/libtheora/missing autoconf'
AUTOHEADER='${SHELL} /home/chris/Respostories/chrislearn/ogv.js/libtheora/missing autoheader'
AUTOMAKE='${SHELL} /home/chris/Respostories/chrislearn/ogv.js/libtheora/missing automake-1.14'
AWK='mawk'
BINDIR='/home/chris/Respostories/chrislearn/ogv.js/build/js/root/bin'
BUILDABLE_EXAMPLES=''
BUILD_SPEC_FALSE=''
BUILD_SPEC_TRUE='#'
CAIRO_CFLAGS=''
CAIRO_LIBS=''
CC='/opt/emsdk/emscripten/master/emcc'
CCAS='/opt/emsdk/emscripten/master/emcc'
CCASDEPMODE='depmode=gcc3'
CCASFLAGS=''
CCDEPMODE='depmode=gcc3'
CFLAGS='-Wall -Wno-parentheses -O3 -fomit-frame-pointer -finline-functions -funroll-loops '
COMPAT_LIBS='-lcompat'
CPP='/opt/emsdk/emscripten/master/emcc -E'
CPPFLAGS=''
CPU_arm_FALSE=''
CPU_arm_TRUE='#'
CPU_c64x_FALSE=''
CPU_c64x_TRUE='#'
CPU_x86_32_FALSE=''
CPU_x86_32_TRUE='#'
CPU_x86_64_FALSE=''
CPU_x86_64_TRUE='#'
CYGPATH_W='echo'
DEBUG='-g -Wall -Wno-parentheses -DDEBUG -D__NO_MATH_INLINES'
DEFS='-DHAVE_CONFIG_H'
DEPDIR='.deps'
DLLTOOL='dlltool'
DOCDIR='/home/chris/Respostories/chrislearn/ogv.js/build/js/root/share/doc/libtheora'
DSYMUTIL=''
DUMPBIN=''
ECHO_C=''
ECHO_N='-n'
ECHO_T=''
EGREP='/bin/grep -E'
EXEEXT=''
FGREP='/bin/grep -F'
GETOPT_OBJS=''
GREP='/bin/grep'
HAVE_ARM_ASM_EDSP=''
HAVE_ARM_ASM_MEDIA=''
HAVE_ARM_ASM_NEON=''
HAVE_BIBTEX=''
HAVE_DOXYGEN='false'
HAVE_DOXYGEN_FALSE=''
HAVE_DOXYGEN_TRUE='#'
HAVE_PDFLATEX=''
HAVE_PERL=''
HAVE_PKG_CONFIG='yes'
HAVE_TIFF='no'
HAVE_TRANSFIG=''
HAVE_VALGRIND=''
INCLUDEDIR='/home/chris/Respostories/chrislearn/ogv.js/build/js/root/include'
INSTALL_DATA='${INSTALL} -m 644'
INSTALL_PROGRAM='${INSTALL}'
INSTALL_SCRIPT='${INSTALL}'
INSTALL_STRIP_PROGRAM='$(install_sh) -c -s'
LD='/opt/emsdk/emscripten/master/emcc'
LDFLAGS=''
LIBDIR='/home/chris/Respostories/chrislearn/ogv.js/build/js/root/lib'
LIBOBJS=''
LIBS=''
LIBTOOL='$(SHELL) $(top_builddir)/libtool'
LIPO=''
LN_S='ln -s'
LTLIBOBJS=''
MAINT=''
MAINTAINER_MODE_FALSE='#'
MAINTAINER_MODE_TRUE=''
MAKEINFO='${SHELL} /home/chris/Respostories/chrislearn/ogv.js/libtheora/missing makeinfo'
MANIFEST_TOOL=':'
MKDIR_P='/bin/mkdir -p'
NM='/usr/bin/nm -B'
NMEDIT=''
OBJDUMP='objdump'
OBJEXT='o'
OGG_CFLAGS='-I/home/chris/Respostories/chrislearn/ogv.js/build/js/root/include'
OGG_LIBS='-L/home/chris/Respostories/chrislearn/ogv.js/build/js/root/lib -logg'
OSS_LIBS=''
OTOOL64=''
OTOOL=''
PACKAGE='libtheora'
PACKAGE_BUGREPORT='theora-dev@xiph.org'
PACKAGE_NAME='libtheora'
PACKAGE_STRING='libtheora 1.2.0alpha1+svn'
PACKAGE_TARNAME='libtheora'
PACKAGE_URL=''
PACKAGE_VERSION='1.2.0alpha1+svn'
PATH_SEPARATOR=':'
PKG_CONFIG='/usr/bin/pkg-config'
PNG_CFLAGS=''
PNG_LIBS=''
PROFILE='-Wall -Wno-parentheses -pg -g -O3 -fno-inline-functions -DDEBUG'
RANLIB='/opt/emsdk/emscripten/master/emranlib'
SDL_CFLAGS='-D_GNU_SOURCE=1 -D_REENTRANT '
SDL_LIBS=''
SED='/bin/sed'
SET_MAKE=''
SHELL='/bin/bash'
STRIP='strip'
THDEC_LIB_AGE='1'
THDEC_LIB_CURRENT='2'
THDEC_LIB_REVISION='5'
THENC_LIB_AGE='2'
THENC_LIB_CURRENT='3'
THENC_LIB_REVISION='0'
THEORADEC_LDFLAGS=' -Wl,--version-script=$(srcdir)/Version_script-dec'
THEORAENC_LDFLAGS=' -Wl,--version-script=$(srcdir)/Version_script-enc'
THEORA_DISABLE_ENCODE_FALSE='#'
THEORA_DISABLE_ENCODE_TRUE=''
THEORA_ENABLE_EXAMPLES_FALSE=''
THEORA_ENABLE_EXAMPLES_TRUE='#'
THEORA_LDFLAGS=' -Wl,--version-script=$(srcdir)/Version_script'
TH_LIB_AGE='4'
TH_LIB_CURRENT='4'
TH_LIB_REVISION='0'
TIFF_CFLAGS=''
TIFF_LIBS=''
VALGRIND_ENVIRONMENT=''
VERSION='1.2.0alpha1+svn'
VORBISENC_LIBS='-lvorbisenc'
VORBISFILE_LIBS='-lvorbisfile'
VORBIS_CFLAGS=''
VORBIS_LIBS='-L${exec_prefix}/lib -lvorbis -lm'
ac_ct_AR=''
ac_ct_CC='/opt/emsdk/emscripten/master/emcc'
ac_ct_DUMPBIN=''
am__EXEEXT_FALSE=''
am__EXEEXT_TRUE='#'
am__fastdepCCAS_FALSE='#'
am__fastdepCCAS_TRUE=''
am__fastdepCC_FALSE='#'
am__fastdepCC_TRUE=''
am__include='include'
am__isrc=' -I$(srcdir)'
am__leading_dot='.'
am__nodep='_no'
am__quote=''
am__tar='$${TAR-tar} chof - "$$tardir"'
am__untar='$${TAR-tar} xf -'
bindir='${exec_prefix}/bin'
build='x86_64-unknown-linux-gnu'
build_alias=''
build_cpu='x86_64'
build_os='linux-gnu'
build_vendor='unknown'
datadir='${datarootdir}'
datarootdir='${prefix}/share'
docdir='${datarootdir}/doc/${PACKAGE_TARNAME}'
dvidir='${docdir}'
exec_prefix='${prefix}'
host='x86_64-unknown-linux-gnu'
host_alias=''
host_cpu='x86_64'
host_os='linux-gnu'
host_vendor='unknown'
htmldir='${docdir}'
includedir='${prefix}/include'
infodir='${datarootdir}/info'
install_sh='${SHELL} /home/chris/Respostories/chrislearn/ogv.js/libtheora/install-sh'
libdir='${exec_prefix}/lib'
libexecdir='${exec_prefix}/libexec'
localedir='${datarootdir}/locale'
localstatedir='${prefix}/var'
mandir='${datarootdir}/man'
mkdir_p='$(MKDIR_P)'
oldincludedir='/usr/include'
pdfdir='${docdir}'
prefix='/home/chris/Respostories/chrislearn/ogv.js/build/js/root'
program_transform_name='s,x,x,'
psdir='${docdir}'
sbindir='${exec_prefix}/sbin'
sharedstatedir='${prefix}/com'
sysconfdir='${prefix}/etc'
target_alias=''

## ----------- ##
## confdefs.h. ##
## ----------- ##

/* confdefs.h */
#define PACKAGE_NAME "libtheora"
#define PACKAGE_TARNAME "libtheora"
#define PACKAGE_VERSION "1.2.0alpha1+svn"
#define PACKAGE_STRING "libtheora 1.2.0alpha1+svn"
#define PACKAGE_BUGREPORT "theora-dev@xiph.org"
#define PACKAGE_URL ""
#define PACKAGE "libtheora"
#define VERSION "1.2.0alpha1+svn"
#define STDC_HEADERS 1
#define HAVE_SYS_TYPES_H 1
#define HAVE_SYS_STAT_H 1
#define HAVE_STDLIB_H 1
#define HAVE_STRING_H 1
#define HAVE_MEMORY_H 1
#define HAVE_STRINGS_H 1
#define HAVE_INTTYPES_H 1
#define HAVE_STDINT_H 1
#define HAVE_UNISTD_H 1
#define HAVE_DLFCN_H 1
#define LT_OBJDIR ".libs/"
#define THEORA_DISABLE_ENCODE /**/

configure: exit 0
