This file contains any messages produced by compilers while
running configure, to aid debugging if configure makes a mistake.

It was created by libogg configure 1.3.1, which was
generated by GNU Autoconf 2.69.  Invocation command line was

  $ ../../../libogg/configure --prefix=/home/chris/Respostories/chrislearn/ogv.js/build/js/root

## --------- ##
## Platform. ##
## --------- ##

hostname = chris-ubuntu
uname -m = x86_64
uname -r = 3.19.0-28-generic
uname -s = Linux
uname -v = #30-Ubuntu SMP Mon Aug 31 15:52:51 UTC 2015

/usr/bin/uname -p = unknown
/bin/uname -X     = unknown

/bin/arch              = unknown
/usr/bin/arch -k       = unknown
/usr/convex/getsysinfo = unknown
/usr/bin/hostinfo      = unknown
/bin/machine           = unknown
/usr/bin/oslevel       = unknown
/bin/universe          = unknown

PATH: /opt/emsdk/emscripten/master/system/bin
PATH: /opt/emsdk
PATH: /opt/emsdk/clang/fastcomp/build_master_64/bin
PATH: /opt/emsdk/emscripten/master
PATH: /home/chris/.rbenv/shims
PATH: /home/chris/.rbenv/bin
PATH: /home/chris/.gvm/pkgsets/go1.4.2/global/bin
PATH: /home/chris/.gvm/gos/go1.4.2/bin
PATH: /home/chris/.gvm/pkgsets/go1.4.2/global/overlay/bin
PATH: /home/chris/.gvm/bin
PATH: /home/chris/.gvm/bin
PATH: /home/chris/.nvm/versions/io.js/v3.0.0/bin
PATH: /usr/local/sbin
PATH: /usr/local/bin
PATH: /usr/sbin
PATH: /usr/bin
PATH: /sbin
PATH: /bin
PATH: /usr/games
PATH: /usr/local/games
PATH: /home/chris/Projects/go/bin


## ----------- ##
## Core tests. ##
## ----------- ##

configure:2458: checking for a BSD-compatible install
configure:2526: result: /usr/bin/install -c
configure:2537: checking whether build environment is sane
configure:2592: result: yes
configure:2743: checking for a thread-safe mkdir -p
configure:2782: result: /bin/mkdir -p
configure:2789: checking for gawk
configure:2819: result: no
configure:2789: checking for mawk
configure:2805: found /usr/bin/mawk
configure:2816: result: mawk
configure:2827: checking whether make sets $(MAKE)
configure:2849: result: yes
configure:2878: checking whether make supports nested variables
configure:2895: result: yes
configure:3022: checking whether to enable maintainer-specific portions of Makefiles
configure:3031: result: yes
configure:3101: checking for gcc
configure:3128: result: /opt/emsdk/emscripten/master/emcc
configure:3357: checking for C compiler version
configure:3366: /opt/emsdk/emscripten/master/emcc --version >&5
emcc (Emscripten gcc/clang-like replacement) 1.33.0 (commit 2643bd9513638ea32f8023c153f50d2564745a5f)
Copyright (C) 2014 the Emscripten authors (see AUTHORS.txt)
This is free and open source software under the MIT license.
There is NO warranty; not even for MERCHANTABILITY or FITNESS FOR A PARTICULAR PURPOSE.
  
configure:3377: $? = 0
configure:3366: /opt/emsdk/emscripten/master/emcc -v >&5
emcc (Emscripten gcc/clang-like replacement + linker emulating GNU ld) 1.33.0
(autoconf likes to see GNU above to enable shared object support)
  
clang version 3.7.0 (https://github.com/kripken/emscripten-fastcomp-clang/ 2a66b5ffba63f1e36458d41fafc2874a1abf63fe) (https://github.com/kripken/emscripten-fastcomp/ e2939f6878307899c17d1a23f51ba3fe5afbe6af)
Target: x86_64-unknown-linux-gnu
Thread model: posix
Found candidate GCC installation: /usr/lib/gcc/x86_64-linux-gnu/4.9
Found candidate GCC installation: /usr/lib/gcc/x86_64-linux-gnu/4.9.2
Found candidate GCC installation: /usr/lib/gcc/x86_64-linux-gnu/5.0.1
Selected GCC installation: /usr/lib/gcc/x86_64-linux-gnu/4.9
Candidate multilib: .;@m64
Selected multilib: .;@m64
INFO     root: [32m(Emscripten: Running sanity checks)[0m
... rest of stderr output deleted ...
configure:3377: $? = 0
configure:3366: /opt/emsdk/emscripten/master/emcc -V >&5
ERROR    root: [31mno input files
note that input files without a known suffix are ignored, make sure your input files end with one of: ('.c', '.C', '.i', '.cpp', '.cxx', '.cc', '.c++', '.CPP', '.CXX', '.CC', '.C++', '.ii', '.m', '.mi', '.mm', '.mii', '.bc', '.o', '.obj', '.dylib', '.so', '.a', '.ll', '.h', '.hxx', '.hpp', '.hh', '.H', '.HXX', '.HPP', '.HH')[0m
configure:3377: $? = 0
configure:3366: /opt/emsdk/emscripten/master/emcc -qversion >&5
ERROR    root: [31mno input files
note that input files without a known suffix are ignored, make sure your input files end with one of: ('.c', '.C', '.i', '.cpp', '.cxx', '.cc', '.c++', '.CPP', '.CXX', '.CC', '.C++', '.ii', '.m', '.mi', '.mm', '.mii', '.bc', '.o', '.obj', '.dylib', '.so', '.a', '.ll', '.h', '.hxx', '.hpp', '.hh', '.H', '.HXX', '.HPP', '.HH')[0m
configure:3377: $? = 0
configure:3397: checking whether the C compiler works
configure:3419: /opt/emsdk/emscripten/master/emcc    conftest.c  >&5
configure:3423: $? = 0
configure:3471: result: yes
configure:3474: checking for C compiler default output file name
configure:3476: result: a.out
configure:3482: checking for suffix of executables
configure:3489: /opt/emsdk/emscripten/master/emcc -o conftest    conftest.c  >&5
configure:3493: $? = 0
configure:3515: result: 
configure:3537: checking whether we are cross compiling
configure:3545: /opt/emsdk/emscripten/master/emcc -o conftest    conftest.c  >&5
configure:3549: $? = 0
configure:3556: ./conftest
configure:3560: $? = 0
configure:3575: result: no
configure:3580: checking for suffix of object files
configure:3602: /opt/emsdk/emscripten/master/emcc -c   conftest.c >&5
configure:3606: $? = 0
configure:3627: result: o
configure:3631: checking whether we are using the GNU C compiler
configure:3650: /opt/emsdk/emscripten/master/emcc -c   conftest.c >&5
configure:3650: $? = 0
configure:3659: result: yes
configure:3668: checking whether /opt/emsdk/emscripten/master/emcc accepts -g
configure:3688: /opt/emsdk/emscripten/master/emcc -c -g  conftest.c >&5
configure:3688: $? = 0
configure:3729: result: yes
configure:3746: checking for /opt/emsdk/emscripten/master/emcc option to accept ISO C89
configure:3809: /opt/emsdk/emscripten/master/emcc  -c   conftest.c >&5
configure:3809: $? = 0
configure:3822: result: none needed
configure:3847: checking whether /opt/emsdk/emscripten/master/emcc understands -c and -o together
configure:3869: /opt/emsdk/emscripten/master/emcc -c conftest.c -o conftest2.o
configure:3872: $? = 0
configure:3869: /opt/emsdk/emscripten/master/emcc -c conftest.c -o conftest2.o
configure:3872: $? = 0
configure:3884: result: yes
configure:3912: checking for style of include used by make
configure:3940: result: GNU
configure:3966: checking dependency style of /opt/emsdk/emscripten/master/emcc
configure:4077: result: gcc3
configure:4121: checking build system type
configure:4135: result: x86_64-unknown-linux-gnu
configure:4155: checking host system type
configure:4168: result: x86_64-unknown-linux-gnu
configure:4209: checking how to print strings
configure:4236: result: printf
configure:4257: checking for a sed that does not truncate output
configure:4321: result: /bin/sed
configure:4339: checking for grep that handles long lines and -e
configure:4397: result: /bin/grep
configure:4402: checking for egrep
configure:4464: result: /bin/grep -E
configure:4469: checking for fgrep
configure:4531: result: /bin/grep -F
configure:4566: checking for ld used by /opt/emsdk/emscripten/master/emcc
ERROR    root: [31mno input files
note that input files without a known suffix are ignored, make sure your input files end with one of: ('.c', '.C', '.i', '.cpp', '.cxx', '.cc', '.c++', '.CPP', '.CXX', '.CC', '.C++', '.ii', '.m', '.mi', '.mm', '.mii', '.bc', '.o', '.obj', '.dylib', '.so', '.a', '.ll', '.h', '.hxx', '.hpp', '.hh', '.H', '.HXX', '.HPP', '.HH')[0m
configure:4633: result: /opt/emsdk/emscripten/master/emcc
configure:4640: checking if the linker (/opt/emsdk/emscripten/master/emcc) is GNU ld
configure:4655: result: yes
configure:4667: checking for BSD- or MS-compatible name lister (nm)
configure:4716: result: /usr/bin/nm -B
configure:4846: checking the name lister (/usr/bin/nm -B) interface
configure:4853: /opt/emsdk/emscripten/master/emcc -c   conftest.c >&5
configure:4856: /usr/bin/nm -B "conftest.o"
/usr/bin/nm: conftest.o: File format not recognized
configure:4859: output
configure:4866: result: BSD nm
configure:4869: checking whether ln -s works
configure:4873: result: yes
configure:4881: checking the maximum length of command line arguments
configure:5012: result: 1572864
configure:5029: checking whether the shell understands some XSI constructs
configure:5039: result: yes
configure:5043: checking whether the shell understands "+="
configure:5049: result: yes
configure:5084: checking how to convert x86_64-unknown-linux-gnu file names to x86_64-unknown-linux-gnu format
configure:5124: result: func_convert_file_noop
configure:5131: checking how to convert x86_64-unknown-linux-gnu file names to toolchain format
configure:5151: result: func_convert_file_noop
configure:5158: checking for /opt/emsdk/emscripten/master/emcc option to reload object files
configure:5165: result: -r
configure:5239: checking for objdump
configure:5255: found /usr/bin/objdump
configure:5266: result: objdump
configure:5298: checking how to recognize dependent libraries
configure:5496: result: pass_all
configure:5581: checking for dlltool
configure:5611: result: no
configure:5641: checking how to associate runtime and link libraries
configure:5668: result: printf %s\n
configure:5793: checking for archiver @FILE support
configure:5810: /opt/emsdk/emscripten/master/emcc -c   conftest.c >&5
configure:5810: $? = 0
configure:5813: /opt/emsdk/emscripten/master/emar cru libconftest.a @conftest.lst >&5
configure:5816: $? = 0
configure:5821: /opt/emsdk/emscripten/master/emar cru libconftest.a @conftest.lst >&5
/opt/emsdk/clang/fastcomp/build_master_64/bin/llvm-ar: conftest.o: No such file or directory.
configure:5824: $? = 0
configure:5836: result: no
configure:5894: checking for strip
configure:5910: found /usr/bin/strip
configure:5921: result: strip
configure:5993: checking for ranlib
configure:6020: result: /opt/emsdk/emscripten/master/emranlib
configure:6122: checking command to parse /usr/bin/nm -B output from /opt/emsdk/emscripten/master/emcc object
configure:6242: /opt/emsdk/emscripten/master/emcc -c   conftest.c >&5
configure:6245: $? = 0
configure:6249: /usr/bin/nm -B conftest.o \| sed -n -e 's/^.*[ ]\([ABCDGIRSTW][ABCDGIRSTW]*\)[ ][ ]*\([_A-Za-z][_A-Za-z0-9]*\)$/\1 \2 \2/p' | sed '/ __gnu_lto/d' \> conftest.nm
/usr/bin/nm: conftest.o: File format not recognized
configure:6252: $? = 0
cannot run sed -n -e 's/^.*[	 ]\([ABCDGIRSTW][ABCDGIRSTW]*\)[	 ][	 ]*\([_A-Za-z][_A-Za-z0-9]*\)$/\1 \2 \2/p' | sed '/ __gnu_lto/d'
configure:6242: /opt/emsdk/emscripten/master/emcc -c   conftest.c >&5
configure:6245: $? = 0
configure:6249: /usr/bin/nm -B conftest.o \| sed -n -e 's/^.*[ ]\([ABCDGIRSTW][ABCDGIRSTW]*\)[ ][ ]*_\([_A-Za-z][_A-Za-z0-9]*\)$/\1 _\2 \2/p' | sed '/ __gnu_lto/d' \> conftest.nm
/usr/bin/nm: conftest.o: File format not recognized
configure:6252: $? = 0
cannot run sed -n -e 's/^.*[	 ]\([ABCDGIRSTW][ABCDGIRSTW]*\)[	 ][	 ]*_\([_A-Za-z][_A-Za-z0-9]*\)$/\1 _\2 \2/p' | sed '/ __gnu_lto/d'
configure:6356: result: failed
configure:6396: checking for sysroot
configure:6426: result: no
configure:6503: /opt/emsdk/emscripten/master/emcc -c   conftest.c >&5
configure:6506: $? = 0
configure:6695: checking for mt
configure:6711: found /bin/mt
configure:6722: result: mt
configure:6745: checking if mt is a manifest tool
configure:6751: mt '-?'
configure:6759: result: no
configure:7401: checking how to run the C preprocessor
configure:7432: /opt/emsdk/emscripten/master/emcc -E  conftest.c
configure:7432: $? = 0
configure:7446: /opt/emsdk/emscripten/master/emcc -E  conftest.c
conftest.c:11:10: fatal error: 'ac_nonexistent.h' file not found
#include <ac_nonexistent.h>
         ^
1 error generated.
configure:7446: $? = 1
configure: failed program was:
| /* confdefs.h */
| #define PACKAGE_NAME "libogg"
| #define PACKAGE_TARNAME "libogg"
| #define PACKAGE_VERSION "1.3.1"
| #define PACKAGE_STRING "libogg 1.3.1"
| #define PACKAGE_BUGREPORT "ogg-dev@xiph.org"
| #define PACKAGE_URL ""
| #define PACKAGE "libogg"
| #define VERSION "1.3.1"
| /* end confdefs.h.  */
| #include <ac_nonexistent.h>
configure:7471: result: /opt/emsdk/emscripten/master/emcc -E
configure:7491: /opt/emsdk/emscripten/master/emcc -E  conftest.c
configure:7491: $? = 0
configure:7505: /opt/emsdk/emscripten/master/emcc -E  conftest.c
conftest.c:11:10: fatal error: 'ac_nonexistent.h' file not found
#include <ac_nonexistent.h>
         ^
1 error generated.
configure:7505: $? = 1
configure: failed program was:
| /* confdefs.h */
| #define PACKAGE_NAME "libogg"
| #define PACKAGE_TARNAME "libogg"
| #define PACKAGE_VERSION "1.3.1"
| #define PACKAGE_STRING "libogg 1.3.1"
| #define PACKAGE_BUGREPORT "ogg-dev@xiph.org"
| #define PACKAGE_URL ""
| #define PACKAGE "libogg"
| #define VERSION "1.3.1"
| /* end confdefs.h.  */
| #include <ac_nonexistent.h>
configure:7534: checking for ANSI C header files
configure:7554: /opt/emsdk/emscripten/master/emcc -c   conftest.c >&5
configure:7554: $? = 0
configure:7627: /opt/emsdk/emscripten/master/emcc -o conftest    conftest.c  >&5
configure:7627: $? = 0
configure:7627: ./conftest
configure:7627: $? = 0
configure:7638: result: yes
configure:7651: checking for sys/types.h
configure:7651: /opt/emsdk/emscripten/master/emcc -c   conftest.c >&5
configure:7651: $? = 0
configure:7651: result: yes
configure:7651: checking for sys/stat.h
configure:7651: /opt/emsdk/emscripten/master/emcc -c   conftest.c >&5
configure:7651: $? = 0
configure:7651: result: yes
configure:7651: checking for stdlib.h
configure:7651: /opt/emsdk/emscripten/master/emcc -c   conftest.c >&5
configure:7651: $? = 0
configure:7651: result: yes
configure:7651: checking for string.h
configure:7651: /opt/emsdk/emscripten/master/emcc -c   conftest.c >&5
configure:7651: $? = 0
configure:7651: result: yes
configure:7651: checking for memory.h
configure:7651: /opt/emsdk/emscripten/master/emcc -c   conftest.c >&5
configure:7651: $? = 0
configure:7651: result: yes
configure:7651: checking for strings.h
configure:7651: /opt/emsdk/emscripten/master/emcc -c   conftest.c >&5
configure:7651: $? = 0
configure:7651: result: yes
configure:7651: checking for inttypes.h
configure:7651: /opt/emsdk/emscripten/master/emcc -c   conftest.c >&5
configure:7651: $? = 0
configure:7651: result: yes
configure:7651: checking for stdint.h
configure:7651: /opt/emsdk/emscripten/master/emcc -c   conftest.c >&5
configure:7651: $? = 0
configure:7651: result: yes
configure:7651: checking for unistd.h
configure:7651: /opt/emsdk/emscripten/master/emcc -c   conftest.c >&5
configure:7651: $? = 0
configure:7651: result: yes
configure:7665: checking for dlfcn.h
configure:7665: /opt/emsdk/emscripten/master/emcc -c   conftest.c >&5
configure:7665: $? = 0
configure:7665: result: yes
configure:7871: checking for objdir
configure:7886: result: .libs
configure:8153: checking if /opt/emsdk/emscripten/master/emcc supports -fno-rtti -fno-exceptions
configure:8171: /opt/emsdk/emscripten/master/emcc -c   -fno-rtti -fno-exceptions conftest.c >&5
configure:8175: $? = 0
configure:8188: result: yes
configure:8515: checking for /opt/emsdk/emscripten/master/emcc option to produce PIC
configure:8522: result: -fPIC -DPIC
configure:8530: checking if /opt/emsdk/emscripten/master/emcc PIC flag -fPIC -DPIC works
configure:8548: /opt/emsdk/emscripten/master/emcc -c   -fPIC -DPIC -DPIC conftest.c >&5
configure:8552: $? = 0
configure:8565: result: yes
configure:8594: checking if /opt/emsdk/emscripten/master/emcc static flag -static works
configure:8622: result: yes
configure:8637: checking if /opt/emsdk/emscripten/master/emcc supports -c -o file.o
configure:8658: /opt/emsdk/emscripten/master/emcc -c   -o out/conftest2.o conftest.c >&5
configure:8662: $? = 0
configure:8684: result: yes
configure:8692: checking if /opt/emsdk/emscripten/master/emcc supports -c -o file.o
configure:8739: result: yes
configure:8772: checking whether the /opt/emsdk/emscripten/master/emcc linker (/opt/emsdk/emscripten/master/emcc) supports shared libraries
configure:9929: result: yes
configure:9966: checking whether -lc should be explicitly linked in
configure:9974: /opt/emsdk/emscripten/master/emcc -c   conftest.c >&5
configure:9977: $? = 0
configure:9992: /opt/emsdk/emscripten/master/emcc -shared  -fPIC -DPIC conftest.o  -v -Wl,-soname -Wl,conftest -o conftest 2\>\&1 \| /bin/grep  -lc  \>/dev/null 2\>\&1
configure:9995: $? = 1
configure:10009: result: yes
configure:10169: checking dynamic linker characteristics
configure:10669: /opt/emsdk/emscripten/master/emcc -o conftest    -Wl,-rpath -Wl,/foo conftest.c  >&5
configure:10669: $? = 0
configure:10903: result: GNU/Linux ld.so
configure:11010: checking how to hardcode library paths into programs
configure:11035: result: immediate
configure:11575: checking whether stripping libraries is possible
configure:11580: result: yes
configure:11615: checking if libtool supports shared libraries
configure:11617: result: yes
configure:11620: checking whether to build shared libraries
configure:11641: result: yes
configure:11644: checking whether to build static libraries
configure:11648: result: yes
configure:11737: checking for ANSI C header files
configure:11841: result: yes
configure:11852: checking for inttypes.h
configure:11852: result: yes
configure:11858: checking for stdint.h
configure:11858: result: yes
configure:11864: checking for sys/types.h
configure:11864: result: yes
configure:11871: checking for an ANSI C-conforming const
configure:11937: /opt/emsdk/emscripten/master/emcc -c -O2 -Wall -ffast-math -fsigned-char   conftest.c >&5
configure:11937: $? = 0
configure:11944: result: yes
configure:11958: checking size of int16_t
configure:11963: /opt/emsdk/emscripten/master/emcc -o conftest -O2 -Wall -ffast-math -fsigned-char    conftest.c  >&5
configure:11963: $? = 0
configure:11963: ./conftest
configure:11963: $? = 0
configure:11977: result: 2
configure:11991: checking size of uint16_t
configure:11996: /opt/emsdk/emscripten/master/emcc -o conftest -O2 -Wall -ffast-math -fsigned-char    conftest.c  >&5
configure:11996: $? = 0
configure:11996: ./conftest
configure:11996: $? = 0
configure:12010: result: 2
configure:12024: checking size of u_int16_t
configure:12029: /opt/emsdk/emscripten/master/emcc -o conftest -O2 -Wall -ffast-math -fsigned-char    conftest.c  >&5
configure:12029: $? = 0
configure:12029: ./conftest
configure:12029: $? = 0
configure:12043: result: 2
configure:12057: checking size of int32_t
configure:12062: /opt/emsdk/emscripten/master/emcc -o conftest -O2 -Wall -ffast-math -fsigned-char    conftest.c  >&5
configure:12062: $? = 0
configure:12062: ./conftest
configure:12062: $? = 0
configure:12076: result: 4
configure:12090: checking size of uint32_t
configure:12095: /opt/emsdk/emscripten/master/emcc -o conftest -O2 -Wall -ffast-math -fsigned-char    conftest.c  >&5
configure:12095: $? = 0
configure:12095: ./conftest
configure:12095: $? = 0
configure:12109: result: 4
configure:12123: checking size of u_int32_t
configure:12128: /opt/emsdk/emscripten/master/emcc -o conftest -O2 -Wall -ffast-math -fsigned-char    conftest.c  >&5
configure:12128: $? = 0
configure:12128: ./conftest
configure:12128: $? = 0
configure:12142: result: 4
configure:12156: checking size of int64_t
configure:12161: /opt/emsdk/emscripten/master/emcc -o conftest -O2 -Wall -ffast-math -fsigned-char    conftest.c  >&5
configure:12161: $? = 0
configure:12161: ./conftest
configure:12161: $? = 0
configure:12175: result: 8
configure:12189: checking size of short
configure:12194: /opt/emsdk/emscripten/master/emcc -o conftest -O2 -Wall -ffast-math -fsigned-char    conftest.c  >&5
configure:12194: $? = 0
configure:12194: ./conftest
configure:12194: $? = 0
configure:12208: result: 2
configure:12222: checking size of int
configure:12227: /opt/emsdk/emscripten/master/emcc -o conftest -O2 -Wall -ffast-math -fsigned-char    conftest.c  >&5
configure:12227: $? = 0
configure:12227: ./conftest
configure:12227: $? = 0
configure:12241: result: 4
configure:12255: checking size of long
configure:12260: /opt/emsdk/emscripten/master/emcc -o conftest -O2 -Wall -ffast-math -fsigned-char    conftest.c  >&5
configure:12260: $? = 0
configure:12260: ./conftest
configure:12260: $? = 0
configure:12274: result: 8
configure:12288: checking size of long long
configure:12293: /opt/emsdk/emscripten/master/emcc -o conftest -O2 -Wall -ffast-math -fsigned-char    conftest.c  >&5
configure:12293: $? = 0
configure:12293: ./conftest
configure:12293: $? = 0
configure:12307: result: 8
configure:12370: checking for working memcmp
configure:12413: /opt/emsdk/emscripten/master/emcc -o conftest -O2 -Wall -ffast-math -fsigned-char    conftest.c  >&5
configure:12413: $? = 0
configure:12413: ./conftest
configure:12413: $? = 0
configure:12423: result: yes
configure:12564: checking that generated files are newer than configure
configure:12570: result: done
configure:12597: creating ./config.status

## ---------------------- ##
## Running config.status. ##
## ---------------------- ##

This file was extended by libogg config.status 1.3.1, which was
generated by GNU Autoconf 2.69.  Invocation command line was

  CONFIG_FILES    = 
  CONFIG_HEADERS  = 
  CONFIG_LINKS    = 
  CONFIG_COMMANDS = 
  $ ./config.status 

on chris-ubuntu

config.status:1116: creating Makefile
config.status:1116: creating src/Makefile
config.status:1116: creating doc/Makefile
config.status:1116: creating doc/libogg/Makefile
config.status:1116: creating include/Makefile
config.status:1116: creating include/ogg/Makefile
config.status:1116: creating include/ogg/config_types.h
config.status:1116: creating libogg.spec
config.status:1116: creating ogg.pc
config.status:1116: creating ogg-uninstalled.pc
config.status:1116: creating config.h
config.status:1330: executing depfiles commands
config.status:1330: executing libtool commands

## ---------------- ##
## Cache variables. ##
## ---------------- ##

ac_cv_build=x86_64-unknown-linux-gnu
ac_cv_c_compiler_gnu=yes
ac_cv_c_const=yes
ac_cv_env_CC_set=set
ac_cv_env_CC_value=/opt/emsdk/emscripten/master/emcc
ac_cv_env_CFLAGS_set=set
ac_cv_env_CFLAGS_value=
ac_cv_env_CPPFLAGS_set=
ac_cv_env_CPPFLAGS_value=
ac_cv_env_CPP_set=
ac_cv_env_CPP_value=
ac_cv_env_LDFLAGS_set=
ac_cv_env_LDFLAGS_value=
ac_cv_env_LIBS_set=
ac_cv_env_LIBS_value=
ac_cv_env_build_alias_set=
ac_cv_env_build_alias_value=
ac_cv_env_host_alias_set=
ac_cv_env_host_alias_value=
ac_cv_env_target_alias_set=
ac_cv_env_target_alias_value=
ac_cv_func_memcmp_working=yes
ac_cv_header_dlfcn_h=yes
ac_cv_header_inttypes_h=yes
ac_cv_header_memory_h=yes
ac_cv_header_stdc=yes
ac_cv_header_stdint_h=yes
ac_cv_header_stdlib_h=yes
ac_cv_header_string_h=yes
ac_cv_header_strings_h=yes
ac_cv_header_sys_stat_h=yes
ac_cv_header_sys_types_h=yes
ac_cv_header_unistd_h=yes
ac_cv_host=x86_64-unknown-linux-gnu
ac_cv_objext=o
ac_cv_path_EGREP='/bin/grep -E'
ac_cv_path_FGREP='/bin/grep -F'
ac_cv_path_GREP=/bin/grep
ac_cv_path_SED=/bin/sed
ac_cv_path_install='/usr/bin/install -c'
ac_cv_path_mkdir=/bin/mkdir
ac_cv_prog_AWK=mawk
ac_cv_prog_CPP='/opt/emsdk/emscripten/master/emcc -E'
ac_cv_prog_ac_ct_CC=/opt/emsdk/emscripten/master/emcc
ac_cv_prog_ac_ct_MANIFEST_TOOL=mt
ac_cv_prog_ac_ct_OBJDUMP=objdump
ac_cv_prog_ac_ct_RANLIB=/opt/emsdk/emscripten/master/emranlib
ac_cv_prog_ac_ct_STRIP=strip
ac_cv_prog_cc_c89=
ac_cv_prog_cc_g=yes
ac_cv_prog_make_make_set=yes
ac_cv_sizeof_int16_t=2
ac_cv_sizeof_int32_t=4
ac_cv_sizeof_int64_t=8
ac_cv_sizeof_int=4
ac_cv_sizeof_long=8
ac_cv_sizeof_long_long=8
ac_cv_sizeof_short=2
ac_cv_sizeof_u_int16_t=2
ac_cv_sizeof_u_int32_t=4
ac_cv_sizeof_uint16_t=2
ac_cv_sizeof_uint32_t=4
am_cv_CC_dependencies_compiler_type=gcc3
am_cv_make_support_nested_variables=yes
am_cv_prog_cc_c_o=yes
lt_cv_ar_at_file=no
lt_cv_archive_cmds_need_lc=yes
lt_cv_deplibs_check_method=pass_all
lt_cv_file_magic_cmd='$MAGIC_CMD'
lt_cv_file_magic_test_file=
lt_cv_ld_reload_flag=-r
lt_cv_nm_interface='BSD nm'
lt_cv_objdir=.libs
lt_cv_path_LD=/opt/emsdk/emscripten/master/emcc
lt_cv_path_NM='/usr/bin/nm -B'
lt_cv_path_mainfest_tool=no
lt_cv_prog_compiler_c_o=yes
lt_cv_prog_compiler_pic='-fPIC -DPIC'
lt_cv_prog_compiler_pic_works=yes
lt_cv_prog_compiler_rtti_exceptions=yes
lt_cv_prog_compiler_static_works=yes
lt_cv_prog_gnu_ld=yes
lt_cv_sharedlib_from_linklib_cmd='printf %s\n'
lt_cv_shlibpath_overrides_runpath=no
lt_cv_sys_global_symbol_pipe=
lt_cv_sys_global_symbol_to_c_name_address='sed -n -e '\''s/^: \([^ ]*\)[ ]*$/  {\"\1\", (void *) 0},/p'\'' -e '\''s/^[ABCDGIRSTW]* \([^ ]*\) \([^ ]*\)$/  {"\2", (void *) \&\2},/p'\'''
lt_cv_sys_global_symbol_to_c_name_address_lib_prefix='sed -n -e '\''s/^: \([^ ]*\)[ ]*$/  {\"\1\", (void *) 0},/p'\'' -e '\''s/^[ABCDGIRSTW]* \([^ ]*\) \(lib[^ ]*\)$/  {"\2", (void *) \&\2},/p'\'' -e '\''s/^[ABCDGIRSTW]* \([^ ]*\) \([^ ]*\)$/  {"lib\2", (void *) \&\2},/p'\'''
lt_cv_sys_global_symbol_to_cdecl=
lt_cv_sys_max_cmd_len=1572864
lt_cv_to_host_file_cmd=func_convert_file_noop
lt_cv_to_tool_file_cmd=func_convert_file_noop

## ----------------- ##
## Output variables. ##
## ----------------- ##

ACLOCAL='${SHELL} /home/chris/Respostories/chrislearn/ogv.js/libogg/missing aclocal-1.14'
AMDEPBACKSLASH='\'
AMDEP_FALSE='#'
AMDEP_TRUE=''
AMTAR='$${TAR-tar}'
AM_BACKSLASH='\'
AM_DEFAULT_V='$(AM_DEFAULT_VERBOSITY)'
AM_DEFAULT_VERBOSITY='1'
AM_V='$(V)'
AR='/opt/emsdk/emscripten/master/emar'
AUTOCONF='${SHELL} /home/chris/Respostories/chrislearn/ogv.js/libogg/missing autoconf'
AUTOHEADER='${SHELL} /home/chris/Respostories/chrislearn/ogv.js/libogg/missing autoheader'
AUTOMAKE='${SHELL} /home/chris/Respostories/chrislearn/ogv.js/libogg/missing automake-1.14'
AWK='mawk'
CC='/opt/emsdk/emscripten/master/emcc'
CCDEPMODE='depmode=gcc3'
CFLAGS='-O2 -Wall -ffast-math -fsigned-char '
CPP='/opt/emsdk/emscripten/master/emcc -E'
CPPFLAGS=''
CYGPATH_W='echo'
DEBUG='-g -Wall -fsigned-char '
DEFS='-DHAVE_CONFIG_H'
DEPDIR='.deps'
DLLTOOL='false'
DSYMUTIL=''
DUMPBIN=''
ECHO_C=''
ECHO_N='-n'
ECHO_T=''
EGREP='/bin/grep -E'
EXEEXT=''
FGREP='/bin/grep -F'
GREP='/bin/grep'
INCLUDE_INTTYPES_H='1'
INCLUDE_STDINT_H='1'
INCLUDE_SYS_TYPES_H='1'
INSTALL_DATA='${INSTALL} -m 644'
INSTALL_PROGRAM='${INSTALL}'
INSTALL_SCRIPT='${INSTALL}'
INSTALL_STRIP_PROGRAM='$(install_sh) -c -s'
LD='/opt/emsdk/emscripten/master/emcc'
LDFLAGS=''
LIBOBJS=''
LIBS=''
LIBTOOL='$(SHELL) $(top_builddir)/libtool'
LIBTOOL_DEPS='../../../libogg/ltmain.sh'
LIB_AGE='8'
LIB_CURRENT='8'
LIB_REVISION='1'
LIPO=''
LN_S='ln -s'
LTLIBOBJS=''
MAINT=''
MAINTAINER_MODE_FALSE='#'
MAINTAINER_MODE_TRUE=''
MAKEINFO='${SHELL} /home/chris/Respostories/chrislearn/ogv.js/libogg/missing makeinfo'
MANIFEST_TOOL=':'
MKDIR_P='/bin/mkdir -p'
NM='/usr/bin/nm -B'
NMEDIT=''
OBJDUMP='objdump'
OBJEXT='o'
OPT=''
OTOOL64=''
OTOOL=''
PACKAGE='libogg'
PACKAGE_BUGREPORT='ogg-dev@xiph.org'
PACKAGE_NAME='libogg'
PACKAGE_STRING='libogg 1.3.1'
PACKAGE_TARNAME='libogg'
PACKAGE_URL=''
PACKAGE_VERSION='1.3.1'
PATH_SEPARATOR=':'
PROFILE='-Wall -W -pg -g -O2 -ffast-math -fsigned-char '
RANLIB='/opt/emsdk/emscripten/master/emranlib'
SED='/bin/sed'
SET_MAKE=''
SHELL='/bin/bash'
SIZE16='int16_t'
SIZE32='int32_t'
SIZE64='int64_t'
STRIP='strip'
USIZE16='uint16_t'
USIZE32='uint32_t'
VERSION='1.3.1'
ac_ct_AR=''
ac_ct_CC='/opt/emsdk/emscripten/master/emcc'
ac_ct_DUMPBIN=''
am__EXEEXT_FALSE=''
am__EXEEXT_TRUE='#'
am__fastdepCC_FALSE='#'
am__fastdepCC_TRUE=''
am__include='include'
am__isrc=' -I$(srcdir)'
am__leading_dot='.'
am__nodep='_no'
am__quote=''
am__tar='$${TAR-tar} chof - "$$tardir"'
am__untar='$${TAR-tar} xf -'
bindir='${exec_prefix}/bin'
build='x86_64-unknown-linux-gnu'
build_alias=''
build_cpu='x86_64'
build_os='linux-gnu'
build_vendor='unknown'
datadir='${datarootdir}'
datarootdir='${prefix}/share'
docdir='${datarootdir}/doc/${PACKAGE_TARNAME}'
dvidir='${docdir}'
exec_prefix='${prefix}'
host='x86_64-unknown-linux-gnu'
host_alias=''
host_cpu='x86_64'
host_os='linux-gnu'
host_vendor='unknown'
htmldir='${docdir}'
includedir='${prefix}/include'
infodir='${datarootdir}/info'
install_sh='${SHELL} /home/chris/Respostories/chrislearn/ogv.js/libogg/install-sh'
libdir='${exec_prefix}/lib'
libexecdir='${exec_prefix}/libexec'
localedir='${datarootdir}/locale'
localstatedir='${prefix}/var'
mandir='${datarootdir}/man'
mkdir_p='$(MKDIR_P)'
oldincludedir='/usr/include'
pdfdir='${docdir}'
prefix='/home/chris/Respostories/chrislearn/ogv.js/build/js/root'
program_transform_name='s,x,x,'
psdir='${docdir}'
sbindir='${exec_prefix}/sbin'
sharedstatedir='${prefix}/com'
sysconfdir='${prefix}/etc'
target_alias=''

## ----------- ##
## confdefs.h. ##
## ----------- ##

/* confdefs.h */
#define PACKAGE_NAME "libogg"
#define PACKAGE_TARNAME "libogg"
#define PACKAGE_VERSION "1.3.1"
#define PACKAGE_STRING "libogg 1.3.1"
#define PACKAGE_BUGREPORT "ogg-dev@xiph.org"
#define PACKAGE_URL ""
#define PACKAGE "libogg"
#define VERSION "1.3.1"
#define STDC_HEADERS 1
#define HAVE_SYS_TYPES_H 1
#define HAVE_SYS_STAT_H 1
#define HAVE_STDLIB_H 1
#define HAVE_STRING_H 1
#define HAVE_MEMORY_H 1
#define HAVE_STRINGS_H 1
#define HAVE_INTTYPES_H 1
#define HAVE_STDINT_H 1
#define HAVE_UNISTD_H 1
#define HAVE_DLFCN_H 1
#define LT_OBJDIR ".libs/"
#define STDC_HEADERS 1
#define SIZEOF_INT16_T 2
#define SIZEOF_UINT16_T 2
#define SIZEOF_U_INT16_T 2
#define SIZEOF_INT32_T 4
#define SIZEOF_UINT32_T 4
#define SIZEOF_U_INT32_T 4
#define SIZEOF_INT64_T 8
#define SIZEOF_SHORT 2
#define SIZEOF_INT 4
#define SIZEOF_LONG 8
#define SIZEOF_LONG_LONG 8

configure: exit 0
