This file contains any messages produced by compilers while
running configure, to aid debugging if configure makes a mistake.

It was created by libnestegg configure 0.1git, which was
generated by GNU Autoconf 2.69.  Invocation command line was

  $ ../../../libnestegg/configure --prefix=/home/chris/Respostories/chrislearn/ogv.js/build/js/root

## --------- ##
## Platform. ##
## --------- ##

hostname = chris-ubuntu
uname -m = x86_64
uname -r = 3.19.0-28-generic
uname -s = Linux
uname -v = #30-Ubuntu SMP Mon Aug 31 15:52:51 UTC 2015

/usr/bin/uname -p = unknown
/bin/uname -X     = unknown

/bin/arch              = unknown
/usr/bin/arch -k       = unknown
/usr/convex/getsysinfo = unknown
/usr/bin/hostinfo      = unknown
/bin/machine           = unknown
/usr/bin/oslevel       = unknown
/bin/universe          = unknown

PATH: /opt/emsdk/emscripten/master/system/bin
PATH: /opt/emsdk
PATH: /opt/emsdk/clang/fastcomp/build_master_64/bin
PATH: /opt/emsdk/emscripten/master
PATH: /home/chris/.rbenv/shims
PATH: /home/chris/.rbenv/bin
PATH: /home/chris/.gvm/pkgsets/go1.4.2/global/bin
PATH: /home/chris/.gvm/gos/go1.4.2/bin
PATH: /home/chris/.gvm/pkgsets/go1.4.2/global/overlay/bin
PATH: /home/chris/.gvm/bin
PATH: /home/chris/.gvm/bin
PATH: /home/chris/.nvm/versions/io.js/v3.0.0/bin
PATH: /usr/local/sbin
PATH: /usr/local/bin
PATH: /usr/sbin
PATH: /usr/bin
PATH: /sbin
PATH: /bin
PATH: /usr/games
PATH: /usr/local/games
PATH: /home/chris/Projects/go/bin


## ----------- ##
## Core tests. ##
## ----------- ##

configure:2402: checking build system type
configure:2416: result: x86_64-unknown-linux-gnu
configure:2436: checking host system type
configure:2449: result: x86_64-unknown-linux-gnu
configure:2469: checking target system type
configure:2482: result: x86_64-unknown-linux-gnu
configure:2530: checking for a BSD-compatible install
configure:2598: result: /usr/bin/install -c
configure:2609: checking whether build environment is sane
configure:2664: result: yes
configure:2815: checking for a thread-safe mkdir -p
configure:2854: result: /bin/mkdir -p
configure:2861: checking for gawk
configure:2891: result: no
configure:2861: checking for mawk
configure:2877: found /usr/bin/mawk
configure:2888: result: mawk
configure:2899: checking whether make sets $(MAKE)
configure:2921: result: yes
configure:2950: checking whether make supports nested variables
configure:2967: result: yes
configure:3105: checking whether make supports nested variables
configure:3122: result: yes
configure:3193: checking for gcc
configure:3220: result: /opt/emsdk/emscripten/master/emcc
configure:3449: checking for C compiler version
configure:3458: /opt/emsdk/emscripten/master/emcc --version >&5
emcc (Emscripten gcc/clang-like replacement) 1.33.0 (commit 2643bd9513638ea32f8023c153f50d2564745a5f)
Copyright (C) 2014 the Emscripten authors (see AUTHORS.txt)
This is free and open source software under the MIT license.
There is NO warranty; not even for MERCHANTABILITY or FITNESS FOR A PARTICULAR PURPOSE.
  
configure:3469: $? = 0
configure:3458: /opt/emsdk/emscripten/master/emcc -v >&5
emcc (Emscripten gcc/clang-like replacement + linker emulating GNU ld) 1.33.0
(autoconf likes to see GNU above to enable shared object support)
  
clang version 3.7.0 (https://github.com/kripken/emscripten-fastcomp-clang/ 2a66b5ffba63f1e36458d41fafc2874a1abf63fe) (https://github.com/kripken/emscripten-fastcomp/ e2939f6878307899c17d1a23f51ba3fe5afbe6af)
Target: x86_64-unknown-linux-gnu
Thread model: posix
Found candidate GCC installation: /usr/lib/gcc/x86_64-linux-gnu/4.9
Found candidate GCC installation: /usr/lib/gcc/x86_64-linux-gnu/4.9.2
Found candidate GCC installation: /usr/lib/gcc/x86_64-linux-gnu/5.0.1
Selected GCC installation: /usr/lib/gcc/x86_64-linux-gnu/4.9
Candidate multilib: .;@m64
Selected multilib: .;@m64
INFO     root: [32m(Emscripten: Running sanity checks)[0m
... rest of stderr output deleted ...
configure:3469: $? = 0
configure:3458: /opt/emsdk/emscripten/master/emcc -V >&5
ERROR    root: [31mno input files
note that input files without a known suffix are ignored, make sure your input files end with one of: ('.c', '.C', '.i', '.cpp', '.cxx', '.cc', '.c++', '.CPP', '.CXX', '.CC', '.C++', '.ii', '.m', '.mi', '.mm', '.mii', '.bc', '.o', '.obj', '.dylib', '.so', '.a', '.ll', '.h', '.hxx', '.hpp', '.hh', '.H', '.HXX', '.HPP', '.HH')[0m
configure:3469: $? = 0
configure:3458: /opt/emsdk/emscripten/master/emcc -qversion >&5
ERROR    root: [31mno input files
note that input files without a known suffix are ignored, make sure your input files end with one of: ('.c', '.C', '.i', '.cpp', '.cxx', '.cc', '.c++', '.CPP', '.CXX', '.CC', '.C++', '.ii', '.m', '.mi', '.mm', '.mii', '.bc', '.o', '.obj', '.dylib', '.so', '.a', '.ll', '.h', '.hxx', '.hpp', '.hh', '.H', '.HXX', '.HPP', '.HH')[0m
configure:3469: $? = 0
configure:3489: checking whether the C compiler works
configure:3511: /opt/emsdk/emscripten/master/emcc    conftest.c  >&5
configure:3515: $? = 0
configure:3563: result: yes
configure:3566: checking for C compiler default output file name
configure:3568: result: a.out
configure:3574: checking for suffix of executables
configure:3581: /opt/emsdk/emscripten/master/emcc -o conftest    conftest.c  >&5
configure:3585: $? = 0
configure:3607: result: 
configure:3629: checking whether we are cross compiling
configure:3637: /opt/emsdk/emscripten/master/emcc -o conftest    conftest.c  >&5
configure:3641: $? = 0
configure:3648: ./conftest
configure:3652: $? = 0
configure:3667: result: no
configure:3672: checking for suffix of object files
configure:3694: /opt/emsdk/emscripten/master/emcc -c   conftest.c >&5
configure:3698: $? = 0
configure:3719: result: o
configure:3723: checking whether we are using the GNU C compiler
configure:3742: /opt/emsdk/emscripten/master/emcc -c   conftest.c >&5
configure:3742: $? = 0
configure:3751: result: yes
configure:3760: checking whether /opt/emsdk/emscripten/master/emcc accepts -g
configure:3780: /opt/emsdk/emscripten/master/emcc -c -g  conftest.c >&5
configure:3780: $? = 0
configure:3821: result: yes
configure:3838: checking for /opt/emsdk/emscripten/master/emcc option to accept ISO C89
configure:3901: /opt/emsdk/emscripten/master/emcc  -c   conftest.c >&5
configure:3901: $? = 0
configure:3914: result: none needed
configure:3939: checking whether /opt/emsdk/emscripten/master/emcc understands -c and -o together
configure:3961: /opt/emsdk/emscripten/master/emcc -c conftest.c -o conftest2.o
configure:3964: $? = 0
configure:3961: /opt/emsdk/emscripten/master/emcc -c conftest.c -o conftest2.o
configure:3964: $? = 0
configure:3976: result: yes
configure:4004: checking for style of include used by make
configure:4032: result: GNU
configure:4058: checking dependency style of /opt/emsdk/emscripten/master/emcc
configure:4169: result: gcc3
configure:4189: checking how to run the C preprocessor
configure:4220: /opt/emsdk/emscripten/master/emcc -E  conftest.c
configure:4220: $? = 0
configure:4234: /opt/emsdk/emscripten/master/emcc -E  conftest.c
conftest.c:11:10: fatal error: 'ac_nonexistent.h' file not found
#include <ac_nonexistent.h>
         ^
1 error generated.
configure:4234: $? = 1
configure: failed program was:
| /* confdefs.h */
| #define PACKAGE_NAME "libnestegg"
| #define PACKAGE_TARNAME "libnestegg"
| #define PACKAGE_VERSION "0.1git"
| #define PACKAGE_STRING "libnestegg 0.1git"
| #define PACKAGE_BUGREPORT ""
| #define PACKAGE_URL ""
| #define PACKAGE "libnestegg"
| #define VERSION "0.1git"
| /* end confdefs.h.  */
| #include <ac_nonexistent.h>
configure:4259: result: /opt/emsdk/emscripten/master/emcc -E
configure:4279: /opt/emsdk/emscripten/master/emcc -E  conftest.c
configure:4279: $? = 0
configure:4293: /opt/emsdk/emscripten/master/emcc -E  conftest.c
conftest.c:11:10: fatal error: 'ac_nonexistent.h' file not found
#include <ac_nonexistent.h>
         ^
1 error generated.
configure:4293: $? = 1
configure: failed program was:
| /* confdefs.h */
| #define PACKAGE_NAME "libnestegg"
| #define PACKAGE_TARNAME "libnestegg"
| #define PACKAGE_VERSION "0.1git"
| #define PACKAGE_STRING "libnestegg 0.1git"
| #define PACKAGE_BUGREPORT ""
| #define PACKAGE_URL ""
| #define PACKAGE "libnestegg"
| #define VERSION "0.1git"
| /* end confdefs.h.  */
| #include <ac_nonexistent.h>
configure:4673: checking how to print strings
configure:4700: result: printf
configure:4721: checking for a sed that does not truncate output
configure:4785: result: /bin/sed
configure:4803: checking for grep that handles long lines and -e
configure:4861: result: /bin/grep
configure:4866: checking for egrep
configure:4928: result: /bin/grep -E
configure:4933: checking for fgrep
configure:4995: result: /bin/grep -F
configure:5030: checking for ld used by /opt/emsdk/emscripten/master/emcc
ERROR    root: [31mno input files
note that input files without a known suffix are ignored, make sure your input files end with one of: ('.c', '.C', '.i', '.cpp', '.cxx', '.cc', '.c++', '.CPP', '.CXX', '.CC', '.C++', '.ii', '.m', '.mi', '.mm', '.mii', '.bc', '.o', '.obj', '.dylib', '.so', '.a', '.ll', '.h', '.hxx', '.hpp', '.hh', '.H', '.HXX', '.HPP', '.HH')[0m
configure:5097: result: /opt/emsdk/emscripten/master/emcc
configure:5104: checking if the linker (/opt/emsdk/emscripten/master/emcc) is GNU ld
configure:5119: result: yes
configure:5131: checking for BSD- or MS-compatible name lister (nm)
configure:5180: result: /usr/bin/nm
configure:5310: checking the name lister (/usr/bin/nm) interface
configure:5317: /opt/emsdk/emscripten/master/emcc -c   conftest.c >&5
configure:5320: /usr/bin/nm "conftest.o"
/usr/bin/nm: conftest.o: File format not recognized
configure:5323: output
configure:5330: result: BSD nm
configure:5333: checking whether ln -s works
configure:5337: result: yes
configure:5345: checking the maximum length of command line arguments
configure:5476: result: 1572864
configure:5493: checking whether the shell understands some XSI constructs
configure:5503: result: yes
configure:5507: checking whether the shell understands "+="
configure:5513: result: yes
configure:5548: checking how to convert x86_64-unknown-linux-gnu file names to x86_64-unknown-linux-gnu format
configure:5588: result: func_convert_file_noop
configure:5595: checking how to convert x86_64-unknown-linux-gnu file names to toolchain format
configure:5615: result: func_convert_file_noop
configure:5622: checking for /opt/emsdk/emscripten/master/emcc option to reload object files
configure:5629: result: -r
configure:5703: checking for objdump
configure:5730: result: objdump
configure:5759: checking how to recognize dependent libraries
configure:5957: result: pass_all
configure:6042: checking for dlltool
configure:6069: result: dlltool
configure:6099: checking how to associate runtime and link libraries
configure:6126: result: printf %s\n
configure:6251: checking for archiver @FILE support
configure:6268: /opt/emsdk/emscripten/master/emcc -c   conftest.c >&5
configure:6268: $? = 0
configure:6271: /opt/emsdk/emscripten/master/emar cru libconftest.a @conftest.lst >&5
configure:6274: $? = 0
configure:6279: /opt/emsdk/emscripten/master/emar cru libconftest.a @conftest.lst >&5
/opt/emsdk/clang/fastcomp/build_master_64/bin/llvm-ar: conftest.o: No such file or directory.
configure:6282: $? = 0
configure:6294: result: no
configure:6352: checking for strip
configure:6368: found /usr/bin/strip
configure:6379: result: strip
configure:6451: checking for ranlib
configure:6478: result: /opt/emsdk/emscripten/master/emranlib
configure:6580: checking command to parse /usr/bin/nm output from /opt/emsdk/emscripten/master/emcc object
configure:6700: /opt/emsdk/emscripten/master/emcc -c   conftest.c >&5
configure:6703: $? = 0
configure:6707: /usr/bin/nm conftest.o \| sed -n -e 's/^.*[ ]\([ABCDGIRSTW][ABCDGIRSTW]*\)[ ][ ]*\([_A-Za-z][_A-Za-z0-9]*\)$/\1 \2 \2/p' | sed '/ __gnu_lto/d' \> conftest.nm
/usr/bin/nm: conftest.o: File format not recognized
configure:6710: $? = 0
cannot run sed -n -e 's/^.*[	 ]\([ABCDGIRSTW][ABCDGIRSTW]*\)[	 ][	 ]*\([_A-Za-z][_A-Za-z0-9]*\)$/\1 \2 \2/p' | sed '/ __gnu_lto/d'
configure:6700: /opt/emsdk/emscripten/master/emcc -c   conftest.c >&5
configure:6703: $? = 0
configure:6707: /usr/bin/nm conftest.o \| sed -n -e 's/^.*[ ]\([ABCDGIRSTW][ABCDGIRSTW]*\)[ ][ ]*_\([_A-Za-z][_A-Za-z0-9]*\)$/\1 _\2 \2/p' | sed '/ __gnu_lto/d' \> conftest.nm
/usr/bin/nm: conftest.o: File format not recognized
configure:6710: $? = 0
cannot run sed -n -e 's/^.*[	 ]\([ABCDGIRSTW][ABCDGIRSTW]*\)[	 ][	 ]*_\([_A-Za-z][_A-Za-z0-9]*\)$/\1 _\2 \2/p' | sed '/ __gnu_lto/d'
configure:6814: result: failed
configure:6854: checking for sysroot
configure:6884: result: no
configure:6961: /opt/emsdk/emscripten/master/emcc -c   conftest.c >&5
configure:6964: $? = 0
configure:7153: checking for mt
configure:7169: found /bin/mt
configure:7180: result: mt
configure:7203: checking if mt is a manifest tool
configure:7209: mt '-?'
configure:7217: result: no
configure:7855: checking for ANSI C header files
configure:7875: /opt/emsdk/emscripten/master/emcc -c   conftest.c >&5
configure:7875: $? = 0
configure:7948: /opt/emsdk/emscripten/master/emcc -o conftest    conftest.c  >&5
configure:7948: $? = 0
configure:7948: ./conftest
configure:7948: $? = 0
configure:7959: result: yes
configure:7972: checking for sys/types.h
configure:7972: /opt/emsdk/emscripten/master/emcc -c   conftest.c >&5
configure:7972: $? = 0
configure:7972: result: yes
configure:7972: checking for sys/stat.h
configure:7972: /opt/emsdk/emscripten/master/emcc -c   conftest.c >&5
configure:7972: $? = 0
configure:7972: result: yes
configure:7972: checking for stdlib.h
configure:7972: /opt/emsdk/emscripten/master/emcc -c   conftest.c >&5
configure:7972: $? = 0
configure:7972: result: yes
configure:7972: checking for string.h
configure:7972: /opt/emsdk/emscripten/master/emcc -c   conftest.c >&5
configure:7972: $? = 0
configure:7972: result: yes
configure:7972: checking for memory.h
configure:7972: /opt/emsdk/emscripten/master/emcc -c   conftest.c >&5
configure:7972: $? = 0
configure:7972: result: yes
configure:7972: checking for strings.h
configure:7972: /opt/emsdk/emscripten/master/emcc -c   conftest.c >&5
configure:7972: $? = 0
configure:7972: result: yes
configure:7972: checking for inttypes.h
configure:7972: /opt/emsdk/emscripten/master/emcc -c   conftest.c >&5
configure:7972: $? = 0
configure:7972: result: yes
configure:7972: checking for stdint.h
configure:7972: /opt/emsdk/emscripten/master/emcc -c   conftest.c >&5
configure:7972: $? = 0
configure:7972: result: yes
configure:7972: checking for unistd.h
configure:7972: /opt/emsdk/emscripten/master/emcc -c   conftest.c >&5
configure:7972: $? = 0
configure:7972: result: yes
configure:7986: checking for dlfcn.h
configure:7986: /opt/emsdk/emscripten/master/emcc -c   conftest.c >&5
configure:7986: $? = 0
configure:7986: result: yes
configure:8190: checking for objdir
configure:8205: result: .libs
configure:8476: checking if /opt/emsdk/emscripten/master/emcc supports -fno-rtti -fno-exceptions
configure:8494: /opt/emsdk/emscripten/master/emcc -c   -fno-rtti -fno-exceptions conftest.c >&5
configure:8498: $? = 0
configure:8511: result: yes
configure:8838: checking for /opt/emsdk/emscripten/master/emcc option to produce PIC
configure:8845: result: -fPIC -DPIC
configure:8853: checking if /opt/emsdk/emscripten/master/emcc PIC flag -fPIC -DPIC works
configure:8871: /opt/emsdk/emscripten/master/emcc -c   -fPIC -DPIC -DPIC conftest.c >&5
configure:8875: $? = 0
configure:8888: result: yes
configure:8917: checking if /opt/emsdk/emscripten/master/emcc static flag -static works
configure:8945: result: yes
configure:8960: checking if /opt/emsdk/emscripten/master/emcc supports -c -o file.o
configure:8981: /opt/emsdk/emscripten/master/emcc -c   -o out/conftest2.o conftest.c >&5
configure:8985: $? = 0
configure:9007: result: yes
configure:9015: checking if /opt/emsdk/emscripten/master/emcc supports -c -o file.o
configure:9062: result: yes
configure:9095: checking whether the /opt/emsdk/emscripten/master/emcc linker (/opt/emsdk/emscripten/master/emcc) supports shared libraries
configure:10252: result: yes
configure:10289: checking whether -lc should be explicitly linked in
configure:10297: /opt/emsdk/emscripten/master/emcc -c   conftest.c >&5
configure:10300: $? = 0
configure:10315: /opt/emsdk/emscripten/master/emcc -shared  -fPIC -DPIC conftest.o  -v -Wl,-soname -Wl,conftest -o conftest 2\>\&1 \| /bin/grep  -lc  \>/dev/null 2\>\&1
configure:10318: $? = 1
configure:10332: result: yes
configure:10492: checking dynamic linker characteristics
configure:10992: /opt/emsdk/emscripten/master/emcc -o conftest    -Wl,-rpath -Wl,/foo conftest.c  >&5
configure:10992: $? = 0
configure:11226: result: GNU/Linux ld.so
configure:11333: checking how to hardcode library paths into programs
configure:11358: result: immediate
configure:11898: checking whether stripping libraries is possible
configure:11903: result: yes
configure:11938: checking if libtool supports shared libraries
configure:11940: result: yes
configure:11943: checking whether to build shared libraries
configure:11964: result: yes
configure:11967: checking whether to build static libraries
configure:11971: result: yes
configure:12020: checking for doxygen
configure:12048: result: false
configure:12072: WARNING: *** doxygen not found, API documentation will not be built
configure:12078: checking for stdint types
configure:12101: /opt/emsdk/emscripten/master/emcc -c   conftest.c >&5
configure:12101: $? = 0
configure:12145: result: stdint.h (shortcircuit)
configure:12532: result: make use of stdint.h in include/nestegg/nestegg-stdint.h (assuming C99 compatible system)
configure:12553: checking for ld used by /opt/emsdk/emscripten/master/emcc
ERROR    root: [31mno input files
note that input files without a known suffix are ignored, make sure your input files end with one of: ('.c', '.C', '.i', '.cpp', '.cxx', '.cc', '.c++', '.CPP', '.CXX', '.CC', '.C++', '.ii', '.m', '.mi', '.mm', '.mii', '.bc', '.o', '.obj', '.dylib', '.so', '.a', '.ll', '.h', '.hxx', '.hpp', '.hh', '.H', '.HXX', '.HPP', '.HH')[0m
configure:12620: result: /opt/emsdk/emscripten/master/emcc
configure:12627: checking if the linker (/opt/emsdk/emscripten/master/emcc) is GNU ld
configure:12642: result: yes
configure:12652: checking how to control symbol export
configure:12769: checking that generated files are newer than configure
configure:12775: result: done
configure:12802: creating ./config.status

## ---------------------- ##
## Running config.status. ##
## ---------------------- ##

This file was extended by libnestegg config.status 0.1git, which was
generated by GNU Autoconf 2.69.  Invocation command line was

  CONFIG_FILES    = 
  CONFIG_HEADERS  = 
  CONFIG_LINKS    = 
  CONFIG_COMMANDS = 
  $ ./config.status 

on chris-ubuntu

config.status:1118: creating Makefile
config.status:1118: creating docs/Makefile
config.status:1118: creating docs/Doxyfile
config.status:1118: creating nestegg.pc
config.status:1118: creating nestegg-uninstalled.pc
config.status:1118: creating config.h
config.status:1332: executing depfiles commands
config.status:1332: executing libtool commands
config.status:1332: executing include/nestegg/nestegg-stdint.h commands
config.status:2066: creating include/nestegg/nestegg-stdint.h : _LIBNESTEGG_INCLUDE_NESTEGG_NESTEGG_STDINT_H

## ---------------- ##
## Cache variables. ##
## ---------------- ##

ac_cv_build=x86_64-unknown-linux-gnu
ac_cv_c_compiler_gnu=yes
ac_cv_env_CC_set=set
ac_cv_env_CC_value=/opt/emsdk/emscripten/master/emcc
ac_cv_env_CFLAGS_set=set
ac_cv_env_CFLAGS_value=
ac_cv_env_CPPFLAGS_set=
ac_cv_env_CPPFLAGS_value=
ac_cv_env_CPP_set=
ac_cv_env_CPP_value=
ac_cv_env_LDFLAGS_set=
ac_cv_env_LDFLAGS_value=
ac_cv_env_LIBS_set=
ac_cv_env_LIBS_value=
ac_cv_env_build_alias_set=
ac_cv_env_build_alias_value=
ac_cv_env_host_alias_set=
ac_cv_env_host_alias_value=
ac_cv_env_target_alias_set=
ac_cv_env_target_alias_value=
ac_cv_header_dlfcn_h=yes
ac_cv_header_inttypes_h=yes
ac_cv_header_memory_h=yes
ac_cv_header_stdc=yes
ac_cv_header_stdint=stdint.h
ac_cv_header_stdint_h=yes
ac_cv_header_stdint_t=stdint.h
ac_cv_header_stdlib_h=yes
ac_cv_header_string_h=yes
ac_cv_header_strings_h=yes
ac_cv_header_sys_stat_h=yes
ac_cv_header_sys_types_h=yes
ac_cv_header_unistd_h=yes
ac_cv_host=x86_64-unknown-linux-gnu
ac_cv_objext=o
ac_cv_path_EGREP='/bin/grep -E'
ac_cv_path_FGREP='/bin/grep -F'
ac_cv_path_GREP=/bin/grep
ac_cv_path_SED=/bin/sed
ac_cv_path_install='/usr/bin/install -c'
ac_cv_path_mkdir=/bin/mkdir
ac_cv_prog_AWK=mawk
ac_cv_prog_CPP='/opt/emsdk/emscripten/master/emcc -E'
ac_cv_prog_HAVE_DOXYGEN=false
ac_cv_prog_ac_ct_CC=/opt/emsdk/emscripten/master/emcc
ac_cv_prog_ac_ct_DLLTOOL=dlltool
ac_cv_prog_ac_ct_MANIFEST_TOOL=mt
ac_cv_prog_ac_ct_OBJDUMP=objdump
ac_cv_prog_ac_ct_RANLIB=/opt/emsdk/emscripten/master/emranlib
ac_cv_prog_ac_ct_STRIP=strip
ac_cv_prog_cc_c89=
ac_cv_prog_cc_g=yes
ac_cv_prog_make_make_set=yes
ac_cv_stdint_message='using gnu compiler emcc (Emscripten gcc/clang-like replacement) 1.33.0 (commit 2643bd9513638ea32f8023c153f50d2564745a5f)'
ac_cv_stdint_result='(assuming C99 compatible system)'
ac_cv_target=x86_64-unknown-linux-gnu
am_cv_CC_dependencies_compiler_type=gcc3
am_cv_make_support_nested_variables=yes
am_cv_prog_cc_c_o=yes
lt_cv_ar_at_file=no
lt_cv_archive_cmds_need_lc=yes
lt_cv_deplibs_check_method=pass_all
lt_cv_file_magic_cmd='$MAGIC_CMD'
lt_cv_file_magic_test_file=
lt_cv_ld_reload_flag=-r
lt_cv_nm_interface='BSD nm'
lt_cv_objdir=.libs
lt_cv_path_LD=/opt/emsdk/emscripten/master/emcc
lt_cv_path_NM=/usr/bin/nm
lt_cv_path_mainfest_tool=no
lt_cv_prog_compiler_c_o=yes
lt_cv_prog_compiler_pic='-fPIC -DPIC'
lt_cv_prog_compiler_pic_works=yes
lt_cv_prog_compiler_rtti_exceptions=yes
lt_cv_prog_compiler_static_works=yes
lt_cv_prog_gnu_ld=yes
lt_cv_sharedlib_from_linklib_cmd='printf %s\n'
lt_cv_shlibpath_overrides_runpath=no
lt_cv_sys_global_symbol_pipe=
lt_cv_sys_global_symbol_to_c_name_address='sed -n -e '\''s/^: \([^ ]*\)[ ]*$/  {\"\1\", (void *) 0},/p'\'' -e '\''s/^[ABCDGIRSTW]* \([^ ]*\) \([^ ]*\)$/  {"\2", (void *) \&\2},/p'\'''
lt_cv_sys_global_symbol_to_c_name_address_lib_prefix='sed -n -e '\''s/^: \([^ ]*\)[ ]*$/  {\"\1\", (void *) 0},/p'\'' -e '\''s/^[ABCDGIRSTW]* \([^ ]*\) \(lib[^ ]*\)$/  {"\2", (void *) \&\2},/p'\'' -e '\''s/^[ABCDGIRSTW]* \([^ ]*\) \([^ ]*\)$/  {"lib\2", (void *) \&\2},/p'\'''
lt_cv_sys_global_symbol_to_cdecl=
lt_cv_sys_max_cmd_len=1572864
lt_cv_to_host_file_cmd=func_convert_file_noop
lt_cv_to_tool_file_cmd=func_convert_file_noop

## ----------------- ##
## Output variables. ##
## ----------------- ##

ACLOCAL='${SHELL} /home/chris/Respostories/chrislearn/ogv.js/libnestegg/missing aclocal-1.14'
AMDEPBACKSLASH='\'
AMDEP_FALSE='#'
AMDEP_TRUE=''
AMTAR='$${TAR-tar}'
AM_BACKSLASH='\'
AM_DEFAULT_V='$(AM_DEFAULT_VERBOSITY)'
AM_DEFAULT_VERBOSITY='0'
AM_V='$(V)'
AR='/opt/emsdk/emscripten/master/emar'
AS='as'
AUTOCONF='${SHELL} /home/chris/Respostories/chrislearn/ogv.js/libnestegg/missing autoconf'
AUTOHEADER='${SHELL} /home/chris/Respostories/chrislearn/ogv.js/libnestegg/missing autoheader'
AUTOMAKE='${SHELL} /home/chris/Respostories/chrislearn/ogv.js/libnestegg/missing automake-1.14'
AWK='mawk'
BINDIR='/home/chris/Respostories/chrislearn/ogv.js/build/js/root/bin'
CC='/opt/emsdk/emscripten/master/emcc'
CCDEPMODE='depmode=gcc3'
CFLAGS=''
CPP='/opt/emsdk/emscripten/master/emcc -E'
CPPFLAGS=''
CYGPATH_W='echo'
DEBUG=''
DEFS='-DHAVE_CONFIG_H'
DEPDIR='.deps'
DLLTOOL='dlltool'
DOCDIR='/home/chris/Respostories/chrislearn/ogv.js/build/js/root/share/doc/libnestegg'
DSYMUTIL=''
DUMPBIN=''
ECHO_C=''
ECHO_N='-n'
ECHO_T=''
EGREP='/bin/grep -E'
EXEEXT=''
FGREP='/bin/grep -F'
GREP='/bin/grep'
HAVE_DOXYGEN='false'
HAVE_DOXYGEN_FALSE=''
HAVE_DOXYGEN_TRUE='#'
INCLUDEDIR='/home/chris/Respostories/chrislearn/ogv.js/build/js/root/include'
INSTALL_DATA='${INSTALL} -m 644'
INSTALL_PROGRAM='${INSTALL}'
INSTALL_SCRIPT='${INSTALL}'
INSTALL_STRIP_PROGRAM='$(install_sh) -c -s'
LD='/opt/emsdk/emscripten/master/emcc'
LDFLAGS=''
LIBDIR='/home/chris/Respostories/chrislearn/ogv.js/build/js/root/lib'
LIBOBJS=''
LIBS=''
LIBTOOL='$(SHELL) $(top_builddir)/libtool'
LIPO=''
LN_S='ln -s'
LTLIBOBJS=''
MAKEINFO='${SHELL} /home/chris/Respostories/chrislearn/ogv.js/libnestegg/missing makeinfo'
MANIFEST_TOOL=':'
MKDIR_P='/bin/mkdir -p'
NESTEGG_AGE='1'
NESTEGG_CURRENT='0'
NESTEGG_REVISION='0'
NM='/usr/bin/nm'
NMEDIT=''
OBJDUMP='objdump'
OBJEXT='o'
OTOOL64=''
OTOOL=''
PACKAGE='libnestegg'
PACKAGE_BUGREPORT=''
PACKAGE_NAME='libnestegg'
PACKAGE_STRING='libnestegg 0.1git'
PACKAGE_TARNAME='libnestegg'
PACKAGE_URL=''
PACKAGE_VERSION='0.1git'
PATH_SEPARATOR=':'
PROFILE=''
RANLIB='/opt/emsdk/emscripten/master/emranlib'
SED='/bin/sed'
SET_MAKE=''
SHELL='/bin/bash'
STRIP='strip'
VERSION='0.1git'
ac_ct_AR=''
ac_ct_CC='/opt/emsdk/emscripten/master/emcc'
ac_ct_DUMPBIN=''
am__EXEEXT_FALSE=''
am__EXEEXT_TRUE='#'
am__fastdepCC_FALSE='#'
am__fastdepCC_TRUE=''
am__include='include'
am__isrc=' -I$(srcdir)'
am__leading_dot='.'
am__nodep='_no'
am__quote=''
am__tar='$${TAR-tar} chof - "$$tardir"'
am__untar='$${TAR-tar} xf -'
bindir='${exec_prefix}/bin'
build='x86_64-unknown-linux-gnu'
build_alias=''
build_cpu='x86_64'
build_os='linux-gnu'
build_vendor='unknown'
datadir='${datarootdir}'
datarootdir='${prefix}/share'
docdir='${datarootdir}/doc/${PACKAGE_TARNAME}'
dvidir='${docdir}'
exec_prefix='${prefix}'
host='x86_64-unknown-linux-gnu'
host_alias=''
host_cpu='x86_64'
host_os='linux-gnu'
host_vendor='unknown'
htmldir='${docdir}'
includedir='${prefix}/include'
infodir='${datarootdir}/info'
install_sh='${SHELL} /home/chris/Respostories/chrislearn/ogv.js/libnestegg/install-sh'
libdir='${exec_prefix}/lib'
libexecdir='${exec_prefix}/libexec'
localedir='${datarootdir}/locale'
localstatedir='${prefix}/var'
mandir='${datarootdir}/man'
mkdir_p='$(MKDIR_P)'
oldincludedir='/usr/include'
pdfdir='${docdir}'
prefix='/home/chris/Respostories/chrislearn/ogv.js/build/js/root'
program_transform_name='s,x,x,'
psdir='${docdir}'
sbindir='${exec_prefix}/sbin'
sharedstatedir='${prefix}/com'
sysconfdir='${prefix}/etc'
target='x86_64-unknown-linux-gnu'
target_alias=''
target_cpu='x86_64'
target_os='linux-gnu'
target_vendor='unknown'

## ----------- ##
## confdefs.h. ##
## ----------- ##

/* confdefs.h */
#define PACKAGE_NAME "libnestegg"
#define PACKAGE_TARNAME "libnestegg"
#define PACKAGE_VERSION "0.1git"
#define PACKAGE_STRING "libnestegg 0.1git"
#define PACKAGE_BUGREPORT ""
#define PACKAGE_URL ""
#define PACKAGE "libnestegg"
#define VERSION "0.1git"
#define STDC_HEADERS 1
#define HAVE_SYS_TYPES_H 1
#define HAVE_SYS_STAT_H 1
#define HAVE_STDLIB_H 1
#define HAVE_STRING_H 1
#define HAVE_MEMORY_H 1
#define HAVE_STRINGS_H 1
#define HAVE_INTTYPES_H 1
#define HAVE_STDINT_H 1
#define HAVE_UNISTD_H 1
#define HAVE_DLFCN_H 1
#define LT_OBJDIR ".libs/"

configure: exit 0
