This file contains any messages produced by compilers while
running configure, to aid debugging if configure makes a mistake.

It was created by liboggz configure 1.1.1, which was
generated by GNU Autoconf 2.69.  Invocation command line was

  $ ../../../liboggz/configure --prefix=/home/chris/Respostories/chrislearn/ogv.js/build/js/root --disable-write

## --------- ##
## Platform. ##
## --------- ##

hostname = chris-ubuntu
uname -m = x86_64
uname -r = 3.19.0-28-generic
uname -s = Linux
uname -v = #30-Ubuntu SMP Mon Aug 31 15:52:51 UTC 2015

/usr/bin/uname -p = unknown
/bin/uname -X     = unknown

/bin/arch              = unknown
/usr/bin/arch -k       = unknown
/usr/convex/getsysinfo = unknown
/usr/bin/hostinfo      = unknown
/bin/machine           = unknown
/usr/bin/oslevel       = unknown
/bin/universe          = unknown

PATH: /opt/emsdk/emscripten/master/system/bin
PATH: /opt/emsdk
PATH: /opt/emsdk/clang/fastcomp/build_master_64/bin
PATH: /opt/emsdk/emscripten/master
PATH: /home/chris/.rbenv/shims
PATH: /home/chris/.rbenv/bin
PATH: /home/chris/.gvm/pkgsets/go1.4.2/global/bin
PATH: /home/chris/.gvm/gos/go1.4.2/bin
PATH: /home/chris/.gvm/pkgsets/go1.4.2/global/overlay/bin
PATH: /home/chris/.gvm/bin
PATH: /home/chris/.gvm/bin
PATH: /home/chris/.nvm/versions/io.js/v3.0.0/bin
PATH: /usr/local/sbin
PATH: /usr/local/bin
PATH: /usr/sbin
PATH: /usr/bin
PATH: /sbin
PATH: /bin
PATH: /usr/games
PATH: /usr/local/games
PATH: /home/chris/Projects/go/bin


## ----------- ##
## Core tests. ##
## ----------- ##

configure:2558: checking build system type
configure:2572: result: x86_64-unknown-linux-gnu
configure:2592: checking host system type
configure:2605: result: x86_64-unknown-linux-gnu
configure:2625: checking target system type
configure:2638: result: x86_64-unknown-linux-gnu
configure:2681: checking for a BSD-compatible install
configure:2749: result: /usr/bin/install -c
configure:2760: checking whether build environment is sane
configure:2815: result: yes
configure:2966: checking for a thread-safe mkdir -p
configure:3005: result: /bin/mkdir -p
configure:3012: checking for gawk
configure:3042: result: no
configure:3012: checking for mawk
configure:3028: found /usr/bin/mawk
configure:3039: result: mawk
configure:3050: checking whether make sets $(MAKE)
configure:3072: result: yes
configure:3101: checking whether make supports nested variables
configure:3118: result: yes
configure:3245: checking whether to enable maintainer-specific portions of Makefiles
configure:3254: result: yes
configure:3337: checking for gcc
configure:3364: result: /opt/emsdk/emscripten/master/emcc
configure:3593: checking for C compiler version
configure:3602: /opt/emsdk/emscripten/master/emcc --version >&5
emcc (Emscripten gcc/clang-like replacement) 1.33.0 (commit 2643bd9513638ea32f8023c153f50d2564745a5f)
Copyright (C) 2014 the Emscripten authors (see AUTHORS.txt)
This is free and open source software under the MIT license.
There is NO warranty; not even for MERCHANTABILITY or FITNESS FOR A PARTICULAR PURPOSE.
  
configure:3613: $? = 0
configure:3602: /opt/emsdk/emscripten/master/emcc -v >&5
emcc (Emscripten gcc/clang-like replacement + linker emulating GNU ld) 1.33.0
(autoconf likes to see GNU above to enable shared object support)
  
clang version 3.7.0 (https://github.com/kripken/emscripten-fastcomp-clang/ 2a66b5ffba63f1e36458d41fafc2874a1abf63fe) (https://github.com/kripken/emscripten-fastcomp/ e2939f6878307899c17d1a23f51ba3fe5afbe6af)
Target: x86_64-unknown-linux-gnu
Thread model: posix
Found candidate GCC installation: /usr/lib/gcc/x86_64-linux-gnu/4.9
Found candidate GCC installation: /usr/lib/gcc/x86_64-linux-gnu/4.9.2
Found candidate GCC installation: /usr/lib/gcc/x86_64-linux-gnu/5.0.1
Selected GCC installation: /usr/lib/gcc/x86_64-linux-gnu/4.9
Candidate multilib: .;@m64
Selected multilib: .;@m64
INFO     root: [32m(Emscripten: Running sanity checks)[0m
... rest of stderr output deleted ...
configure:3613: $? = 0
configure:3602: /opt/emsdk/emscripten/master/emcc -V >&5
ERROR    root: [31mno input files
note that input files without a known suffix are ignored, make sure your input files end with one of: ('.c', '.C', '.i', '.cpp', '.cxx', '.cc', '.c++', '.CPP', '.CXX', '.CC', '.C++', '.ii', '.m', '.mi', '.mm', '.mii', '.bc', '.o', '.obj', '.dylib', '.so', '.a', '.ll', '.h', '.hxx', '.hpp', '.hh', '.H', '.HXX', '.HPP', '.HH')[0m
configure:3613: $? = 0
configure:3602: /opt/emsdk/emscripten/master/emcc -qversion >&5
ERROR    root: [31mno input files
note that input files without a known suffix are ignored, make sure your input files end with one of: ('.c', '.C', '.i', '.cpp', '.cxx', '.cc', '.c++', '.CPP', '.CXX', '.CC', '.C++', '.ii', '.m', '.mi', '.mm', '.mii', '.bc', '.o', '.obj', '.dylib', '.so', '.a', '.ll', '.h', '.hxx', '.hpp', '.hh', '.H', '.HXX', '.HPP', '.HH')[0m
configure:3613: $? = 0
configure:3633: checking whether the C compiler works
configure:3655: /opt/emsdk/emscripten/master/emcc    conftest.c  >&5
configure:3659: $? = 0
configure:3707: result: yes
configure:3710: checking for C compiler default output file name
configure:3712: result: a.out
configure:3718: checking for suffix of executables
configure:3725: /opt/emsdk/emscripten/master/emcc -o conftest    conftest.c  >&5
configure:3729: $? = 0
configure:3751: result: 
configure:3773: checking whether we are cross compiling
configure:3781: /opt/emsdk/emscripten/master/emcc -o conftest    conftest.c  >&5
configure:3785: $? = 0
configure:3792: ./conftest
configure:3796: $? = 0
configure:3811: result: no
configure:3816: checking for suffix of object files
configure:3838: /opt/emsdk/emscripten/master/emcc -c   conftest.c >&5
configure:3842: $? = 0
configure:3863: result: o
configure:3867: checking whether we are using the GNU C compiler
configure:3886: /opt/emsdk/emscripten/master/emcc -c   conftest.c >&5
configure:3886: $? = 0
configure:3895: result: yes
configure:3904: checking whether /opt/emsdk/emscripten/master/emcc accepts -g
configure:3924: /opt/emsdk/emscripten/master/emcc -c -g  conftest.c >&5
configure:3924: $? = 0
configure:3965: result: yes
configure:3982: checking for /opt/emsdk/emscripten/master/emcc option to accept ISO C89
configure:4045: /opt/emsdk/emscripten/master/emcc  -c   conftest.c >&5
configure:4045: $? = 0
configure:4058: result: none needed
configure:4083: checking whether /opt/emsdk/emscripten/master/emcc understands -c and -o together
configure:4105: /opt/emsdk/emscripten/master/emcc -c conftest.c -o conftest2.o
configure:4108: $? = 0
configure:4105: /opt/emsdk/emscripten/master/emcc -c conftest.c -o conftest2.o
configure:4108: $? = 0
configure:4120: result: yes
configure:4148: checking for style of include used by make
configure:4176: result: GNU
configure:4202: checking dependency style of /opt/emsdk/emscripten/master/emcc
configure:4313: result: gcc3
configure:4333: checking how to run the C preprocessor
configure:4364: /opt/emsdk/emscripten/master/emcc -E  conftest.c
configure:4364: $? = 0
configure:4378: /opt/emsdk/emscripten/master/emcc -E  conftest.c
conftest.c:11:10: fatal error: 'ac_nonexistent.h' file not found
#include <ac_nonexistent.h>
         ^
1 error generated.
configure:4378: $? = 1
configure: failed program was:
| /* confdefs.h */
| #define PACKAGE_NAME "liboggz"
| #define PACKAGE_TARNAME "liboggz"
| #define PACKAGE_VERSION "1.1.1"
| #define PACKAGE_STRING "liboggz 1.1.1"
| #define PACKAGE_BUGREPORT "ogg-dev@xiph.org"
| #define PACKAGE_URL ""
| #define PACKAGE "liboggz"
| #define VERSION "1.1.1"
| /* end confdefs.h.  */
| #include <ac_nonexistent.h>
configure:4403: result: /opt/emsdk/emscripten/master/emcc -E
configure:4423: /opt/emsdk/emscripten/master/emcc -E  conftest.c
configure:4423: $? = 0
configure:4437: /opt/emsdk/emscripten/master/emcc -E  conftest.c
conftest.c:11:10: fatal error: 'ac_nonexistent.h' file not found
#include <ac_nonexistent.h>
         ^
1 error generated.
configure:4437: $? = 1
configure: failed program was:
| /* confdefs.h */
| #define PACKAGE_NAME "liboggz"
| #define PACKAGE_TARNAME "liboggz"
| #define PACKAGE_VERSION "1.1.1"
| #define PACKAGE_STRING "liboggz 1.1.1"
| #define PACKAGE_BUGREPORT "ogg-dev@xiph.org"
| #define PACKAGE_URL ""
| #define PACKAGE "liboggz"
| #define VERSION "1.1.1"
| /* end confdefs.h.  */
| #include <ac_nonexistent.h>
configure:4466: checking whether ln -s works
configure:4470: result: yes
configure:4477: checking whether make sets $(MAKE)
configure:4499: result: yes
configure:4554: checking how to print strings
configure:4581: result: printf
configure:4602: checking for a sed that does not truncate output
configure:4666: result: /bin/sed
configure:4684: checking for grep that handles long lines and -e
configure:4742: result: /bin/grep
configure:4747: checking for egrep
configure:4809: result: /bin/grep -E
configure:4814: checking for fgrep
configure:4876: result: /bin/grep -F
configure:4911: checking for ld used by /opt/emsdk/emscripten/master/emcc
ERROR    root: [31mno input files
note that input files without a known suffix are ignored, make sure your input files end with one of: ('.c', '.C', '.i', '.cpp', '.cxx', '.cc', '.c++', '.CPP', '.CXX', '.CC', '.C++', '.ii', '.m', '.mi', '.mm', '.mii', '.bc', '.o', '.obj', '.dylib', '.so', '.a', '.ll', '.h', '.hxx', '.hpp', '.hh', '.H', '.HXX', '.HPP', '.HH')[0m
configure:4978: result: /opt/emsdk/emscripten/master/emcc
configure:4985: checking if the linker (/opt/emsdk/emscripten/master/emcc) is GNU ld
configure:5000: result: yes
configure:5012: checking for BSD- or MS-compatible name lister (nm)
configure:5061: result: /usr/bin/nm -B
configure:5191: checking the name lister (/usr/bin/nm -B) interface
configure:5198: /opt/emsdk/emscripten/master/emcc -c   conftest.c >&5
configure:5201: /usr/bin/nm -B "conftest.o"
/usr/bin/nm: conftest.o: File format not recognized
configure:5204: output
configure:5211: result: BSD nm
configure:5215: checking the maximum length of command line arguments
configure:5346: result: 1572864
configure:5363: checking whether the shell understands some XSI constructs
configure:5373: result: yes
configure:5377: checking whether the shell understands "+="
configure:5383: result: yes
configure:5418: checking how to convert x86_64-unknown-linux-gnu file names to x86_64-unknown-linux-gnu format
configure:5458: result: func_convert_file_noop
configure:5465: checking how to convert x86_64-unknown-linux-gnu file names to toolchain format
configure:5485: result: func_convert_file_noop
configure:5492: checking for /opt/emsdk/emscripten/master/emcc option to reload object files
configure:5499: result: -r
configure:5573: checking for objdump
configure:5589: found /usr/bin/objdump
configure:5600: result: objdump
configure:5632: checking how to recognize dependent libraries
configure:5830: result: pass_all
configure:5915: checking for dlltool
configure:5945: result: no
configure:5975: checking how to associate runtime and link libraries
configure:6002: result: printf %s\n
configure:6127: checking for archiver @FILE support
configure:6144: /opt/emsdk/emscripten/master/emcc -c   conftest.c >&5
configure:6144: $? = 0
configure:6147: /opt/emsdk/emscripten/master/emar cru libconftest.a @conftest.lst >&5
configure:6150: $? = 0
configure:6155: /opt/emsdk/emscripten/master/emar cru libconftest.a @conftest.lst >&5
/opt/emsdk/clang/fastcomp/build_master_64/bin/llvm-ar: conftest.o: No such file or directory.
configure:6158: $? = 0
configure:6170: result: no
configure:6228: checking for strip
configure:6244: found /usr/bin/strip
configure:6255: result: strip
configure:6327: checking for ranlib
configure:6354: result: /opt/emsdk/emscripten/master/emranlib
configure:6456: checking command to parse /usr/bin/nm -B output from /opt/emsdk/emscripten/master/emcc object
configure:6576: /opt/emsdk/emscripten/master/emcc -c   conftest.c >&5
configure:6579: $? = 0
configure:6583: /usr/bin/nm -B conftest.o \| sed -n -e 's/^.*[ ]\([ABCDGIRSTW][ABCDGIRSTW]*\)[ ][ ]*\([_A-Za-z][_A-Za-z0-9]*\)$/\1 \2 \2/p' | sed '/ __gnu_lto/d' \> conftest.nm
/usr/bin/nm: conftest.o: File format not recognized
configure:6586: $? = 0
cannot run sed -n -e 's/^.*[	 ]\([ABCDGIRSTW][ABCDGIRSTW]*\)[	 ][	 ]*\([_A-Za-z][_A-Za-z0-9]*\)$/\1 \2 \2/p' | sed '/ __gnu_lto/d'
configure:6576: /opt/emsdk/emscripten/master/emcc -c   conftest.c >&5
configure:6579: $? = 0
configure:6583: /usr/bin/nm -B conftest.o \| sed -n -e 's/^.*[ ]\([ABCDGIRSTW][ABCDGIRSTW]*\)[ ][ ]*_\([_A-Za-z][_A-Za-z0-9]*\)$/\1 _\2 \2/p' | sed '/ __gnu_lto/d' \> conftest.nm
/usr/bin/nm: conftest.o: File format not recognized
configure:6586: $? = 0
cannot run sed -n -e 's/^.*[	 ]\([ABCDGIRSTW][ABCDGIRSTW]*\)[	 ][	 ]*_\([_A-Za-z][_A-Za-z0-9]*\)$/\1 _\2 \2/p' | sed '/ __gnu_lto/d'
configure:6690: result: failed
configure:6730: checking for sysroot
configure:6760: result: no
configure:6837: /opt/emsdk/emscripten/master/emcc -c   conftest.c >&5
configure:6840: $? = 0
configure:7029: checking for mt
configure:7045: found /bin/mt
configure:7056: result: mt
configure:7079: checking if mt is a manifest tool
configure:7085: mt '-?'
configure:7093: result: no
configure:7731: checking for ANSI C header files
configure:7751: /opt/emsdk/emscripten/master/emcc -c   conftest.c >&5
configure:7751: $? = 0
configure:7824: /opt/emsdk/emscripten/master/emcc -o conftest    conftest.c  >&5
configure:7824: $? = 0
configure:7824: ./conftest
configure:7824: $? = 0
configure:7835: result: yes
configure:7848: checking for sys/types.h
configure:7848: /opt/emsdk/emscripten/master/emcc -c   conftest.c >&5
configure:7848: $? = 0
configure:7848: result: yes
configure:7848: checking for sys/stat.h
configure:7848: /opt/emsdk/emscripten/master/emcc -c   conftest.c >&5
configure:7848: $? = 0
configure:7848: result: yes
configure:7848: checking for stdlib.h
configure:7848: /opt/emsdk/emscripten/master/emcc -c   conftest.c >&5
configure:7848: $? = 0
configure:7848: result: yes
configure:7848: checking for string.h
configure:7848: /opt/emsdk/emscripten/master/emcc -c   conftest.c >&5
configure:7848: $? = 0
configure:7848: result: yes
configure:7848: checking for memory.h
configure:7848: /opt/emsdk/emscripten/master/emcc -c   conftest.c >&5
configure:7848: $? = 0
configure:7848: result: yes
configure:7848: checking for strings.h
configure:7848: /opt/emsdk/emscripten/master/emcc -c   conftest.c >&5
configure:7848: $? = 0
configure:7848: result: yes
configure:7848: checking for inttypes.h
configure:7848: /opt/emsdk/emscripten/master/emcc -c   conftest.c >&5
configure:7848: $? = 0
configure:7848: result: yes
configure:7848: checking for stdint.h
configure:7848: /opt/emsdk/emscripten/master/emcc -c   conftest.c >&5
configure:7848: $? = 0
configure:7848: result: yes
configure:7848: checking for unistd.h
configure:7848: /opt/emsdk/emscripten/master/emcc -c   conftest.c >&5
configure:7848: $? = 0
configure:7848: result: yes
configure:7862: checking for dlfcn.h
configure:7862: /opt/emsdk/emscripten/master/emcc -c   conftest.c >&5
configure:7862: $? = 0
configure:7862: result: yes
configure:8068: checking for objdir
configure:8083: result: .libs
configure:8350: checking if /opt/emsdk/emscripten/master/emcc supports -fno-rtti -fno-exceptions
configure:8368: /opt/emsdk/emscripten/master/emcc -c   -fno-rtti -fno-exceptions conftest.c >&5
configure:8372: $? = 0
configure:8385: result: yes
configure:8712: checking for /opt/emsdk/emscripten/master/emcc option to produce PIC
configure:8719: result: -fPIC -DPIC
configure:8727: checking if /opt/emsdk/emscripten/master/emcc PIC flag -fPIC -DPIC works
configure:8745: /opt/emsdk/emscripten/master/emcc -c   -fPIC -DPIC -DPIC conftest.c >&5
configure:8749: $? = 0
configure:8762: result: yes
configure:8791: checking if /opt/emsdk/emscripten/master/emcc static flag -static works
configure:8819: result: yes
configure:8834: checking if /opt/emsdk/emscripten/master/emcc supports -c -o file.o
configure:8855: /opt/emsdk/emscripten/master/emcc -c   -o out/conftest2.o conftest.c >&5
configure:8859: $? = 0
configure:8881: result: yes
configure:8889: checking if /opt/emsdk/emscripten/master/emcc supports -c -o file.o
configure:8936: result: yes
configure:8969: checking whether the /opt/emsdk/emscripten/master/emcc linker (/opt/emsdk/emscripten/master/emcc) supports shared libraries
configure:10126: result: yes
configure:10163: checking whether -lc should be explicitly linked in
configure:10171: /opt/emsdk/emscripten/master/emcc -c   conftest.c >&5
configure:10174: $? = 0
configure:10189: /opt/emsdk/emscripten/master/emcc -shared  -fPIC -DPIC conftest.o  -v -Wl,-soname -Wl,conftest -o conftest 2\>\&1 \| /bin/grep  -lc  \>/dev/null 2\>\&1
configure:10192: $? = 1
configure:10206: result: yes
configure:10366: checking dynamic linker characteristics
configure:10866: /opt/emsdk/emscripten/master/emcc -o conftest    -Wl,-rpath -Wl,/foo conftest.c  >&5
configure:10866: $? = 0
configure:11100: result: GNU/Linux ld.so
configure:11207: checking how to hardcode library paths into programs
configure:11232: result: immediate
configure:11772: checking whether stripping libraries is possible
configure:11777: result: yes
configure:11812: checking if libtool supports shared libraries
configure:11814: result: yes
configure:11817: checking whether to build shared libraries
configure:11838: result: yes
configure:11841: checking whether to build static libraries
configure:11845: result: yes
configure:11883: checking for an ANSI C-conforming const
configure:11949: /opt/emsdk/emscripten/master/emcc -c   conftest.c >&5
configure:11949: $? = 0
configure:11956: result: yes
configure:11964: checking whether byte ordering is bigendian
configure:11979: /opt/emsdk/emscripten/master/emcc -c   conftest.c >&5
conftest.c:24:9: error: unknown type name 'not'
               not a universal capable compiler
               ^
conftest.c:24:14: error: expected ';' after top level declarator
               not a universal capable compiler
                    ^
                    ;
2 errors generated.
ERROR    root: [31mcompiler frontend failed to generate LLVM bitcode, halting[0m
configure:11979: $? = 1
configure: failed program was:
| /* confdefs.h */
| #define PACKAGE_NAME "liboggz"
| #define PACKAGE_TARNAME "liboggz"
| #define PACKAGE_VERSION "1.1.1"
| #define PACKAGE_STRING "liboggz 1.1.1"
| #define PACKAGE_BUGREPORT "ogg-dev@xiph.org"
| #define PACKAGE_URL ""
| #define PACKAGE "liboggz"
| #define VERSION "1.1.1"
| #define STDC_HEADERS 1
| #define HAVE_SYS_TYPES_H 1
| #define HAVE_SYS_STAT_H 1
| #define HAVE_STDLIB_H 1
| #define HAVE_STRING_H 1
| #define HAVE_MEMORY_H 1
| #define HAVE_STRINGS_H 1
| #define HAVE_INTTYPES_H 1
| #define HAVE_STDINT_H 1
| #define HAVE_UNISTD_H 1
| #define HAVE_DLFCN_H 1
| #define LT_OBJDIR ".libs/"
| /* end confdefs.h.  */
| #ifndef __APPLE_CC__
| 	       not a universal capable compiler
| 	     #endif
| 	     typedef int dummy;
| 
configure:12024: /opt/emsdk/emscripten/master/emcc -c   conftest.c >&5
configure:12024: $? = 0
configure:12042: /opt/emsdk/emscripten/master/emcc -c   conftest.c >&5
conftest.c:30:4: error: use of undeclared identifier 'not'
                 not big endian
                 ^
1 error generated.
ERROR    root: [31mcompiler frontend failed to generate LLVM bitcode, halting[0m
configure:12042: $? = 1
configure: failed program was:
| /* confdefs.h */
| #define PACKAGE_NAME "liboggz"
| #define PACKAGE_TARNAME "liboggz"
| #define PACKAGE_VERSION "1.1.1"
| #define PACKAGE_STRING "liboggz 1.1.1"
| #define PACKAGE_BUGREPORT "ogg-dev@xiph.org"
| #define PACKAGE_URL ""
| #define PACKAGE "liboggz"
| #define VERSION "1.1.1"
| #define STDC_HEADERS 1
| #define HAVE_SYS_TYPES_H 1
| #define HAVE_SYS_STAT_H 1
| #define HAVE_STDLIB_H 1
| #define HAVE_STRING_H 1
| #define HAVE_MEMORY_H 1
| #define HAVE_STRINGS_H 1
| #define HAVE_INTTYPES_H 1
| #define HAVE_STDINT_H 1
| #define HAVE_UNISTD_H 1
| #define HAVE_DLFCN_H 1
| #define LT_OBJDIR ".libs/"
| /* end confdefs.h.  */
| #include <sys/types.h>
| 		#include <sys/param.h>
| 
| int
| main ()
| {
| #if BYTE_ORDER != BIG_ENDIAN
| 		 not big endian
| 		#endif
| 
|   ;
|   return 0;
| }
configure:12170: result: no
configure:12193: checking for ANSI C header files
configure:12297: result: yes
configure:12308: checking fcntl.h usability
configure:12308: /opt/emsdk/emscripten/master/emcc -c   conftest.c >&5
configure:12308: $? = 0
configure:12308: result: yes
configure:12308: checking fcntl.h presence
configure:12308: /opt/emsdk/emscripten/master/emcc -E  conftest.c
configure:12308: $? = 0
configure:12308: result: yes
configure:12308: checking for fcntl.h
configure:12308: result: yes
configure:12308: checking for inttypes.h
configure:12308: result: yes
configure:12308: checking for stdlib.h
configure:12308: result: yes
configure:12308: checking for string.h
configure:12308: result: yes
configure:12308: checking for sys/types.h
configure:12308: result: yes
configure:12308: checking for unistd.h
configure:12308: result: yes
configure:12320: checking for off_t
configure:12320: /opt/emsdk/emscripten/master/emcc -c   conftest.c >&5
configure:12320: $? = 0
configure:12320: /opt/emsdk/emscripten/master/emcc -c   conftest.c >&5
conftest.c:66:20: error: expected expression
if (sizeof ((off_t)))
                   ^
1 error generated.
ERROR    root: [31mcompiler frontend failed to generate LLVM bitcode, halting[0m
configure:12320: $? = 1
configure: failed program was:
| /* confdefs.h */
| #define PACKAGE_NAME "liboggz"
| #define PACKAGE_TARNAME "liboggz"
| #define PACKAGE_VERSION "1.1.1"
| #define PACKAGE_STRING "liboggz 1.1.1"
| #define PACKAGE_BUGREPORT "ogg-dev@xiph.org"
| #define PACKAGE_URL ""
| #define PACKAGE "liboggz"
| #define VERSION "1.1.1"
| #define STDC_HEADERS 1
| #define HAVE_SYS_TYPES_H 1
| #define HAVE_SYS_STAT_H 1
| #define HAVE_STDLIB_H 1
| #define HAVE_STRING_H 1
| #define HAVE_MEMORY_H 1
| #define HAVE_STRINGS_H 1
| #define HAVE_INTTYPES_H 1
| #define HAVE_STDINT_H 1
| #define HAVE_UNISTD_H 1
| #define HAVE_DLFCN_H 1
| #define LT_OBJDIR ".libs/"
| #define STDC_HEADERS 1
| #define HAVE_FCNTL_H 1
| #define HAVE_INTTYPES_H 1
| #define HAVE_STDLIB_H 1
| #define HAVE_STRING_H 1
| #define HAVE_SYS_TYPES_H 1
| #define HAVE_UNISTD_H 1
| /* end confdefs.h.  */
| #include <stdio.h>
| #ifdef HAVE_SYS_TYPES_H
| # include <sys/types.h>
| #endif
| #ifdef HAVE_SYS_STAT_H
| # include <sys/stat.h>
| #endif
| #ifdef STDC_HEADERS
| # include <stdlib.h>
| # include <stddef.h>
| #else
| # ifdef HAVE_STDLIB_H
| #  include <stdlib.h>
| # endif
| #endif
| #ifdef HAVE_STRING_H
| # if !defined STDC_HEADERS && defined HAVE_MEMORY_H
| #  include <memory.h>
| # endif
| # include <string.h>
| #endif
| #ifdef HAVE_STRINGS_H
| # include <strings.h>
| #endif
| #ifdef HAVE_INTTYPES_H
| # include <inttypes.h>
| #endif
| #ifdef HAVE_STDINT_H
| # include <stdint.h>
| #endif
| #ifdef HAVE_UNISTD_H
| # include <unistd.h>
| #endif
| int
| main ()
| {
| if (sizeof ((off_t)))
| 	    return 0;
|   ;
|   return 0;
| }
configure:12320: result: yes
configure:12331: checking for size_t
configure:12331: /opt/emsdk/emscripten/master/emcc -c   conftest.c >&5
configure:12331: $? = 0
configure:12331: /opt/emsdk/emscripten/master/emcc -c   conftest.c >&5
conftest.c:66:21: error: expected expression
if (sizeof ((size_t)))
                    ^
1 error generated.
ERROR    root: [31mcompiler frontend failed to generate LLVM bitcode, halting[0m
configure:12331: $? = 1
configure: failed program was:
| /* confdefs.h */
| #define PACKAGE_NAME "liboggz"
| #define PACKAGE_TARNAME "liboggz"
| #define PACKAGE_VERSION "1.1.1"
| #define PACKAGE_STRING "liboggz 1.1.1"
| #define PACKAGE_BUGREPORT "ogg-dev@xiph.org"
| #define PACKAGE_URL ""
| #define PACKAGE "liboggz"
| #define VERSION "1.1.1"
| #define STDC_HEADERS 1
| #define HAVE_SYS_TYPES_H 1
| #define HAVE_SYS_STAT_H 1
| #define HAVE_STDLIB_H 1
| #define HAVE_STRING_H 1
| #define HAVE_MEMORY_H 1
| #define HAVE_STRINGS_H 1
| #define HAVE_INTTYPES_H 1
| #define HAVE_STDINT_H 1
| #define HAVE_UNISTD_H 1
| #define HAVE_DLFCN_H 1
| #define LT_OBJDIR ".libs/"
| #define STDC_HEADERS 1
| #define HAVE_FCNTL_H 1
| #define HAVE_INTTYPES_H 1
| #define HAVE_STDLIB_H 1
| #define HAVE_STRING_H 1
| #define HAVE_SYS_TYPES_H 1
| #define HAVE_UNISTD_H 1
| /* end confdefs.h.  */
| #include <stdio.h>
| #ifdef HAVE_SYS_TYPES_H
| # include <sys/types.h>
| #endif
| #ifdef HAVE_SYS_STAT_H
| # include <sys/stat.h>
| #endif
| #ifdef STDC_HEADERS
| # include <stdlib.h>
| # include <stddef.h>
| #else
| # ifdef HAVE_STDLIB_H
| #  include <stdlib.h>
| # endif
| #endif
| #ifdef HAVE_STRING_H
| # if !defined STDC_HEADERS && defined HAVE_MEMORY_H
| #  include <memory.h>
| # endif
| # include <string.h>
| #endif
| #ifdef HAVE_STRINGS_H
| # include <strings.h>
| #endif
| #ifdef HAVE_INTTYPES_H
| # include <inttypes.h>
| #endif
| #ifdef HAVE_STDINT_H
| # include <stdint.h>
| #endif
| #ifdef HAVE_UNISTD_H
| # include <unistd.h>
| #endif
| int
| main ()
| {
| if (sizeof ((size_t)))
| 	    return 0;
|   ;
|   return 0;
| }
configure:12331: result: yes
configure:12343: checking if /opt/emsdk/emscripten/master/emcc allows signed enums
configure:12364: /opt/emsdk/emscripten/master/emcc -c  -Wall -Wextra -Werror  conftest.c >&5
conftest.c:36:16: error: function definition is not allowed here
               {
               ^
1 error generated.
ERROR    root: [31mcompiler frontend failed to generate LLVM bitcode, halting[0m
configure:12364: $? = 1
configure: failed program was:
| /* confdefs.h */
| #define PACKAGE_NAME "liboggz"
| #define PACKAGE_TARNAME "liboggz"
| #define PACKAGE_VERSION "1.1.1"
| #define PACKAGE_STRING "liboggz 1.1.1"
| #define PACKAGE_BUGREPORT "ogg-dev@xiph.org"
| #define PACKAGE_URL ""
| #define PACKAGE "liboggz"
| #define VERSION "1.1.1"
| #define STDC_HEADERS 1
| #define HAVE_SYS_TYPES_H 1
| #define HAVE_SYS_STAT_H 1
| #define HAVE_STDLIB_H 1
| #define HAVE_STRING_H 1
| #define HAVE_MEMORY_H 1
| #define HAVE_STRINGS_H 1
| #define HAVE_INTTYPES_H 1
| #define HAVE_STDINT_H 1
| #define HAVE_UNISTD_H 1
| #define HAVE_DLFCN_H 1
| #define LT_OBJDIR ".libs/"
| #define STDC_HEADERS 1
| #define HAVE_FCNTL_H 1
| #define HAVE_INTTYPES_H 1
| #define HAVE_STDLIB_H 1
| #define HAVE_STRING_H 1
| #define HAVE_SYS_TYPES_H 1
| #define HAVE_UNISTD_H 1
| /* end confdefs.h.  */
| 
| int
| main ()
| {
| 
|                void t (void)
|                {
|                  enum {A, B} a=A;
|                  if (a < 0) {}
|                }
|   ;
|   return 0;
| }
configure:12371: result: no
configure:12380: checking for memmove
configure:12380: /opt/emsdk/emscripten/master/emcc -o conftest    conftest.c  >&5
conftest.c:53:6: warning: incompatible redeclaration of library function 'memmove' [-Wincompatible-library-redeclaration]
char memmove ();
     ^
conftest.c:53:6: note: 'memmove' is a builtin with type 'void *(void *, const void *, unsigned int)'
1 warning generated.
[0;33mwarning:[0m unexpected number of arguments 0 in call to 'memmove', should be 1
configure:12380: $? = 0
configure:12380: result: yes
configure:12393: checking for pkg-config
configure:12409: found /usr/bin/pkg-config
configure:12420: result: yes
configure:12432: checking for doxygen
configure:12460: result: false
configure:12477: WARNING: *** doxygen not found, docs will not be built
configure:12484: checking for man2html
configure:12512: result: false
configure:12599: checking for getopt in -lgetopt
configure:12624: /opt/emsdk/emscripten/master/emcc -o conftest    conftest.c -lgetopt   >&5
WARNING  root: [33memcc: cannot find library "getopt"[0m
[0;33mwarning:[0m unexpected number of arguments 0 in call to 'getopt', should be 3
configure:12624: $? = 0
configure:12633: result: yes
configure:12646: checking for getopt_long
configure:12646: /opt/emsdk/emscripten/master/emcc -o conftest    conftest.c  >&5
[0;33mwarning:[0m unexpected number of arguments 0 in call to 'getopt_long', should be 5
configure:12646: $? = 0
configure:12646: result: yes
configure:12801: checking for pkg-config
configure:12819: found /usr/bin/pkg-config
configure:12831: result: /usr/bin/pkg-config
configure:12856: checking pkg-config is at least version 0.9.0
configure:12859: result: yes
configure:12869: checking for OGG
configure:12876: $PKG_CONFIG --exists --print-errors "ogg >= 1.0"
Package ogg was not found in the pkg-config search path.
Perhaps you should add the directory containing `ogg.pc'
to the PKG_CONFIG_PATH environment variable
No package 'ogg' found
configure:12879: $? = 1
configure:12893: $PKG_CONFIG --exists --print-errors "ogg >= 1.0"
Package ogg was not found in the pkg-config search path.
Perhaps you should add the directory containing `ogg.pc'
to the PKG_CONFIG_PATH environment variable
No package 'ogg' found
configure:12896: $? = 1
configure:12910: result: no
No package 'ogg' found
configure:12997: checking for Ogg
configure:13032: /opt/emsdk/emscripten/master/emcc -o conftest  -I/home/chris/Respostories/chrislearn/ogv.js/build/js/root/include   conftest.c  -L/home/chris/Respostories/chrislearn/ogv.js/build/js/root/lib -logg >&5
WARNING  root: [33m-I or -L of an absolute path "-I/home/chris/Respostories/chrislearn/ogv.js/build/js/root/include" encountered. If this is to a local system header/library, it may cause problems (local system files make sense for compiling natively on your system, but not necessarily to JavaScript). Pass '-Wno-warn-absolute-paths' to emcc to hide this warning.[0m
configure:13032: $? = 0
configure:13032: ./conftest
configure:13032: $? = 0
configure:13050: result: yes
configure:13159: checking if ogg_page_bos() takes a const argument
configure:13177: /opt/emsdk/emscripten/master/emcc -c  -Wall -Werror -I/home/chris/Respostories/chrislearn/ogv.js/build/js/root/include  conftest.c >&5
WARNING  root: [33m-I or -L of an absolute path "-I/home/chris/Respostories/chrislearn/ogv.js/build/js/root/include" encountered. If this is to a local system header/library, it may cause problems (local system files make sense for compiling natively on your system, but not necessarily to JavaScript). Pass '-Wno-warn-absolute-paths' to emcc to hide this warning.[0m
conftest.c:38:28: error: function definition is not allowed here
int f(const ogg_page * cog){return ogg_page_bos(cog);}
                           ^
1 error generated.
ERROR    root: [31mcompiler frontend failed to generate LLVM bitcode, halting[0m
configure:13177: $? = 1
configure: failed program was:
| /* confdefs.h */
| #define PACKAGE_NAME "liboggz"
| #define PACKAGE_TARNAME "liboggz"
| #define PACKAGE_VERSION "1.1.1"
| #define PACKAGE_STRING "liboggz 1.1.1"
| #define PACKAGE_BUGREPORT "ogg-dev@xiph.org"
| #define PACKAGE_URL ""
| #define PACKAGE "liboggz"
| #define VERSION "1.1.1"
| #define STDC_HEADERS 1
| #define HAVE_SYS_TYPES_H 1
| #define HAVE_SYS_STAT_H 1
| #define HAVE_STDLIB_H 1
| #define HAVE_STRING_H 1
| #define HAVE_MEMORY_H 1
| #define HAVE_STRINGS_H 1
| #define HAVE_INTTYPES_H 1
| #define HAVE_STDINT_H 1
| #define HAVE_UNISTD_H 1
| #define HAVE_DLFCN_H 1
| #define LT_OBJDIR ".libs/"
| #define STDC_HEADERS 1
| #define HAVE_FCNTL_H 1
| #define HAVE_INTTYPES_H 1
| #define HAVE_STDLIB_H 1
| #define HAVE_STRING_H 1
| #define HAVE_SYS_TYPES_H 1
| #define HAVE_UNISTD_H 1
| #define HAVE_MEMMOVE 1
| #define HAVE_GETOPT_LONG /**/
| #define OGGZ_CONFIG_READ 1
| #define OGGZ_CONFIG_WRITE 0
| /* end confdefs.h.  */
| #include <ogg/ogg.h>
| int
| main ()
| {
| int f(const ogg_page * cog){return ogg_page_bos(cog);}
|   ;
|   return 0;
| }
configure:13184: result: no
configure:13200: checking size of off_t
configure:13205: /opt/emsdk/emscripten/master/emcc -o conftest    conftest.c  >&5
configure:13205: $? = 0
configure:13205: ./conftest
configure:13205: $? = 0
configure:13219: result: 4
configure:13248: checking size of loff_t
configure:13253: /opt/emsdk/emscripten/master/emcc -o conftest    conftest.c  >&5
conftest.c:68:57: error: use of undeclared identifier 'loff_t'
static long int longval () { return (long int) (sizeof (loff_t)); }
                                                        ^
conftest.c:69:67: error: use of undeclared identifier 'loff_t'
static unsigned long int ulongval () { return (long int) (sizeof (loff_t)); }
                                                                  ^
conftest.c:79:28: error: use of undeclared identifier 'loff_t'
  if (((long int) (sizeof (loff_t))) < 0)
                           ^
conftest.c:82:37: error: use of undeclared identifier 'loff_t'
      if (i != ((long int) (sizeof (loff_t))))
                                    ^
conftest.c:89:37: error: use of undeclared identifier 'loff_t'
      if (i != ((long int) (sizeof (loff_t))))
                                    ^
5 errors generated.
configure:13253: $? = 1
configure: program exited with status 1
configure: failed program was:
| /* confdefs.h */
| #define PACKAGE_NAME "liboggz"
| #define PACKAGE_TARNAME "liboggz"
| #define PACKAGE_VERSION "1.1.1"
| #define PACKAGE_STRING "liboggz 1.1.1"
| #define PACKAGE_BUGREPORT "ogg-dev@xiph.org"
| #define PACKAGE_URL ""
| #define PACKAGE "liboggz"
| #define VERSION "1.1.1"
| #define STDC_HEADERS 1
| #define HAVE_SYS_TYPES_H 1
| #define HAVE_SYS_STAT_H 1
| #define HAVE_STDLIB_H 1
| #define HAVE_STRING_H 1
| #define HAVE_MEMORY_H 1
| #define HAVE_STRINGS_H 1
| #define HAVE_INTTYPES_H 1
| #define HAVE_STDINT_H 1
| #define HAVE_UNISTD_H 1
| #define HAVE_DLFCN_H 1
| #define LT_OBJDIR ".libs/"
| #define STDC_HEADERS 1
| #define HAVE_FCNTL_H 1
| #define HAVE_INTTYPES_H 1
| #define HAVE_STDLIB_H 1
| #define HAVE_STRING_H 1
| #define HAVE_SYS_TYPES_H 1
| #define HAVE_UNISTD_H 1
| #define HAVE_MEMMOVE 1
| #define HAVE_GETOPT_LONG /**/
| #define OGGZ_CONFIG_READ 1
| #define OGGZ_CONFIG_WRITE 0
| #define SIZEOF_OFF_T 4
| /* end confdefs.h.  */
| #include <stdio.h>
| #ifdef HAVE_SYS_TYPES_H
| # include <sys/types.h>
| #endif
| #ifdef HAVE_SYS_STAT_H
| # include <sys/stat.h>
| #endif
| #ifdef STDC_HEADERS
| # include <stdlib.h>
| # include <stddef.h>
| #else
| # ifdef HAVE_STDLIB_H
| #  include <stdlib.h>
| # endif
| #endif
| #ifdef HAVE_STRING_H
| # if !defined STDC_HEADERS && defined HAVE_MEMORY_H
| #  include <memory.h>
| # endif
| # include <string.h>
| #endif
| #ifdef HAVE_STRINGS_H
| # include <strings.h>
| #endif
| #ifdef HAVE_INTTYPES_H
| # include <inttypes.h>
| #endif
| #ifdef HAVE_STDINT_H
| # include <stdint.h>
| #endif
| #ifdef HAVE_UNISTD_H
| # include <unistd.h>
| #endif
| static long int longval () { return (long int) (sizeof (loff_t)); }
| static unsigned long int ulongval () { return (long int) (sizeof (loff_t)); }
| #include <stdio.h>
| #include <stdlib.h>
| int
| main ()
| {
| 
|   FILE *f = fopen ("conftest.val", "w");
|   if (! f)
|     return 1;
|   if (((long int) (sizeof (loff_t))) < 0)
|     {
|       long int i = longval ();
|       if (i != ((long int) (sizeof (loff_t))))
| 	return 1;
|       fprintf (f, "%ld", i);
|     }
|   else
|     {
|       unsigned long int i = ulongval ();
|       if (i != ((long int) (sizeof (loff_t))))
| 	return 1;
|       fprintf (f, "%lu", i);
|     }
|   /* Do not output a trailing newline, as this causes \r\n confusion
|      on some platforms.  */
|   return ferror (f) || fclose (f) != 0;
| 
|   ;
|   return 0;
| }
configure:13267: result: 0
configure:13281: checking size of off64_t
configure:13286: /opt/emsdk/emscripten/master/emcc -o conftest    conftest.c  >&5
conftest.c:69:57: error: use of undeclared identifier 'off64_t'
static long int longval () { return (long int) (sizeof (off64_t)); }
                                                        ^
conftest.c:70:67: error: use of undeclared identifier 'off64_t'
static unsigned long int ulongval () { return (long int) (sizeof (off64_t)); }
                                                                  ^
conftest.c:80:28: error: use of undeclared identifier 'off64_t'
  if (((long int) (sizeof (off64_t))) < 0)
                           ^
conftest.c:83:37: error: use of undeclared identifier 'off64_t'
      if (i != ((long int) (sizeof (off64_t))))
                                    ^
conftest.c:90:37: error: use of undeclared identifier 'off64_t'
      if (i != ((long int) (sizeof (off64_t))))
                                    ^
5 errors generated.
configure:13286: $? = 1
configure: program exited with status 1
configure: failed program was:
| /* confdefs.h */
| #define PACKAGE_NAME "liboggz"
| #define PACKAGE_TARNAME "liboggz"
| #define PACKAGE_VERSION "1.1.1"
| #define PACKAGE_STRING "liboggz 1.1.1"
| #define PACKAGE_BUGREPORT "ogg-dev@xiph.org"
| #define PACKAGE_URL ""
| #define PACKAGE "liboggz"
| #define VERSION "1.1.1"
| #define STDC_HEADERS 1
| #define HAVE_SYS_TYPES_H 1
| #define HAVE_SYS_STAT_H 1
| #define HAVE_STDLIB_H 1
| #define HAVE_STRING_H 1
| #define HAVE_MEMORY_H 1
| #define HAVE_STRINGS_H 1
| #define HAVE_INTTYPES_H 1
| #define HAVE_STDINT_H 1
| #define HAVE_UNISTD_H 1
| #define HAVE_DLFCN_H 1
| #define LT_OBJDIR ".libs/"
| #define STDC_HEADERS 1
| #define HAVE_FCNTL_H 1
| #define HAVE_INTTYPES_H 1
| #define HAVE_STDLIB_H 1
| #define HAVE_STRING_H 1
| #define HAVE_SYS_TYPES_H 1
| #define HAVE_UNISTD_H 1
| #define HAVE_MEMMOVE 1
| #define HAVE_GETOPT_LONG /**/
| #define OGGZ_CONFIG_READ 1
| #define OGGZ_CONFIG_WRITE 0
| #define SIZEOF_OFF_T 4
| #define SIZEOF_LOFF_T 0
| /* end confdefs.h.  */
| #include <stdio.h>
| #ifdef HAVE_SYS_TYPES_H
| # include <sys/types.h>
| #endif
| #ifdef HAVE_SYS_STAT_H
| # include <sys/stat.h>
| #endif
| #ifdef STDC_HEADERS
| # include <stdlib.h>
| # include <stddef.h>
| #else
| # ifdef HAVE_STDLIB_H
| #  include <stdlib.h>
| # endif
| #endif
| #ifdef HAVE_STRING_H
| # if !defined STDC_HEADERS && defined HAVE_MEMORY_H
| #  include <memory.h>
| # endif
| # include <string.h>
| #endif
| #ifdef HAVE_STRINGS_H
| # include <strings.h>
| #endif
| #ifdef HAVE_INTTYPES_H
| # include <inttypes.h>
| #endif
| #ifdef HAVE_STDINT_H
| # include <stdint.h>
| #endif
| #ifdef HAVE_UNISTD_H
| # include <unistd.h>
| #endif
| static long int longval () { return (long int) (sizeof (off64_t)); }
| static unsigned long int ulongval () { return (long int) (sizeof (off64_t)); }
| #include <stdio.h>
| #include <stdlib.h>
| int
| main ()
| {
| 
|   FILE *f = fopen ("conftest.val", "w");
|   if (! f)
|     return 1;
|   if (((long int) (sizeof (off64_t))) < 0)
|     {
|       long int i = longval ();
|       if (i != ((long int) (sizeof (off64_t))))
| 	return 1;
|       fprintf (f, "%ld", i);
|     }
|   else
|     {
|       unsigned long int i = ulongval ();
|       if (i != ((long int) (sizeof (off64_t))))
| 	return 1;
|       fprintf (f, "%lu", i);
|     }
|   /* Do not output a trailing newline, as this causes \r\n confusion
|      on some platforms.  */
|   return ferror (f) || fclose (f) != 0;
| 
|   ;
|   return 0;
| }
configure:13300: result: 0
configure:13376: checking for getconf
configure:13392: found /usr/bin/getconf
configure:13403: result: getconf
configure:13425: checking for CFLAGS value to request large file support
configure:13462: result: 
configure:13464: checking for LDFLAGS value to request large file support
configure:13474: result: 
configure:13476: checking for LIBS value to request large file support
configure:13486: result: 
configure:13531: checking for _FILE_OFFSET_BITS
configure:13548: result: no
configure:13562: checking for _LARGEFILE_SOURCE
configure:13583: result: no
configure:13592: checking for _LARGE_FILES
configure:13613: result: no
configure:13639: checking size of off_t
configure:13644: /opt/emsdk/emscripten/master/emcc -o conftest    conftest.c  >&5
configure:13644: $? = 0
configure:13644: ./conftest
configure:13644: $? = 0
configure:13658: result: 4
configure:13672: WARNING: This machine does not seem to support 64 bit file offsets.
configure:13714: checking for ssize_t
configure:13714: /opt/emsdk/emscripten/master/emcc -c   conftest.c >&5
configure:13714: $? = 0
configure:13714: /opt/emsdk/emscripten/master/emcc -c   conftest.c >&5
conftest.c:76:22: error: expected expression
if (sizeof ((ssize_t)))
                     ^
1 error generated.
ERROR    root: [31mcompiler frontend failed to generate LLVM bitcode, halting[0m
configure:13714: $? = 1
configure: failed program was:
| /* confdefs.h */
| #define PACKAGE_NAME "liboggz"
| #define PACKAGE_TARNAME "liboggz"
| #define PACKAGE_VERSION "1.1.1"
| #define PACKAGE_STRING "liboggz 1.1.1"
| #define PACKAGE_BUGREPORT "ogg-dev@xiph.org"
| #define PACKAGE_URL ""
| #define PACKAGE "liboggz"
| #define VERSION "1.1.1"
| #define STDC_HEADERS 1
| #define HAVE_SYS_TYPES_H 1
| #define HAVE_SYS_STAT_H 1
| #define HAVE_STDLIB_H 1
| #define HAVE_STRING_H 1
| #define HAVE_MEMORY_H 1
| #define HAVE_STRINGS_H 1
| #define HAVE_INTTYPES_H 1
| #define HAVE_STDINT_H 1
| #define HAVE_UNISTD_H 1
| #define HAVE_DLFCN_H 1
| #define LT_OBJDIR ".libs/"
| #define STDC_HEADERS 1
| #define HAVE_FCNTL_H 1
| #define HAVE_INTTYPES_H 1
| #define HAVE_STDLIB_H 1
| #define HAVE_STRING_H 1
| #define HAVE_SYS_TYPES_H 1
| #define HAVE_UNISTD_H 1
| #define HAVE_MEMMOVE 1
| #define HAVE_GETOPT_LONG /**/
| #define OGGZ_CONFIG_READ 1
| #define OGGZ_CONFIG_WRITE 0
| #define SIZEOF_OFF_T 4
| #define SIZEOF_LOFF_T 0
| #define SIZEOF_OFF64_T 0
| #define SIZEOF_OFF_T 4
| #define SIZEOF_OGGZ_OFF_T 4
| #define OGGZ_OFF_MAX 0x7FFFFFFF
| /* end confdefs.h.  */
| #include <stdio.h>
| #ifdef HAVE_SYS_TYPES_H
| # include <sys/types.h>
| #endif
| #ifdef HAVE_SYS_STAT_H
| # include <sys/stat.h>
| #endif
| #ifdef STDC_HEADERS
| # include <stdlib.h>
| # include <stddef.h>
| #else
| # ifdef HAVE_STDLIB_H
| #  include <stdlib.h>
| # endif
| #endif
| #ifdef HAVE_STRING_H
| # if !defined STDC_HEADERS && defined HAVE_MEMORY_H
| #  include <memory.h>
| # endif
| # include <string.h>
| #endif
| #ifdef HAVE_STRINGS_H
| # include <strings.h>
| #endif
| #ifdef HAVE_INTTYPES_H
| # include <inttypes.h>
| #endif
| #ifdef HAVE_STDINT_H
| # include <stdint.h>
| #endif
| #ifdef HAVE_UNISTD_H
| # include <unistd.h>
| #endif
| int
| main ()
| {
| if (sizeof ((ssize_t)))
| 	    return 0;
|   ;
|   return 0;
| }
configure:13714: result: yes
configure:13728: checking size of ssize_t
configure:13733: /opt/emsdk/emscripten/master/emcc -o conftest    conftest.c  >&5
configure:13733: $? = 0
configure:13733: ./conftest
configure:13733: $? = 0
configure:13747: result: 4
configure:13759: checking for timezone
configure:13775: /opt/emsdk/emscripten/master/emcc -c   conftest.c >&5
configure:13775: $? = 0
configure:13776: result: ok
configure:14149: checking that generated files are newer than configure
configure:14155: result: done
configure:14203: creating ./config.status

## ---------------------- ##
## Running config.status. ##
## ---------------------- ##

This file was extended by liboggz config.status 1.1.1, which was
generated by GNU Autoconf 2.69.  Invocation command line was

  CONFIG_FILES    = 
  CONFIG_HEADERS  = 
  CONFIG_LINKS    = 
  CONFIG_COMMANDS = 
  $ ./config.status 

on chris-ubuntu

config.status:1152: creating Makefile
config.status:1152: creating doc/Makefile
config.status:1152: creating doc/Doxyfile
config.status:1152: creating include/Makefile
config.status:1152: creating include/oggz/Makefile
config.status:1152: creating include/oggz/oggz_off_t_generated.h
config.status:1152: creating src/Makefile
config.status:1152: creating src/liboggz/Version_script
config.status:1152: creating src/liboggz/Makefile
config.status:1152: creating src/tools/Makefile
config.status:1152: creating src/tools/oggz-diff
config.status:1152: creating src/tools/oggz-chop/Makefile
config.status:1152: creating src/tests/Makefile
config.status:1152: creating src/examples/Makefile
config.status:1152: creating apache/oggz-chop.conf
config.status:1152: creating oggz.pc
config.status:1152: creating oggz-uninstalled.pc
config.status:1152: creating config.h
config.status:1366: executing depfiles commands
config.status:1366: executing libtool commands
configure:16478: result:
------------------------------------------------------------------------
  liboggz 1.1.1:  Automatic configuration OK.

  General configuration:

    Experimental code: ........... no
    Reading support: ............. yes
    Writing support: ............. no

  Tools:

    oggz-dump oggz-info oggz-scan oggz-codecs
    

  Installation paths:

    liboggz: ..................... /home/chris/Respostories/chrislearn/ogv.js/build/js/root/lib
    Tools: ....................... /home/chris/Respostories/chrislearn/ogv.js/build/js/root/bin
    C header files: .............. /home/chris/Respostories/chrislearn/ogv.js/build/js/root/include/oggz
    Documentation: ............... /home/chris/Respostories/chrislearn/ogv.js/build/js/root/share/doc/liboggz

  Building:

    Type 'make' to compile liboggz.

    Type 'make install' to install liboggz.

    Type 'make check' to test liboggz using the unit and functional tests
    contained in the src/tests directory.
    (Valgrind testing not enabled)

  Example programs will be built but not installed.
------------------------------------------------------------------------


## ---------------- ##
## Cache variables. ##
## ---------------- ##

ac_cv_build=x86_64-unknown-linux-gnu
ac_cv_c_bigendian=no
ac_cv_c_compiler_gnu=yes
ac_cv_c_const=yes
ac_cv_env_CC_set=set
ac_cv_env_CC_value=/opt/emsdk/emscripten/master/emcc
ac_cv_env_CFLAGS_set=set
ac_cv_env_CFLAGS_value=
ac_cv_env_CPPFLAGS_set=
ac_cv_env_CPPFLAGS_value=
ac_cv_env_CPP_set=
ac_cv_env_CPP_value=
ac_cv_env_LDFLAGS_set=
ac_cv_env_LDFLAGS_value=
ac_cv_env_LIBS_set=
ac_cv_env_LIBS_value=
ac_cv_env_OGG_CFLAGS_set=
ac_cv_env_OGG_CFLAGS_value=
ac_cv_env_OGG_LIBS_set=
ac_cv_env_OGG_LIBS_value=
ac_cv_env_PKG_CONFIG_LIBDIR_set=set
ac_cv_env_PKG_CONFIG_LIBDIR_value=/opt/emsdk/emscripten/master/system/local/lib/pkgconfig:/opt/emsdk/emscripten/master/system/lib/pkgconfig
ac_cv_env_PKG_CONFIG_PATH_set=set
ac_cv_env_PKG_CONFIG_PATH_value=
ac_cv_env_PKG_CONFIG_set=
ac_cv_env_PKG_CONFIG_value=
ac_cv_env_build_alias_set=
ac_cv_env_build_alias_value=
ac_cv_env_host_alias_set=
ac_cv_env_host_alias_value=
ac_cv_env_target_alias_set=
ac_cv_env_target_alias_value=
ac_cv_func_getopt_long=yes
ac_cv_func_memmove=yes
ac_cv_header_dlfcn_h=yes
ac_cv_header_fcntl_h=yes
ac_cv_header_inttypes_h=yes
ac_cv_header_memory_h=yes
ac_cv_header_stdc=yes
ac_cv_header_stdint_h=yes
ac_cv_header_stdlib_h=yes
ac_cv_header_string_h=yes
ac_cv_header_strings_h=yes
ac_cv_header_sys_stat_h=yes
ac_cv_header_sys_types_h=yes
ac_cv_header_unistd_h=yes
ac_cv_host=x86_64-unknown-linux-gnu
ac_cv_lib_getopt_getopt=yes
ac_cv_objext=o
ac_cv_path_EGREP='/bin/grep -E'
ac_cv_path_FGREP='/bin/grep -F'
ac_cv_path_GREP=/bin/grep
ac_cv_path_SED=/bin/sed
ac_cv_path_ac_pt_PKG_CONFIG=/usr/bin/pkg-config
ac_cv_path_install='/usr/bin/install -c'
ac_cv_path_mkdir=/bin/mkdir
ac_cv_prog_AWK=mawk
ac_cv_prog_CPP='/opt/emsdk/emscripten/master/emcc -E'
ac_cv_prog_HAVE_DOXYGEN=false
ac_cv_prog_HAVE_MAN2HTML=false
ac_cv_prog_HAVE_PKG_CONFIG=yes
ac_cv_prog_ac_ct_CC=/opt/emsdk/emscripten/master/emcc
ac_cv_prog_ac_ct_GETCONF=getconf
ac_cv_prog_ac_ct_MANIFEST_TOOL=mt
ac_cv_prog_ac_ct_OBJDUMP=objdump
ac_cv_prog_ac_ct_RANLIB=/opt/emsdk/emscripten/master/emranlib
ac_cv_prog_ac_ct_STRIP=strip
ac_cv_prog_cc_c89=
ac_cv_prog_cc_g=yes
ac_cv_prog_make_make_set=yes
ac_cv_sizeof_loff_t=0
ac_cv_sizeof_off64_t=0
ac_cv_sizeof_off_t=4
ac_cv_sizeof_ssize_t=4
ac_cv_sys_file_offset_bits=no
ac_cv_sys_large_files=no
ac_cv_sys_largefile_CFLAGS=
ac_cv_sys_largefile_LDFLAGS=
ac_cv_sys_largefile_LIBS=
ac_cv_sys_largefile_source=no
ac_cv_target=x86_64-unknown-linux-gnu
ac_cv_type_off_t=yes
ac_cv_type_size_t=yes
ac_cv_type_ssize_t=yes
am_cv_CC_dependencies_compiler_type=gcc3
am_cv_make_support_nested_variables=yes
am_cv_prog_cc_c_o=yes
lt_cv_ar_at_file=no
lt_cv_archive_cmds_need_lc=yes
lt_cv_deplibs_check_method=pass_all
lt_cv_file_magic_cmd='$MAGIC_CMD'
lt_cv_file_magic_test_file=
lt_cv_ld_reload_flag=-r
lt_cv_nm_interface='BSD nm'
lt_cv_objdir=.libs
lt_cv_path_LD=/opt/emsdk/emscripten/master/emcc
lt_cv_path_NM='/usr/bin/nm -B'
lt_cv_path_mainfest_tool=no
lt_cv_prog_compiler_c_o=yes
lt_cv_prog_compiler_pic='-fPIC -DPIC'
lt_cv_prog_compiler_pic_works=yes
lt_cv_prog_compiler_rtti_exceptions=yes
lt_cv_prog_compiler_static_works=yes
lt_cv_prog_gnu_ld=yes
lt_cv_sharedlib_from_linklib_cmd='printf %s\n'
lt_cv_shlibpath_overrides_runpath=no
lt_cv_sys_global_symbol_pipe=
lt_cv_sys_global_symbol_to_c_name_address='sed -n -e '\''s/^: \([^ ]*\)[ ]*$/  {\"\1\", (void *) 0},/p'\'' -e '\''s/^[ABCDGIRSTW]* \([^ ]*\) \([^ ]*\)$/  {"\2", (void *) \&\2},/p'\'''
lt_cv_sys_global_symbol_to_c_name_address_lib_prefix='sed -n -e '\''s/^: \([^ ]*\)[ ]*$/  {\"\1\", (void *) 0},/p'\'' -e '\''s/^[ABCDGIRSTW]* \([^ ]*\) \(lib[^ ]*\)$/  {"\2", (void *) \&\2},/p'\'' -e '\''s/^[ABCDGIRSTW]* \([^ ]*\) \([^ ]*\)$/  {"lib\2", (void *) \&\2},/p'\'''
lt_cv_sys_global_symbol_to_cdecl=
lt_cv_sys_max_cmd_len=1572864
lt_cv_to_host_file_cmd=func_convert_file_noop
lt_cv_to_tool_file_cmd=func_convert_file_noop

## ----------------- ##
## Output variables. ##
## ----------------- ##

ACLOCAL='${SHELL} /home/chris/Respostories/chrislearn/ogv.js/liboggz/missing aclocal-1.14'
ACLOCAL_AMFLAGS='-I m4'
AMDEPBACKSLASH='\'
AMDEP_FALSE='#'
AMDEP_TRUE=''
AMTAR='$${TAR-tar}'
AM_BACKSLASH='\'
AM_DEFAULT_V='$(AM_DEFAULT_VERBOSITY)'
AM_DEFAULT_VERBOSITY='1'
AM_V='$(V)'
AR='/opt/emsdk/emscripten/master/emar'
AUTOCONF='${SHELL} /home/chris/Respostories/chrislearn/ogv.js/liboggz/missing autoconf'
AUTOHEADER='${SHELL} /home/chris/Respostories/chrislearn/ogv.js/liboggz/missing autoheader'
AUTOMAKE='${SHELL} /home/chris/Respostories/chrislearn/ogv.js/liboggz/missing automake-1.14'
AWK='mawk'
BINDIR='/home/chris/Respostories/chrislearn/ogv.js/build/js/root/bin'
CC='/opt/emsdk/emscripten/master/emcc'
CCDEPMODE='depmode=gcc3'
CFLAGS=' -Wall -Wextra -g -std=gnu99 -Wdeclaration-after-statement -Wno-unused'
CPP='/opt/emsdk/emscripten/master/emcc -E'
CPPFLAGS=''
CYGPATH_W='echo'
DEFS='-DHAVE_CONFIG_H'
DEPDIR='.deps'
DLLTOOL='false'
DOCDIR='/home/chris/Respostories/chrislearn/ogv.js/build/js/root/share/doc/liboggz'
DSYMUTIL=''
DUMPBIN=''
ECHO_C=''
ECHO_N='-n'
ECHO_T=''
EGREP='/bin/grep -E'
EXEEXT=''
FGREP='/bin/grep -F'
GETCONF='getconf'
GETOPT_LIBS='-lgetopt'
GREP='/bin/grep'
HAVE_DOXYGEN='false'
HAVE_DOXYGEN_FALSE=''
HAVE_DOXYGEN_TRUE='#'
HAVE_MAN2HTML='false'
HAVE_MAN2HTML_FALSE=''
HAVE_MAN2HTML_TRUE='#'
HAVE_OGG_FALSE='#'
HAVE_OGG_TRUE=''
HAVE_PKG_CONFIG='yes'
HAVE_VALGRIND=''
INCLUDEDIR='/home/chris/Respostories/chrislearn/ogv.js/build/js/root/include'
INSTALL_DATA='${INSTALL} -m 644'
INSTALL_PROGRAM='${INSTALL}'
INSTALL_SCRIPT='${INSTALL}'
INSTALL_STRIP_PROGRAM='$(install_sh) -c -s'
LD='/opt/emsdk/emscripten/master/emcc'
LDFLAGS=''
LIBDIR='/home/chris/Respostories/chrislearn/ogv.js/build/js/root/lib'
LIBOBJS=''
LIBS=''
LIBTOOL='$(SHELL) $(top_builddir)/libtool'
LIPO=''
LN_S='ln -s'
LTLIBOBJS=''
MAINT=''
MAINTAINER_MODE_FALSE='#'
MAINTAINER_MODE_TRUE=''
MAKEINFO='${SHELL} /home/chris/Respostories/chrislearn/ogv.js/liboggz/missing makeinfo'
MANIFEST_TOOL=':'
MKDIR_P='/bin/mkdir -p'
NM='/usr/bin/nm -B'
NMEDIT=''
OBJDUMP='objdump'
OBJEXT='o'
OGGZ_CONFIG_READ_FALSE='#'
OGGZ_CONFIG_READ_TRUE=''
OGGZ_CONFIG_WRITE_FALSE=''
OGGZ_CONFIG_WRITE_TRUE='#'
OGGZ_OFF_MAX='0x7FFFFFFF'
OGG_CFLAGS='-I/home/chris/Respostories/chrislearn/ogv.js/build/js/root/include'
OGG_LIBS='-L/home/chris/Respostories/chrislearn/ogv.js/build/js/root/lib -logg'
OTOOL64=''
OTOOL=''
PACKAGE='liboggz'
PACKAGE_BUGREPORT='ogg-dev@xiph.org'
PACKAGE_NAME='liboggz'
PACKAGE_STRING='liboggz 1.1.1'
PACKAGE_TARNAME='liboggz'
PACKAGE_URL=''
PACKAGE_VERSION='1.1.1'
PATH_SEPARATOR=':'
PKG_CONFIG='/usr/bin/pkg-config'
PKG_CONFIG_LIBDIR='/opt/emsdk/emscripten/master/system/local/lib/pkgconfig:/opt/emsdk/emscripten/master/system/lib/pkgconfig'
PKG_CONFIG_PATH=''
PRI_OGGZ_OFF_T='l'
RANLIB='/opt/emsdk/emscripten/master/emranlib'
SED='/bin/sed'
SET_MAKE=''
SHARED_VERSION_INFO='8:0:6'
SHELL='/bin/bash'
SHLIB_VERSION_ARG='-Wl,--version-script=Version_script'
SIZEOF_OGGZ_OFF_T='4'
STRIP='strip'
TYPEOF_OGGZ_OFF_T='off_t'
VALGRIND_ENVIRONMENT=''
VERSION='1.1.1'
ac_ct_AR=''
ac_ct_CC='/opt/emsdk/emscripten/master/emcc'
ac_ct_DUMPBIN=''
am__EXEEXT_FALSE=''
am__EXEEXT_TRUE='#'
am__fastdepCC_FALSE='#'
am__fastdepCC_TRUE=''
am__include='include'
am__isrc=' -I$(srcdir)'
am__leading_dot='.'
am__nodep='_no'
am__quote=''
am__tar='$${TAR-tar} chof - "$$tardir"'
am__untar='$${TAR-tar} xf -'
bindir='${exec_prefix}/bin'
build='x86_64-unknown-linux-gnu'
build_alias=''
build_cpu='x86_64'
build_os='linux-gnu'
build_vendor='unknown'
datadir='${datarootdir}'
datarootdir='${prefix}/share'
docdir='${datarootdir}/doc/${PACKAGE_TARNAME}'
dvidir='${docdir}'
exec_prefix='${prefix}'
host='x86_64-unknown-linux-gnu'
host_alias=''
host_cpu='x86_64'
host_os='linux-gnu'
host_vendor='unknown'
htmldir='${docdir}'
includedir='${prefix}/include'
infodir='${datarootdir}/info'
install_sh='${SHELL} /home/chris/Respostories/chrislearn/ogv.js/liboggz/install-sh'
libdir='${exec_prefix}/lib'
libexecdir='${exec_prefix}/libexec'
localedir='${datarootdir}/locale'
localstatedir='${prefix}/var'
mandir='${datarootdir}/man'
mkdir_p='$(MKDIR_P)'
oldincludedir='/usr/include'
pdfdir='${docdir}'
prefix='/home/chris/Respostories/chrislearn/ogv.js/build/js/root'
program_transform_name='s,x,x,'
psdir='${docdir}'
sbindir='${exec_prefix}/sbin'
sharedstatedir='${prefix}/com'
sysconfdir='${prefix}/etc'
target='x86_64-unknown-linux-gnu'
target_alias=''
target_cpu='x86_64'
target_os='linux-gnu'
target_vendor='unknown'

## ----------- ##
## confdefs.h. ##
## ----------- ##

/* confdefs.h */
#define PACKAGE_NAME "liboggz"
#define PACKAGE_TARNAME "liboggz"
#define PACKAGE_VERSION "1.1.1"
#define PACKAGE_STRING "liboggz 1.1.1"
#define PACKAGE_BUGREPORT "ogg-dev@xiph.org"
#define PACKAGE_URL ""
#define PACKAGE "liboggz"
#define VERSION "1.1.1"
#define STDC_HEADERS 1
#define HAVE_SYS_TYPES_H 1
#define HAVE_SYS_STAT_H 1
#define HAVE_STDLIB_H 1
#define HAVE_STRING_H 1
#define HAVE_MEMORY_H 1
#define HAVE_STRINGS_H 1
#define HAVE_INTTYPES_H 1
#define HAVE_STDINT_H 1
#define HAVE_UNISTD_H 1
#define HAVE_DLFCN_H 1
#define LT_OBJDIR ".libs/"
#define STDC_HEADERS 1
#define HAVE_FCNTL_H 1
#define HAVE_INTTYPES_H 1
#define HAVE_STDLIB_H 1
#define HAVE_STRING_H 1
#define HAVE_SYS_TYPES_H 1
#define HAVE_UNISTD_H 1
#define HAVE_MEMMOVE 1
#define HAVE_GETOPT_LONG /**/
#define OGGZ_CONFIG_READ 1
#define OGGZ_CONFIG_WRITE 0
#define SIZEOF_OFF_T 4
#define SIZEOF_LOFF_T 0
#define SIZEOF_OFF64_T 0
#define SIZEOF_OFF_T 4
#define SIZEOF_OGGZ_OFF_T 4
#define OGGZ_OFF_MAX 0x7FFFFFFF
#define HAVE_SSIZE_T 1
#define SIZEOF_SSIZE_T 4

configure: exit 0
