This file contains any messages produced by compilers while
running configure, to aid debugging if configure makes a mistake.

It was created by libskeleton configure 0.1.0, which was
generated by GNU Autoconf 2.69.  Invocation command line was

  $ ../../../libskeleton/configure --prefix=/home/chris/Respostories/chrislearn/ogv.js/build/js/root PKG_CONFIG_PATH=/home/chris/Respostories/chrislearn/ogv.js/build/js/root/lib/pkgconfig

## --------- ##
## Platform. ##
## --------- ##

hostname = chris-ubuntu
uname -m = x86_64
uname -r = 3.19.0-28-generic
uname -s = Linux
uname -v = #30-Ubuntu SMP Mon Aug 31 15:52:51 UTC 2015

/usr/bin/uname -p = unknown
/bin/uname -X     = unknown

/bin/arch              = unknown
/usr/bin/arch -k       = unknown
/usr/convex/getsysinfo = unknown
/usr/bin/hostinfo      = unknown
/bin/machine           = unknown
/usr/bin/oslevel       = unknown
/bin/universe          = unknown

PATH: /opt/emsdk/emscripten/master/system/bin
PATH: /opt/emsdk
PATH: /opt/emsdk/clang/fastcomp/build_master_64/bin
PATH: /opt/emsdk/emscripten/master
PATH: /home/chris/.rbenv/shims
PATH: /home/chris/.rbenv/bin
PATH: /home/chris/.gvm/pkgsets/go1.4.2/global/bin
PATH: /home/chris/.gvm/gos/go1.4.2/bin
PATH: /home/chris/.gvm/pkgsets/go1.4.2/global/overlay/bin
PATH: /home/chris/.gvm/bin
PATH: /home/chris/.gvm/bin
PATH: /home/chris/.nvm/versions/io.js/v3.0.0/bin
PATH: /usr/local/sbin
PATH: /usr/local/bin
PATH: /usr/sbin
PATH: /usr/bin
PATH: /sbin
PATH: /bin
PATH: /usr/games
PATH: /usr/local/games
PATH: /home/chris/Projects/go/bin


## ----------- ##
## Core tests. ##
## ----------- ##

configure:2202: checking build system type
configure:2216: result: x86_64-unknown-linux-gnu
configure:2236: checking host system type
configure:2249: result: x86_64-unknown-linux-gnu
configure:2269: checking target system type
configure:2282: result: x86_64-unknown-linux-gnu
configure:2325: checking for a BSD-compatible install
configure:2393: result: /usr/bin/install -c
configure:2404: checking whether build environment is sane
configure:2459: result: yes
configure:2610: checking for a thread-safe mkdir -p
configure:2649: result: /bin/mkdir -p
configure:2656: checking for gawk
configure:2686: result: no
configure:2656: checking for mawk
configure:2672: found /usr/bin/mawk
configure:2683: result: mawk
configure:2694: checking whether make sets $(MAKE)
configure:2716: result: yes
configure:2745: checking whether make supports nested variables
configure:2762: result: yes
configure:2944: checking for gcc
configure:2971: result: /opt/emsdk/emscripten/master/emcc
configure:3200: checking for C compiler version
configure:3209: /opt/emsdk/emscripten/master/emcc --version >&5
emcc (Emscripten gcc/clang-like replacement) 1.33.0 (commit 2643bd9513638ea32f8023c153f50d2564745a5f)
Copyright (C) 2014 the Emscripten authors (see AUTHORS.txt)
This is free and open source software under the MIT license.
There is NO warranty; not even for MERCHANTABILITY or FITNESS FOR A PARTICULAR PURPOSE.
  
configure:3220: $? = 0
configure:3209: /opt/emsdk/emscripten/master/emcc -v >&5
emcc (Emscripten gcc/clang-like replacement + linker emulating GNU ld) 1.33.0
(autoconf likes to see GNU above to enable shared object support)
  
clang version 3.7.0 (https://github.com/kripken/emscripten-fastcomp-clang/ 2a66b5ffba63f1e36458d41fafc2874a1abf63fe) (https://github.com/kripken/emscripten-fastcomp/ e2939f6878307899c17d1a23f51ba3fe5afbe6af)
Target: x86_64-unknown-linux-gnu
Thread model: posix
Found candidate GCC installation: /usr/lib/gcc/x86_64-linux-gnu/4.9
Found candidate GCC installation: /usr/lib/gcc/x86_64-linux-gnu/4.9.2
Found candidate GCC installation: /usr/lib/gcc/x86_64-linux-gnu/5.0.1
Selected GCC installation: /usr/lib/gcc/x86_64-linux-gnu/4.9
Candidate multilib: .;@m64
Selected multilib: .;@m64
INFO     root: [32m(Emscripten: Running sanity checks)[0m
... rest of stderr output deleted ...
configure:3220: $? = 0
configure:3209: /opt/emsdk/emscripten/master/emcc -V >&5
ERROR    root: [31mno input files
note that input files without a known suffix are ignored, make sure your input files end with one of: ('.c', '.C', '.i', '.cpp', '.cxx', '.cc', '.c++', '.CPP', '.CXX', '.CC', '.C++', '.ii', '.m', '.mi', '.mm', '.mii', '.bc', '.o', '.obj', '.dylib', '.so', '.a', '.ll', '.h', '.hxx', '.hpp', '.hh', '.H', '.HXX', '.HPP', '.HH')[0m
configure:3220: $? = 0
configure:3209: /opt/emsdk/emscripten/master/emcc -qversion >&5
ERROR    root: [31mno input files
note that input files without a known suffix are ignored, make sure your input files end with one of: ('.c', '.C', '.i', '.cpp', '.cxx', '.cc', '.c++', '.CPP', '.CXX', '.CC', '.C++', '.ii', '.m', '.mi', '.mm', '.mii', '.bc', '.o', '.obj', '.dylib', '.so', '.a', '.ll', '.h', '.hxx', '.hpp', '.hh', '.H', '.HXX', '.HPP', '.HH')[0m
configure:3220: $? = 0
configure:3240: checking whether the C compiler works
configure:3262: /opt/emsdk/emscripten/master/emcc    conftest.c  >&5
configure:3266: $? = 0
configure:3314: result: yes
configure:3317: checking for C compiler default output file name
configure:3319: result: a.out
configure:3325: checking for suffix of executables
configure:3332: /opt/emsdk/emscripten/master/emcc -o conftest    conftest.c  >&5
configure:3336: $? = 0
configure:3358: result: 
configure:3380: checking whether we are cross compiling
configure:3388: /opt/emsdk/emscripten/master/emcc -o conftest    conftest.c  >&5
configure:3392: $? = 0
configure:3399: ./conftest
configure:3403: $? = 0
configure:3418: result: no
configure:3423: checking for suffix of object files
configure:3445: /opt/emsdk/emscripten/master/emcc -c   conftest.c >&5
configure:3449: $? = 0
configure:3470: result: o
configure:3474: checking whether we are using the GNU C compiler
configure:3493: /opt/emsdk/emscripten/master/emcc -c   conftest.c >&5
configure:3493: $? = 0
configure:3502: result: yes
configure:3511: checking whether /opt/emsdk/emscripten/master/emcc accepts -g
configure:3531: /opt/emsdk/emscripten/master/emcc -c -g  conftest.c >&5
configure:3531: $? = 0
configure:3572: result: yes
configure:3589: checking for /opt/emsdk/emscripten/master/emcc option to accept ISO C89
configure:3652: /opt/emsdk/emscripten/master/emcc  -c   conftest.c >&5
configure:3652: $? = 0
configure:3665: result: none needed
configure:3690: checking whether /opt/emsdk/emscripten/master/emcc understands -c and -o together
configure:3712: /opt/emsdk/emscripten/master/emcc -c conftest.c -o conftest2.o
configure:3715: $? = 0
configure:3712: /opt/emsdk/emscripten/master/emcc -c conftest.c -o conftest2.o
configure:3715: $? = 0
configure:3727: result: yes
configure:3755: checking for style of include used by make
configure:3783: result: GNU
configure:3809: checking dependency style of /opt/emsdk/emscripten/master/emcc
configure:3920: result: gcc3
configure:3981: checking how to print strings
configure:4008: result: printf
configure:4029: checking for a sed that does not truncate output
configure:4093: result: /bin/sed
configure:4111: checking for grep that handles long lines and -e
configure:4169: result: /bin/grep
configure:4174: checking for egrep
configure:4236: result: /bin/grep -E
configure:4241: checking for fgrep
configure:4303: result: /bin/grep -F
configure:4338: checking for ld used by /opt/emsdk/emscripten/master/emcc
ERROR    root: [31mno input files
note that input files without a known suffix are ignored, make sure your input files end with one of: ('.c', '.C', '.i', '.cpp', '.cxx', '.cc', '.c++', '.CPP', '.CXX', '.CC', '.C++', '.ii', '.m', '.mi', '.mm', '.mii', '.bc', '.o', '.obj', '.dylib', '.so', '.a', '.ll', '.h', '.hxx', '.hpp', '.hh', '.H', '.HXX', '.HPP', '.HH')[0m
configure:4405: result: /opt/emsdk/emscripten/master/emcc
configure:4412: checking if the linker (/opt/emsdk/emscripten/master/emcc) is GNU ld
configure:4427: result: yes
configure:4439: checking for BSD- or MS-compatible name lister (nm)
configure:4488: result: /usr/bin/nm -B
configure:4618: checking the name lister (/usr/bin/nm -B) interface
configure:4625: /opt/emsdk/emscripten/master/emcc -c   conftest.c >&5
configure:4628: /usr/bin/nm -B "conftest.o"
/usr/bin/nm: conftest.o: File format not recognized
configure:4631: output
configure:4638: result: BSD nm
configure:4641: checking whether ln -s works
configure:4645: result: yes
configure:4653: checking the maximum length of command line arguments
configure:4784: result: 1572864
configure:4801: checking whether the shell understands some XSI constructs
configure:4811: result: yes
configure:4815: checking whether the shell understands "+="
configure:4821: result: yes
configure:4856: checking how to convert x86_64-unknown-linux-gnu file names to x86_64-unknown-linux-gnu format
configure:4896: result: func_convert_file_noop
configure:4903: checking how to convert x86_64-unknown-linux-gnu file names to toolchain format
configure:4923: result: func_convert_file_noop
configure:4930: checking for /opt/emsdk/emscripten/master/emcc option to reload object files
configure:4937: result: -r
configure:5011: checking for objdump
configure:5027: found /usr/bin/objdump
configure:5038: result: objdump
configure:5070: checking how to recognize dependent libraries
configure:5268: result: pass_all
configure:5353: checking for dlltool
configure:5383: result: no
configure:5413: checking how to associate runtime and link libraries
configure:5440: result: printf %s\n
configure:5565: checking for archiver @FILE support
configure:5582: /opt/emsdk/emscripten/master/emcc -c   conftest.c >&5
configure:5582: $? = 0
configure:5585: /opt/emsdk/emscripten/master/emar cru libconftest.a @conftest.lst >&5
configure:5588: $? = 0
configure:5593: /opt/emsdk/emscripten/master/emar cru libconftest.a @conftest.lst >&5
/opt/emsdk/clang/fastcomp/build_master_64/bin/llvm-ar: conftest.o: No such file or directory.
configure:5596: $? = 0
configure:5608: result: no
configure:5666: checking for strip
configure:5682: found /usr/bin/strip
configure:5693: result: strip
configure:5765: checking for ranlib
configure:5792: result: /opt/emsdk/emscripten/master/emranlib
configure:5894: checking command to parse /usr/bin/nm -B output from /opt/emsdk/emscripten/master/emcc object
configure:6014: /opt/emsdk/emscripten/master/emcc -c   conftest.c >&5
configure:6017: $? = 0
configure:6021: /usr/bin/nm -B conftest.o \| sed -n -e 's/^.*[ ]\([ABCDGIRSTW][ABCDGIRSTW]*\)[ ][ ]*\([_A-Za-z][_A-Za-z0-9]*\)$/\1 \2 \2/p' | sed '/ __gnu_lto/d' \> conftest.nm
/usr/bin/nm: conftest.o: File format not recognized
configure:6024: $? = 0
cannot run sed -n -e 's/^.*[	 ]\([ABCDGIRSTW][ABCDGIRSTW]*\)[	 ][	 ]*\([_A-Za-z][_A-Za-z0-9]*\)$/\1 \2 \2/p' | sed '/ __gnu_lto/d'
configure:6014: /opt/emsdk/emscripten/master/emcc -c   conftest.c >&5
configure:6017: $? = 0
configure:6021: /usr/bin/nm -B conftest.o \| sed -n -e 's/^.*[ ]\([ABCDGIRSTW][ABCDGIRSTW]*\)[ ][ ]*_\([_A-Za-z][_A-Za-z0-9]*\)$/\1 _\2 \2/p' | sed '/ __gnu_lto/d' \> conftest.nm
/usr/bin/nm: conftest.o: File format not recognized
configure:6024: $? = 0
cannot run sed -n -e 's/^.*[	 ]\([ABCDGIRSTW][ABCDGIRSTW]*\)[	 ][	 ]*_\([_A-Za-z][_A-Za-z0-9]*\)$/\1 _\2 \2/p' | sed '/ __gnu_lto/d'
configure:6128: result: failed
configure:6168: checking for sysroot
configure:6198: result: no
configure:6275: /opt/emsdk/emscripten/master/emcc -c   conftest.c >&5
configure:6278: $? = 0
configure:6467: checking for mt
configure:6483: found /bin/mt
configure:6494: result: mt
configure:6517: checking if mt is a manifest tool
configure:6523: mt '-?'
configure:6531: result: no
configure:7173: checking how to run the C preprocessor
configure:7204: /opt/emsdk/emscripten/master/emcc -E  conftest.c
configure:7204: $? = 0
configure:7218: /opt/emsdk/emscripten/master/emcc -E  conftest.c
conftest.c:11:10: fatal error: 'ac_nonexistent.h' file not found
#include <ac_nonexistent.h>
         ^
1 error generated.
configure:7218: $? = 1
configure: failed program was:
| /* confdefs.h */
| #define PACKAGE_NAME "libskeleton"
| #define PACKAGE_TARNAME "libskeleton"
| #define PACKAGE_VERSION "0.1.0"
| #define PACKAGE_STRING "libskeleton 0.1.0"
| #define PACKAGE_BUGREPORT "https://bugs.launchpad.net/skeleton"
| #define PACKAGE_URL ""
| #define PACKAGE "libskeleton"
| #define VERSION "0.1.0"
| /* end confdefs.h.  */
| #include <ac_nonexistent.h>
configure:7243: result: /opt/emsdk/emscripten/master/emcc -E
configure:7263: /opt/emsdk/emscripten/master/emcc -E  conftest.c
configure:7263: $? = 0
configure:7277: /opt/emsdk/emscripten/master/emcc -E  conftest.c
conftest.c:11:10: fatal error: 'ac_nonexistent.h' file not found
#include <ac_nonexistent.h>
         ^
1 error generated.
configure:7277: $? = 1
configure: failed program was:
| /* confdefs.h */
| #define PACKAGE_NAME "libskeleton"
| #define PACKAGE_TARNAME "libskeleton"
| #define PACKAGE_VERSION "0.1.0"
| #define PACKAGE_STRING "libskeleton 0.1.0"
| #define PACKAGE_BUGREPORT "https://bugs.launchpad.net/skeleton"
| #define PACKAGE_URL ""
| #define PACKAGE "libskeleton"
| #define VERSION "0.1.0"
| /* end confdefs.h.  */
| #include <ac_nonexistent.h>
configure:7306: checking for ANSI C header files
configure:7326: /opt/emsdk/emscripten/master/emcc -c   conftest.c >&5
configure:7326: $? = 0
configure:7399: /opt/emsdk/emscripten/master/emcc -o conftest    conftest.c  >&5
configure:7399: $? = 0
configure:7399: ./conftest
configure:7399: $? = 0
configure:7410: result: yes
configure:7423: checking for sys/types.h
configure:7423: /opt/emsdk/emscripten/master/emcc -c   conftest.c >&5
configure:7423: $? = 0
configure:7423: result: yes
configure:7423: checking for sys/stat.h
configure:7423: /opt/emsdk/emscripten/master/emcc -c   conftest.c >&5
configure:7423: $? = 0
configure:7423: result: yes
configure:7423: checking for stdlib.h
configure:7423: /opt/emsdk/emscripten/master/emcc -c   conftest.c >&5
configure:7423: $? = 0
configure:7423: result: yes
configure:7423: checking for string.h
configure:7423: /opt/emsdk/emscripten/master/emcc -c   conftest.c >&5
configure:7423: $? = 0
configure:7423: result: yes
configure:7423: checking for memory.h
configure:7423: /opt/emsdk/emscripten/master/emcc -c   conftest.c >&5
configure:7423: $? = 0
configure:7423: result: yes
configure:7423: checking for strings.h
configure:7423: /opt/emsdk/emscripten/master/emcc -c   conftest.c >&5
configure:7423: $? = 0
configure:7423: result: yes
configure:7423: checking for inttypes.h
configure:7423: /opt/emsdk/emscripten/master/emcc -c   conftest.c >&5
configure:7423: $? = 0
configure:7423: result: yes
configure:7423: checking for stdint.h
configure:7423: /opt/emsdk/emscripten/master/emcc -c   conftest.c >&5
configure:7423: $? = 0
configure:7423: result: yes
configure:7423: checking for unistd.h
configure:7423: /opt/emsdk/emscripten/master/emcc -c   conftest.c >&5
configure:7423: $? = 0
configure:7423: result: yes
configure:7437: checking for dlfcn.h
configure:7437: /opt/emsdk/emscripten/master/emcc -c   conftest.c >&5
configure:7437: $? = 0
configure:7437: result: yes
configure:7643: checking for objdir
configure:7658: result: .libs
configure:7925: checking if /opt/emsdk/emscripten/master/emcc supports -fno-rtti -fno-exceptions
configure:7943: /opt/emsdk/emscripten/master/emcc -c   -fno-rtti -fno-exceptions conftest.c >&5
configure:7947: $? = 0
configure:7960: result: yes
configure:8287: checking for /opt/emsdk/emscripten/master/emcc option to produce PIC
configure:8294: result: -fPIC -DPIC
configure:8302: checking if /opt/emsdk/emscripten/master/emcc PIC flag -fPIC -DPIC works
configure:8320: /opt/emsdk/emscripten/master/emcc -c   -fPIC -DPIC -DPIC conftest.c >&5
configure:8324: $? = 0
configure:8337: result: yes
configure:8366: checking if /opt/emsdk/emscripten/master/emcc static flag -static works
configure:8394: result: yes
configure:8409: checking if /opt/emsdk/emscripten/master/emcc supports -c -o file.o
configure:8430: /opt/emsdk/emscripten/master/emcc -c   -o out/conftest2.o conftest.c >&5
configure:8434: $? = 0
configure:8456: result: yes
configure:8464: checking if /opt/emsdk/emscripten/master/emcc supports -c -o file.o
configure:8511: result: yes
configure:8544: checking whether the /opt/emsdk/emscripten/master/emcc linker (/opt/emsdk/emscripten/master/emcc) supports shared libraries
configure:9701: result: yes
configure:9738: checking whether -lc should be explicitly linked in
configure:9746: /opt/emsdk/emscripten/master/emcc -c   conftest.c >&5
configure:9749: $? = 0
configure:9764: /opt/emsdk/emscripten/master/emcc -shared  -fPIC -DPIC conftest.o  -v -Wl,-soname -Wl,conftest -o conftest 2\>\&1 \| /bin/grep  -lc  \>/dev/null 2\>\&1
configure:9767: $? = 1
configure:9781: result: yes
configure:9941: checking dynamic linker characteristics
configure:10441: /opt/emsdk/emscripten/master/emcc -o conftest    -Wl,-rpath -Wl,/foo conftest.c  >&5
configure:10441: $? = 0
configure:10675: result: GNU/Linux ld.so
configure:10782: checking how to hardcode library paths into programs
configure:10807: result: immediate
configure:11347: checking whether stripping libraries is possible
configure:11352: result: yes
configure:11387: checking if libtool supports shared libraries
configure:11389: result: yes
configure:11392: checking whether to build shared libraries
configure:11413: result: yes
configure:11416: checking whether to build static libraries
configure:11420: result: yes
configure:11458: checking whether make sets $(MAKE)
configure:11480: result: yes
configure:11490: checking for an ANSI C-conforming const
configure:11556: /opt/emsdk/emscripten/master/emcc -c   conftest.c >&5
configure:11556: $? = 0
configure:11563: result: yes
configure:11571: checking whether byte ordering is bigendian
configure:11586: /opt/emsdk/emscripten/master/emcc -c   conftest.c >&5
conftest.c:24:9: error: unknown type name 'not'
               not a universal capable compiler
               ^
conftest.c:24:14: error: expected ';' after top level declarator
               not a universal capable compiler
                    ^
                    ;
2 errors generated.
ERROR    root: [31mcompiler frontend failed to generate LLVM bitcode, halting[0m
configure:11586: $? = 1
configure: failed program was:
| /* confdefs.h */
| #define PACKAGE_NAME "libskeleton"
| #define PACKAGE_TARNAME "libskeleton"
| #define PACKAGE_VERSION "0.1.0"
| #define PACKAGE_STRING "libskeleton 0.1.0"
| #define PACKAGE_BUGREPORT "https://bugs.launchpad.net/skeleton"
| #define PACKAGE_URL ""
| #define PACKAGE "libskeleton"
| #define VERSION "0.1.0"
| #define STDC_HEADERS 1
| #define HAVE_SYS_TYPES_H 1
| #define HAVE_SYS_STAT_H 1
| #define HAVE_STDLIB_H 1
| #define HAVE_STRING_H 1
| #define HAVE_MEMORY_H 1
| #define HAVE_STRINGS_H 1
| #define HAVE_INTTYPES_H 1
| #define HAVE_STDINT_H 1
| #define HAVE_UNISTD_H 1
| #define HAVE_DLFCN_H 1
| #define LT_OBJDIR ".libs/"
| /* end confdefs.h.  */
| #ifndef __APPLE_CC__
| 	       not a universal capable compiler
| 	     #endif
| 	     typedef int dummy;
| 
configure:11631: /opt/emsdk/emscripten/master/emcc -c   conftest.c >&5
configure:11631: $? = 0
configure:11649: /opt/emsdk/emscripten/master/emcc -c   conftest.c >&5
conftest.c:30:4: error: use of undeclared identifier 'not'
                 not big endian
                 ^
1 error generated.
ERROR    root: [31mcompiler frontend failed to generate LLVM bitcode, halting[0m
configure:11649: $? = 1
configure: failed program was:
| /* confdefs.h */
| #define PACKAGE_NAME "libskeleton"
| #define PACKAGE_TARNAME "libskeleton"
| #define PACKAGE_VERSION "0.1.0"
| #define PACKAGE_STRING "libskeleton 0.1.0"
| #define PACKAGE_BUGREPORT "https://bugs.launchpad.net/skeleton"
| #define PACKAGE_URL ""
| #define PACKAGE "libskeleton"
| #define VERSION "0.1.0"
| #define STDC_HEADERS 1
| #define HAVE_SYS_TYPES_H 1
| #define HAVE_SYS_STAT_H 1
| #define HAVE_STDLIB_H 1
| #define HAVE_STRING_H 1
| #define HAVE_MEMORY_H 1
| #define HAVE_STRINGS_H 1
| #define HAVE_INTTYPES_H 1
| #define HAVE_STDINT_H 1
| #define HAVE_UNISTD_H 1
| #define HAVE_DLFCN_H 1
| #define LT_OBJDIR ".libs/"
| /* end confdefs.h.  */
| #include <sys/types.h>
| 		#include <sys/param.h>
| 
| int
| main ()
| {
| #if BYTE_ORDER != BIG_ENDIAN
| 		 not big endian
| 		#endif
| 
|   ;
|   return 0;
| }
configure:11777: result: no
configure:11803: checking for assert
configure:11803: /opt/emsdk/emscripten/master/emcc -o conftest    conftest.c  >&5
[0;33mwarning:[0m unexpected number of arguments 0 in call to 'assert', should be 1
error: unresolved symbol: assert
Aborting compilation due to previous errors | undefined
Traceback (most recent call last):
  File "/opt/emsdk/emscripten/master/emscripten.py", line 1043, in <module>
    _main(environ=os.environ)
  File "/opt/emsdk/emscripten/master/emscripten.py", line 1033, in _main
    temp_files.run_and_clean(lambda: main(
  File "/opt/emsdk/emscripten/master/tools/tempfiles.py", line 39, in run_and_clean
    return func()
  File "/opt/emsdk/emscripten/master/emscripten.py", line 1039, in <lambda>
    DEBUG_CACHE=DEBUG_CACHE,
  File "/opt/emsdk/emscripten/master/emscripten.py", line 940, in main
    temp_files=temp_files, DEBUG=DEBUG, DEBUG_CACHE=DEBUG_CACHE)
  File "/opt/emsdk/emscripten/master/emscripten.py", line 195, in emscript
    cwd=path_from_root('src'), error_limit=300)
  File "/opt/emsdk/emscripten/master/tools/jsrun.py", line 75, in run_js
    raise Exception('Expected the command ' + str(command) + ' to finish with return code ' + str(assert_returncode) + ', but it returned with code ' + str(proc.returncode) + ' instead! Output: ' + str(ret)[:error_limit])
Exception: Expected the command ['/home/chris/.nvm/versions/node/v0.12.2/bin/node', '/opt/emsdk/emscripten/master/src/compiler.js', '/tmp/tmp1SPsgX.txt'] to finish with return code 0, but it returned with code 1 instead! Output: // The Module object: Our interface to the outside world. We import
// and export values on it, and do the work to get that through
// closure compiler if necessary. There are various ways Module can be used:
// 1. Not defined. We create it here
// 2. A function parameter, function(Module) { ..gener
Traceback (most recent call last):
  File "/opt/emsdk/emscripten/master/emcc", line 1272, in <module>
    final = shared.Building.emscripten(final, append_ext=False, extra_args=extra_args)
  File "/opt/emsdk/emscripten/master/tools/shared.py", line 1535, in emscripten
    assert os.path.exists(filename + '.o.js'), 'Emscripten failed to generate .js'
AssertionError: Emscripten failed to generate .js
configure:11803: $? = 1
configure: failed program was:
| /* confdefs.h */
| #define PACKAGE_NAME "libskeleton"
| #define PACKAGE_TARNAME "libskeleton"
| #define PACKAGE_VERSION "0.1.0"
| #define PACKAGE_STRING "libskeleton 0.1.0"
| #define PACKAGE_BUGREPORT "https://bugs.launchpad.net/skeleton"
| #define PACKAGE_URL ""
| #define PACKAGE "libskeleton"
| #define VERSION "0.1.0"
| #define STDC_HEADERS 1
| #define HAVE_SYS_TYPES_H 1
| #define HAVE_SYS_STAT_H 1
| #define HAVE_STDLIB_H 1
| #define HAVE_STRING_H 1
| #define HAVE_MEMORY_H 1
| #define HAVE_STRINGS_H 1
| #define HAVE_INTTYPES_H 1
| #define HAVE_STDINT_H 1
| #define HAVE_UNISTD_H 1
| #define HAVE_DLFCN_H 1
| #define LT_OBJDIR ".libs/"
| /* end confdefs.h.  */
| /* Define assert to an innocuous variant, in case <limits.h> declares assert.
|    For example, HP-UX 11i <limits.h> declares gettimeofday.  */
| #define assert innocuous_assert
| 
| /* System header to define __stub macros and hopefully few prototypes,
|     which can conflict with char assert (); below.
|     Prefer <limits.h> to <assert.h> if __STDC__ is defined, since
|     <limits.h> exists even on freestanding compilers.  */
| 
| #ifdef __STDC__
| # include <limits.h>
| #else
| # include <assert.h>
| #endif
| 
| #undef assert
| 
| /* Override any GCC internal prototype to avoid an error.
|    Use char because int might match the return type of a GCC
|    builtin and then its argument prototype would still apply.  */
| #ifdef __cplusplus
| extern "C"
| #endif
| char assert ();
| /* The GNU C library defines this for functions which it implements
|     to always fail with ENOSYS.  Some functions are actually named
|     something starting with __ and the normal name is an alias.  */
| #if defined __stub_assert || defined __stub___assert
| choke me
| #endif
| 
| int
| main ()
| {
| return assert ();
|   ;
|   return 0;
| }
configure:11803: result: no
configure:11815: checking for pkg-config
configure:11831: found /usr/bin/pkg-config
configure:11842: result: yes
configure:11853: checking for doxygen
configure:11881: result: false
configure:11898: WARNING: *** doxygen not found, docs will not be built
configure:12041: checking for pkg-config
configure:12059: found /usr/bin/pkg-config
configure:12071: result: /usr/bin/pkg-config
configure:12096: checking pkg-config is at least version 0.9.0
configure:12099: result: yes
configure:12109: checking for OGG
configure:12116: $PKG_CONFIG --exists --print-errors "ogg >= 1.0"
configure:12119: $? = 0
configure:12133: $PKG_CONFIG --exists --print-errors "ogg >= 1.0"
configure:12136: $? = 0
configure:12174: result: yes
configure:12571: checking that generated files are newer than configure
configure:12577: result: done
configure:12605: creating ./config.status

## ---------------------- ##
## Running config.status. ##
## ---------------------- ##

This file was extended by libskeleton config.status 0.1.0, which was
generated by GNU Autoconf 2.69.  Invocation command line was

  CONFIG_FILES    = 
  CONFIG_HEADERS  = 
  CONFIG_LINKS    = 
  CONFIG_COMMANDS = 
  $ ./config.status 

on chris-ubuntu

config.status:1110: creating Makefile
config.status:1110: creating doc/Makefile
config.status:1110: creating doc/Doxyfile
config.status:1110: creating include/Makefile
config.status:1110: creating include/skeleton/Makefile
config.status:1110: creating src/Makefile
config.status:1110: creating src/Version_script
config.status:1110: creating examples/Makefile
config.status:1110: creating skeleton.pc
config.status:1110: creating skeleton-uninstalled.pc
config.status:1110: creating config.h
config.status:1324: executing depfiles commands
config.status:1324: executing libtool commands
configure:14975: result:
------------------------------------------------------------------------
  libskeleton 0.1.0:  Automatic configuration OK.

  Examples (./examples):

    skeleton-info

  Installation paths:

    libskeleton: ................. /home/chris/Respostories/chrislearn/ogv.js/build/js/root/lib
    C header files: .............. /home/chris/Respostories/chrislearn/ogv.js/build/js/root/include/skeleton
    Documentation: ............... /home/chris/Respostories/chrislearn/ogv.js/build/js/root/share/doc/libskeleton

  Building:

    Type 'make' to compile libskeleton.

    Type 'make install' to install libskeleton.

    Type 'make check' to run test suite (Valgrind testing not enabled)

------------------------------------------------------------------------


## ---------------- ##
## Cache variables. ##
## ---------------- ##

ac_cv_build=x86_64-unknown-linux-gnu
ac_cv_c_bigendian=no
ac_cv_c_compiler_gnu=yes
ac_cv_c_const=yes
ac_cv_env_CC_set=set
ac_cv_env_CC_value=/opt/emsdk/emscripten/master/emcc
ac_cv_env_CFLAGS_set=set
ac_cv_env_CFLAGS_value=
ac_cv_env_CPPFLAGS_set=
ac_cv_env_CPPFLAGS_value=
ac_cv_env_CPP_set=
ac_cv_env_CPP_value=
ac_cv_env_LDFLAGS_set=
ac_cv_env_LDFLAGS_value=
ac_cv_env_LIBS_set=
ac_cv_env_LIBS_value=
ac_cv_env_OGG_CFLAGS_set=
ac_cv_env_OGG_CFLAGS_value=
ac_cv_env_OGG_LIBS_set=
ac_cv_env_OGG_LIBS_value=
ac_cv_env_PKG_CONFIG_LIBDIR_set=set
ac_cv_env_PKG_CONFIG_LIBDIR_value=/opt/emsdk/emscripten/master/system/local/lib/pkgconfig:/opt/emsdk/emscripten/master/system/lib/pkgconfig
ac_cv_env_PKG_CONFIG_PATH_set=set
ac_cv_env_PKG_CONFIG_PATH_value=/home/chris/Respostories/chrislearn/ogv.js/build/js/root/lib/pkgconfig
ac_cv_env_PKG_CONFIG_set=
ac_cv_env_PKG_CONFIG_value=
ac_cv_env_build_alias_set=
ac_cv_env_build_alias_value=
ac_cv_env_host_alias_set=
ac_cv_env_host_alias_value=
ac_cv_env_target_alias_set=
ac_cv_env_target_alias_value=
ac_cv_func_assert=no
ac_cv_header_dlfcn_h=yes
ac_cv_header_inttypes_h=yes
ac_cv_header_memory_h=yes
ac_cv_header_stdc=yes
ac_cv_header_stdint_h=yes
ac_cv_header_stdlib_h=yes
ac_cv_header_string_h=yes
ac_cv_header_strings_h=yes
ac_cv_header_sys_stat_h=yes
ac_cv_header_sys_types_h=yes
ac_cv_header_unistd_h=yes
ac_cv_host=x86_64-unknown-linux-gnu
ac_cv_objext=o
ac_cv_path_EGREP='/bin/grep -E'
ac_cv_path_FGREP='/bin/grep -F'
ac_cv_path_GREP=/bin/grep
ac_cv_path_SED=/bin/sed
ac_cv_path_ac_pt_PKG_CONFIG=/usr/bin/pkg-config
ac_cv_path_install='/usr/bin/install -c'
ac_cv_path_mkdir=/bin/mkdir
ac_cv_prog_AWK=mawk
ac_cv_prog_CPP='/opt/emsdk/emscripten/master/emcc -E'
ac_cv_prog_HAVE_DOXYGEN=false
ac_cv_prog_HAVE_PKG_CONFIG=yes
ac_cv_prog_ac_ct_CC=/opt/emsdk/emscripten/master/emcc
ac_cv_prog_ac_ct_MANIFEST_TOOL=mt
ac_cv_prog_ac_ct_OBJDUMP=objdump
ac_cv_prog_ac_ct_RANLIB=/opt/emsdk/emscripten/master/emranlib
ac_cv_prog_ac_ct_STRIP=strip
ac_cv_prog_cc_c89=
ac_cv_prog_cc_g=yes
ac_cv_prog_make_make_set=yes
ac_cv_target=x86_64-unknown-linux-gnu
am_cv_CC_dependencies_compiler_type=gcc3
am_cv_make_support_nested_variables=yes
am_cv_prog_cc_c_o=yes
lt_cv_ar_at_file=no
lt_cv_archive_cmds_need_lc=yes
lt_cv_deplibs_check_method=pass_all
lt_cv_file_magic_cmd='$MAGIC_CMD'
lt_cv_file_magic_test_file=
lt_cv_ld_reload_flag=-r
lt_cv_nm_interface='BSD nm'
lt_cv_objdir=.libs
lt_cv_path_LD=/opt/emsdk/emscripten/master/emcc
lt_cv_path_NM='/usr/bin/nm -B'
lt_cv_path_mainfest_tool=no
lt_cv_prog_compiler_c_o=yes
lt_cv_prog_compiler_pic='-fPIC -DPIC'
lt_cv_prog_compiler_pic_works=yes
lt_cv_prog_compiler_rtti_exceptions=yes
lt_cv_prog_compiler_static_works=yes
lt_cv_prog_gnu_ld=yes
lt_cv_sharedlib_from_linklib_cmd='printf %s\n'
lt_cv_shlibpath_overrides_runpath=no
lt_cv_sys_global_symbol_pipe=
lt_cv_sys_global_symbol_to_c_name_address='sed -n -e '\''s/^: \([^ ]*\)[ ]*$/  {\"\1\", (void *) 0},/p'\'' -e '\''s/^[ABCDGIRSTW]* \([^ ]*\) \([^ ]*\)$/  {"\2", (void *) \&\2},/p'\'''
lt_cv_sys_global_symbol_to_c_name_address_lib_prefix='sed -n -e '\''s/^: \([^ ]*\)[ ]*$/  {\"\1\", (void *) 0},/p'\'' -e '\''s/^[ABCDGIRSTW]* \([^ ]*\) \(lib[^ ]*\)$/  {"\2", (void *) \&\2},/p'\'' -e '\''s/^[ABCDGIRSTW]* \([^ ]*\) \([^ ]*\)$/  {"lib\2", (void *) \&\2},/p'\'''
lt_cv_sys_global_symbol_to_cdecl=
lt_cv_sys_max_cmd_len=1572864
lt_cv_to_host_file_cmd=func_convert_file_noop
lt_cv_to_tool_file_cmd=func_convert_file_noop
pkg_cv_OGG_CFLAGS='-I/home/chris/Respostories/chrislearn/ogv.js/build/js/root/include '
pkg_cv_OGG_LIBS='-L/home/chris/Respostories/chrislearn/ogv.js/build/js/root/lib -logg '

## ----------------- ##
## Output variables. ##
## ----------------- ##

ACLOCAL='${SHELL} /home/chris/Respostories/chrislearn/ogv.js/libskeleton/missing aclocal-1.14'
ACLOCAL_AMFLAGS='-I m4'
AMDEPBACKSLASH='\'
AMDEP_FALSE='#'
AMDEP_TRUE=''
AMTAR='$${TAR-tar}'
AM_BACKSLASH='\'
AM_DEFAULT_V='$(AM_DEFAULT_VERBOSITY)'
AM_DEFAULT_VERBOSITY='1'
AM_V='$(V)'
AR='/opt/emsdk/emscripten/master/emar'
AUTOCONF='${SHELL} /home/chris/Respostories/chrislearn/ogv.js/libskeleton/missing autoconf'
AUTOHEADER='${SHELL} /home/chris/Respostories/chrislearn/ogv.js/libskeleton/missing autoheader'
AUTOMAKE='${SHELL} /home/chris/Respostories/chrislearn/ogv.js/libskeleton/missing automake-1.14'
AWK='mawk'
BINDIR='/home/chris/Respostories/chrislearn/ogv.js/build/js/root/bin'
CC='/opt/emsdk/emscripten/master/emcc'
CCDEPMODE='depmode=gcc3'
CFLAGS=' -Wall -g'
CPP='/opt/emsdk/emscripten/master/emcc -E'
CPPFLAGS=''
CYGPATH_W='echo'
DEFS='-DHAVE_CONFIG_H'
DEPDIR='.deps'
DLLTOOL='false'
DOCDIR='/home/chris/Respostories/chrislearn/ogv.js/build/js/root/share/doc'
DSYMUTIL=''
DUMPBIN=''
ECHO_C=''
ECHO_N='-n'
ECHO_T=''
EGREP='/bin/grep -E'
EXEEXT=''
FGREP='/bin/grep -F'
GREP='/bin/grep'
HAVE_DOXYGEN='false'
HAVE_DOXYGEN_FALSE=''
HAVE_DOXYGEN_TRUE='#'
HAVE_PKG_CONFIG='yes'
HAVE_VALGRIND=''
INCLUDEDIR='/home/chris/Respostories/chrislearn/ogv.js/build/js/root/include'
INSTALL_DATA='${INSTALL} -m 644'
INSTALL_PROGRAM='${INSTALL}'
INSTALL_SCRIPT='${INSTALL}'
INSTALL_STRIP_PROGRAM='$(install_sh) -c -s'
LD='/opt/emsdk/emscripten/master/emcc'
LDFLAGS=''
LIBDIR='/home/chris/Respostories/chrislearn/ogv.js/build/js/root/lib'
LIBOBJS=''
LIBS=''
LIBTOOL='$(SHELL) $(top_builddir)/libtool'
LIPO=''
LN_S='ln -s'
LTLIBOBJS=''
MAKEINFO='${SHELL} /home/chris/Respostories/chrislearn/ogv.js/libskeleton/missing makeinfo'
MANIFEST_TOOL=':'
MKDIR_P='/bin/mkdir -p'
NM='/usr/bin/nm -B'
NMEDIT=''
OBJDUMP='objdump'
OBJEXT='o'
OGG_CFLAGS='-I/home/chris/Respostories/chrislearn/ogv.js/build/js/root/include '
OGG_LIBS='-L/home/chris/Respostories/chrislearn/ogv.js/build/js/root/lib -logg '
OTOOL64=''
OTOOL=''
PACKAGE='libskeleton'
PACKAGE_BUGREPORT='https://bugs.launchpad.net/skeleton'
PACKAGE_NAME='libskeleton'
PACKAGE_STRING='libskeleton 0.1.0'
PACKAGE_TARNAME='libskeleton'
PACKAGE_URL=''
PACKAGE_VERSION='0.1.0'
PATH_SEPARATOR=':'
PKG_CONFIG='/usr/bin/pkg-config'
PKG_CONFIG_LIBDIR='/opt/emsdk/emscripten/master/system/local/lib/pkgconfig:/opt/emsdk/emscripten/master/system/lib/pkgconfig'
PKG_CONFIG_PATH='/home/chris/Respostories/chrislearn/ogv.js/build/js/root/lib/pkgconfig'
PLATFORM='linux'
RANLIB='/opt/emsdk/emscripten/master/emranlib'
SED='/bin/sed'
SET_MAKE=''
SHARED_VERSION_INFO='1:0:1'
SHELL='/bin/bash'
SHLIB_VERSION_ARG='-Wl,--version-script=Version_script'
STRIP='strip'
VALGRIND_ENVIRONMENT=''
VERSION='0.1.0'
ac_ct_AR=''
ac_ct_CC='/opt/emsdk/emscripten/master/emcc'
ac_ct_DUMPBIN=''
am__EXEEXT_FALSE=''
am__EXEEXT_TRUE='#'
am__fastdepCC_FALSE='#'
am__fastdepCC_TRUE=''
am__include='include'
am__isrc=' -I$(srcdir)'
am__leading_dot='.'
am__nodep='_no'
am__quote=''
am__tar='$${TAR-tar} chof - "$$tardir"'
am__untar='$${TAR-tar} xf -'
bindir='${exec_prefix}/bin'
build='x86_64-unknown-linux-gnu'
build_alias=''
build_cpu='x86_64'
build_os='linux-gnu'
build_vendor='unknown'
datadir='${datarootdir}'
datarootdir='${prefix}/share'
docdir='${datarootdir}/doc/${PACKAGE_TARNAME}'
dvidir='${docdir}'
exec_prefix='${prefix}'
host='x86_64-unknown-linux-gnu'
host_alias=''
host_cpu='x86_64'
host_os='linux-gnu'
host_vendor='unknown'
htmldir='${docdir}'
includedir='${prefix}/include'
infodir='${datarootdir}/info'
install_sh='${SHELL} /home/chris/Respostories/chrislearn/ogv.js/libskeleton/install-sh'
libdir='${exec_prefix}/lib'
libexecdir='${exec_prefix}/libexec'
localedir='${datarootdir}/locale'
localstatedir='${prefix}/var'
mandir='${datarootdir}/man'
mkdir_p='$(MKDIR_P)'
oldincludedir='/usr/include'
pdfdir='${docdir}'
prefix='/home/chris/Respostories/chrislearn/ogv.js/build/js/root'
program_transform_name='s,x,x,'
psdir='${docdir}'
sbindir='${exec_prefix}/sbin'
sharedstatedir='${prefix}/com'
sysconfdir='${prefix}/etc'
target='x86_64-unknown-linux-gnu'
target_alias=''
target_cpu='x86_64'
target_os='linux-gnu'
target_vendor='unknown'

## ----------- ##
## confdefs.h. ##
## ----------- ##

/* confdefs.h */
#define PACKAGE_NAME "libskeleton"
#define PACKAGE_TARNAME "libskeleton"
#define PACKAGE_VERSION "0.1.0"
#define PACKAGE_STRING "libskeleton 0.1.0"
#define PACKAGE_BUGREPORT "https://bugs.launchpad.net/skeleton"
#define PACKAGE_URL ""
#define PACKAGE "libskeleton"
#define VERSION "0.1.0"
#define STDC_HEADERS 1
#define HAVE_SYS_TYPES_H 1
#define HAVE_SYS_STAT_H 1
#define HAVE_STDLIB_H 1
#define HAVE_STRING_H 1
#define HAVE_MEMORY_H 1
#define HAVE_STRINGS_H 1
#define HAVE_INTTYPES_H 1
#define HAVE_STDINT_H 1
#define HAVE_UNISTD_H 1
#define HAVE_DLFCN_H 1
#define LT_OBJDIR ".libs/"
#define HAVE_OGG /**/

configure: exit 0

## ---------------------- ##
## Running config.status. ##
## ---------------------- ##

This file was extended by libskeleton config.status 0.1.0, which was
generated by GNU Autoconf 2.69.  Invocation command line was

  CONFIG_FILES    = 
  CONFIG_HEADERS  = 
  CONFIG_LINKS    = 
  CONFIG_COMMANDS = 
  $ ./config.status config.h

on chris-ubuntu

config.status:1110: creating config.h
config.status:1276: config.h is unchanged
