This file contains any messages produced by compilers while
running configure, to aid debugging if configure makes a mistake.

It was created by libvorbis configure 1.3.3, which was
generated by GNU Autoconf 2.69.  Invocation command line was

  $ ../../../libvorbis/configure --disable-oggtest --prefix=/home/chris/Respostories/chrislearn/ogv.js/build/js/root

## --------- ##
## Platform. ##
## --------- ##

hostname = chris-ubuntu
uname -m = x86_64
uname -r = 3.19.0-28-generic
uname -s = Linux
uname -v = #30-Ubuntu SMP Mon Aug 31 15:52:51 UTC 2015

/usr/bin/uname -p = unknown
/bin/uname -X     = unknown

/bin/arch              = unknown
/usr/bin/arch -k       = unknown
/usr/convex/getsysinfo = unknown
/usr/bin/hostinfo      = unknown
/bin/machine           = unknown
/usr/bin/oslevel       = unknown
/bin/universe          = unknown

PATH: /opt/emsdk/emscripten/master/system/bin
PATH: /opt/emsdk
PATH: /opt/emsdk/clang/fastcomp/build_master_64/bin
PATH: /opt/emsdk/emscripten/master
PATH: /home/chris/.rbenv/shims
PATH: /home/chris/.rbenv/bin
PATH: /home/chris/.gvm/pkgsets/go1.4.2/global/bin
PATH: /home/chris/.gvm/gos/go1.4.2/bin
PATH: /home/chris/.gvm/pkgsets/go1.4.2/global/overlay/bin
PATH: /home/chris/.gvm/bin
PATH: /home/chris/.gvm/bin
PATH: /home/chris/.nvm/versions/io.js/v3.0.0/bin
PATH: /usr/local/sbin
PATH: /usr/local/bin
PATH: /usr/sbin
PATH: /usr/bin
PATH: /sbin
PATH: /bin
PATH: /usr/games
PATH: /usr/local/games
PATH: /home/chris/Projects/go/bin


## ----------- ##
## Core tests. ##
## ----------- ##

configure:2357: checking build system type
configure:2371: result: x86_64-unknown-linux-gnu
configure:2391: checking host system type
configure:2404: result: x86_64-unknown-linux-gnu
configure:2424: checking target system type
configure:2437: result: x86_64-unknown-linux-gnu
configure:2480: checking for a BSD-compatible install
configure:2548: result: /usr/bin/install -c
configure:2559: checking whether build environment is sane
configure:2614: result: yes
configure:2765: checking for a thread-safe mkdir -p
configure:2804: result: /bin/mkdir -p
configure:2811: checking for gawk
configure:2841: result: no
configure:2811: checking for mawk
configure:2827: found /usr/bin/mawk
configure:2838: result: mawk
configure:2849: checking whether make sets $(MAKE)
configure:2871: result: yes
configure:2900: checking whether make supports nested variables
configure:2917: result: yes
configure:3044: checking whether to enable maintainer-specific portions of Makefiles
configure:3053: result: no
configure:3143: checking for gcc
configure:3170: result: /opt/emsdk/emscripten/master/emcc
configure:3399: checking for C compiler version
configure:3408: /opt/emsdk/emscripten/master/emcc --version >&5
emcc (Emscripten gcc/clang-like replacement) 1.33.0 (commit 2643bd9513638ea32f8023c153f50d2564745a5f)
Copyright (C) 2014 the Emscripten authors (see AUTHORS.txt)
This is free and open source software under the MIT license.
There is NO warranty; not even for MERCHANTABILITY or FITNESS FOR A PARTICULAR PURPOSE.
  
configure:3419: $? = 0
configure:3408: /opt/emsdk/emscripten/master/emcc -v >&5
emcc (Emscripten gcc/clang-like replacement + linker emulating GNU ld) 1.33.0
(autoconf likes to see GNU above to enable shared object support)
  
clang version 3.7.0 (https://github.com/kripken/emscripten-fastcomp-clang/ 2a66b5ffba63f1e36458d41fafc2874a1abf63fe) (https://github.com/kripken/emscripten-fastcomp/ e2939f6878307899c17d1a23f51ba3fe5afbe6af)
Target: x86_64-unknown-linux-gnu
Thread model: posix
Found candidate GCC installation: /usr/lib/gcc/x86_64-linux-gnu/4.9
Found candidate GCC installation: /usr/lib/gcc/x86_64-linux-gnu/4.9.2
Found candidate GCC installation: /usr/lib/gcc/x86_64-linux-gnu/5.0.1
Selected GCC installation: /usr/lib/gcc/x86_64-linux-gnu/4.9
Candidate multilib: .;@m64
Selected multilib: .;@m64
INFO     root: [32m(Emscripten: Running sanity checks)[0m
... rest of stderr output deleted ...
configure:3419: $? = 0
configure:3408: /opt/emsdk/emscripten/master/emcc -V >&5
ERROR    root: [31mno input files
note that input files without a known suffix are ignored, make sure your input files end with one of: ('.c', '.C', '.i', '.cpp', '.cxx', '.cc', '.c++', '.CPP', '.CXX', '.CC', '.C++', '.ii', '.m', '.mi', '.mm', '.mii', '.bc', '.o', '.obj', '.dylib', '.so', '.a', '.ll', '.h', '.hxx', '.hpp', '.hh', '.H', '.HXX', '.HPP', '.HH')[0m
configure:3419: $? = 0
configure:3408: /opt/emsdk/emscripten/master/emcc -qversion >&5
ERROR    root: [31mno input files
note that input files without a known suffix are ignored, make sure your input files end with one of: ('.c', '.C', '.i', '.cpp', '.cxx', '.cc', '.c++', '.CPP', '.CXX', '.CC', '.C++', '.ii', '.m', '.mi', '.mm', '.mii', '.bc', '.o', '.obj', '.dylib', '.so', '.a', '.ll', '.h', '.hxx', '.hpp', '.hh', '.H', '.HXX', '.HPP', '.HH')[0m
configure:3419: $? = 0
configure:3439: checking whether the C compiler works
configure:3461: /opt/emsdk/emscripten/master/emcc    conftest.c  >&5
configure:3465: $? = 0
configure:3513: result: yes
configure:3516: checking for C compiler default output file name
configure:3518: result: a.out
configure:3524: checking for suffix of executables
configure:3531: /opt/emsdk/emscripten/master/emcc -o conftest    conftest.c  >&5
configure:3535: $? = 0
configure:3557: result: 
configure:3579: checking whether we are cross compiling
configure:3587: /opt/emsdk/emscripten/master/emcc -o conftest    conftest.c  >&5
configure:3591: $? = 0
configure:3598: ./conftest
configure:3602: $? = 0
configure:3617: result: no
configure:3622: checking for suffix of object files
configure:3644: /opt/emsdk/emscripten/master/emcc -c   conftest.c >&5
configure:3648: $? = 0
configure:3669: result: o
configure:3673: checking whether we are using the GNU C compiler
configure:3692: /opt/emsdk/emscripten/master/emcc -c   conftest.c >&5
configure:3692: $? = 0
configure:3701: result: yes
configure:3710: checking whether /opt/emsdk/emscripten/master/emcc accepts -g
configure:3730: /opt/emsdk/emscripten/master/emcc -c -g  conftest.c >&5
configure:3730: $? = 0
configure:3771: result: yes
configure:3788: checking for /opt/emsdk/emscripten/master/emcc option to accept ISO C89
configure:3851: /opt/emsdk/emscripten/master/emcc  -c   conftest.c >&5
configure:3851: $? = 0
configure:3864: result: none needed
configure:3889: checking whether /opt/emsdk/emscripten/master/emcc understands -c and -o together
configure:3911: /opt/emsdk/emscripten/master/emcc -c conftest.c -o conftest2.o
configure:3914: $? = 0
configure:3911: /opt/emsdk/emscripten/master/emcc -c conftest.c -o conftest2.o
configure:3914: $? = 0
configure:3926: result: yes
configure:3954: checking for style of include used by make
configure:3982: result: GNU
configure:4008: checking dependency style of /opt/emsdk/emscripten/master/emcc
configure:4119: result: gcc3
configure:4139: checking how to run the C preprocessor
configure:4170: /opt/emsdk/emscripten/master/emcc -E  conftest.c
configure:4170: $? = 0
configure:4184: /opt/emsdk/emscripten/master/emcc -E  conftest.c
conftest.c:11:10: fatal error: 'ac_nonexistent.h' file not found
#include <ac_nonexistent.h>
         ^
1 error generated.
configure:4184: $? = 1
configure: failed program was:
| /* confdefs.h */
| #define PACKAGE_NAME "libvorbis"
| #define PACKAGE_TARNAME "libvorbis"
| #define PACKAGE_VERSION "1.3.3"
| #define PACKAGE_STRING "libvorbis 1.3.3"
| #define PACKAGE_BUGREPORT "vorbis-dev@xiph.org"
| #define PACKAGE_URL ""
| #define PACKAGE "libvorbis"
| #define VERSION "1.3.3"
| /* end confdefs.h.  */
| #include <ac_nonexistent.h>
configure:4209: result: /opt/emsdk/emscripten/master/emcc -E
configure:4229: /opt/emsdk/emscripten/master/emcc -E  conftest.c
configure:4229: $? = 0
configure:4243: /opt/emsdk/emscripten/master/emcc -E  conftest.c
conftest.c:11:10: fatal error: 'ac_nonexistent.h' file not found
#include <ac_nonexistent.h>
         ^
1 error generated.
configure:4243: $? = 1
configure: failed program was:
| /* confdefs.h */
| #define PACKAGE_NAME "libvorbis"
| #define PACKAGE_TARNAME "libvorbis"
| #define PACKAGE_VERSION "1.3.3"
| #define PACKAGE_STRING "libvorbis 1.3.3"
| #define PACKAGE_BUGREPORT "vorbis-dev@xiph.org"
| #define PACKAGE_URL ""
| #define PACKAGE "libvorbis"
| #define VERSION "1.3.3"
| /* end confdefs.h.  */
| #include <ac_nonexistent.h>
configure:4274: checking for inline
configure:4290: /opt/emsdk/emscripten/master/emcc -c   conftest.c >&5
configure:4290: $? = 0
configure:4298: result: inline
configure:4666: checking how to print strings
configure:4693: result: printf
configure:4714: checking for a sed that does not truncate output
configure:4778: result: /bin/sed
configure:4796: checking for grep that handles long lines and -e
configure:4854: result: /bin/grep
configure:4859: checking for egrep
configure:4921: result: /bin/grep -E
configure:4926: checking for fgrep
configure:4988: result: /bin/grep -F
configure:5023: checking for ld used by /opt/emsdk/emscripten/master/emcc
ERROR    root: [31mno input files
note that input files without a known suffix are ignored, make sure your input files end with one of: ('.c', '.C', '.i', '.cpp', '.cxx', '.cc', '.c++', '.CPP', '.CXX', '.CC', '.C++', '.ii', '.m', '.mi', '.mm', '.mii', '.bc', '.o', '.obj', '.dylib', '.so', '.a', '.ll', '.h', '.hxx', '.hpp', '.hh', '.H', '.HXX', '.HPP', '.HH')[0m
configure:5090: result: /opt/emsdk/emscripten/master/emcc
configure:5097: checking if the linker (/opt/emsdk/emscripten/master/emcc) is GNU ld
configure:5112: result: yes
configure:5124: checking for BSD- or MS-compatible name lister (nm)
configure:5173: result: /usr/bin/nm -B
configure:5303: checking the name lister (/usr/bin/nm -B) interface
configure:5310: /opt/emsdk/emscripten/master/emcc -c   conftest.c >&5
configure:5313: /usr/bin/nm -B "conftest.o"
/usr/bin/nm: conftest.o: File format not recognized
configure:5316: output
configure:5323: result: BSD nm
configure:5326: checking whether ln -s works
configure:5330: result: yes
configure:5338: checking the maximum length of command line arguments
configure:5469: result: 1572864
configure:5486: checking whether the shell understands some XSI constructs
configure:5496: result: yes
configure:5500: checking whether the shell understands "+="
configure:5506: result: yes
configure:5541: checking how to convert x86_64-unknown-linux-gnu file names to x86_64-unknown-linux-gnu format
configure:5581: result: func_convert_file_noop
configure:5588: checking how to convert x86_64-unknown-linux-gnu file names to toolchain format
configure:5608: result: func_convert_file_noop
configure:5615: checking for /opt/emsdk/emscripten/master/emcc option to reload object files
configure:5622: result: -r
configure:5696: checking for objdump
configure:5723: result: objdump
configure:5752: checking how to recognize dependent libraries
configure:5950: result: pass_all
configure:6035: checking for dlltool
configure:6062: result: dlltool
configure:6092: checking how to associate runtime and link libraries
configure:6119: result: printf %s\n
configure:6243: checking for archiver @FILE support
configure:6260: /opt/emsdk/emscripten/master/emcc -c   conftest.c >&5
configure:6260: $? = 0
configure:6263: /opt/emsdk/emscripten/master/emar cru libconftest.a @conftest.lst >&5
configure:6266: $? = 0
configure:6271: /opt/emsdk/emscripten/master/emar cru libconftest.a @conftest.lst >&5
/opt/emsdk/clang/fastcomp/build_master_64/bin/llvm-ar: conftest.o: No such file or directory.
configure:6274: $? = 0
configure:6286: result: no
configure:6344: checking for strip
configure:6360: found /usr/bin/strip
configure:6371: result: strip
configure:6443: checking for ranlib
configure:6470: result: /opt/emsdk/emscripten/master/emranlib
configure:6572: checking command to parse /usr/bin/nm -B output from /opt/emsdk/emscripten/master/emcc object
configure:6692: /opt/emsdk/emscripten/master/emcc -c   conftest.c >&5
configure:6695: $? = 0
configure:6699: /usr/bin/nm -B conftest.o \| sed -n -e 's/^.*[ ]\([ABCDGIRSTW][ABCDGIRSTW]*\)[ ][ ]*\([_A-Za-z][_A-Za-z0-9]*\)$/\1 \2 \2/p' | sed '/ __gnu_lto/d' \> conftest.nm
/usr/bin/nm: conftest.o: File format not recognized
configure:6702: $? = 0
cannot run sed -n -e 's/^.*[	 ]\([ABCDGIRSTW][ABCDGIRSTW]*\)[	 ][	 ]*\([_A-Za-z][_A-Za-z0-9]*\)$/\1 \2 \2/p' | sed '/ __gnu_lto/d'
configure:6692: /opt/emsdk/emscripten/master/emcc -c   conftest.c >&5
configure:6695: $? = 0
configure:6699: /usr/bin/nm -B conftest.o \| sed -n -e 's/^.*[ ]\([ABCDGIRSTW][ABCDGIRSTW]*\)[ ][ ]*_\([_A-Za-z][_A-Za-z0-9]*\)$/\1 _\2 \2/p' | sed '/ __gnu_lto/d' \> conftest.nm
/usr/bin/nm: conftest.o: File format not recognized
configure:6702: $? = 0
cannot run sed -n -e 's/^.*[	 ]\([ABCDGIRSTW][ABCDGIRSTW]*\)[	 ][	 ]*_\([_A-Za-z][_A-Za-z0-9]*\)$/\1 _\2 \2/p' | sed '/ __gnu_lto/d'
configure:6806: result: failed
configure:6846: checking for sysroot
configure:6876: result: no
configure:6953: /opt/emsdk/emscripten/master/emcc -c   conftest.c >&5
configure:6956: $? = 0
configure:7145: checking for mt
configure:7161: found /bin/mt
configure:7172: result: mt
configure:7195: checking if mt is a manifest tool
configure:7201: mt '-?'
configure:7209: result: no
configure:7847: checking for ANSI C header files
configure:7867: /opt/emsdk/emscripten/master/emcc -c   conftest.c >&5
configure:7867: $? = 0
configure:7940: /opt/emsdk/emscripten/master/emcc -o conftest    conftest.c  >&5
configure:7940: $? = 0
configure:7940: ./conftest
configure:7940: $? = 0
configure:7951: result: yes
configure:7964: checking for sys/types.h
configure:7964: /opt/emsdk/emscripten/master/emcc -c   conftest.c >&5
configure:7964: $? = 0
configure:7964: result: yes
configure:7964: checking for sys/stat.h
configure:7964: /opt/emsdk/emscripten/master/emcc -c   conftest.c >&5
configure:7964: $? = 0
configure:7964: result: yes
configure:7964: checking for stdlib.h
configure:7964: /opt/emsdk/emscripten/master/emcc -c   conftest.c >&5
configure:7964: $? = 0
configure:7964: result: yes
configure:7964: checking for string.h
configure:7964: /opt/emsdk/emscripten/master/emcc -c   conftest.c >&5
configure:7964: $? = 0
configure:7964: result: yes
configure:7964: checking for memory.h
configure:7964: /opt/emsdk/emscripten/master/emcc -c   conftest.c >&5
configure:7964: $? = 0
configure:7964: result: yes
configure:7964: checking for strings.h
configure:7964: /opt/emsdk/emscripten/master/emcc -c   conftest.c >&5
configure:7964: $? = 0
configure:7964: result: yes
configure:7964: checking for inttypes.h
configure:7964: /opt/emsdk/emscripten/master/emcc -c   conftest.c >&5
configure:7964: $? = 0
configure:7964: result: yes
configure:7964: checking for stdint.h
configure:7964: /opt/emsdk/emscripten/master/emcc -c   conftest.c >&5
configure:7964: $? = 0
configure:7964: result: yes
configure:7964: checking for unistd.h
configure:7964: /opt/emsdk/emscripten/master/emcc -c   conftest.c >&5
configure:7964: $? = 0
configure:7964: result: yes
configure:7978: checking for dlfcn.h
configure:7978: /opt/emsdk/emscripten/master/emcc -c   conftest.c >&5
configure:7978: $? = 0
configure:7978: result: yes
configure:8182: checking for objdir
configure:8197: result: .libs
configure:8464: checking if /opt/emsdk/emscripten/master/emcc supports -fno-rtti -fno-exceptions
configure:8482: /opt/emsdk/emscripten/master/emcc -c   -fno-rtti -fno-exceptions conftest.c >&5
configure:8486: $? = 0
configure:8499: result: yes
configure:8826: checking for /opt/emsdk/emscripten/master/emcc option to produce PIC
configure:8833: result: -fPIC -DPIC
configure:8841: checking if /opt/emsdk/emscripten/master/emcc PIC flag -fPIC -DPIC works
configure:8859: /opt/emsdk/emscripten/master/emcc -c   -fPIC -DPIC -DPIC conftest.c >&5
configure:8863: $? = 0
configure:8876: result: yes
configure:8905: checking if /opt/emsdk/emscripten/master/emcc static flag -static works
configure:8933: result: yes
configure:8948: checking if /opt/emsdk/emscripten/master/emcc supports -c -o file.o
configure:8969: /opt/emsdk/emscripten/master/emcc -c   -o out/conftest2.o conftest.c >&5
configure:8973: $? = 0
configure:8995: result: yes
configure:9003: checking if /opt/emsdk/emscripten/master/emcc supports -c -o file.o
configure:9050: result: yes
configure:9083: checking whether the /opt/emsdk/emscripten/master/emcc linker (/opt/emsdk/emscripten/master/emcc) supports shared libraries
configure:10240: result: yes
configure:10277: checking whether -lc should be explicitly linked in
configure:10285: /opt/emsdk/emscripten/master/emcc -c   conftest.c >&5
configure:10288: $? = 0
configure:10303: /opt/emsdk/emscripten/master/emcc -shared  -fPIC -DPIC conftest.o  -v -Wl,-soname -Wl,conftest -o conftest 2\>\&1 \| /bin/grep  -lc  \>/dev/null 2\>\&1
configure:10306: $? = 1
configure:10320: result: yes
configure:10480: checking dynamic linker characteristics
configure:10980: /opt/emsdk/emscripten/master/emcc -o conftest    -Wl,-rpath -Wl,/foo conftest.c  >&5
configure:10980: $? = 0
configure:11214: result: GNU/Linux ld.so
configure:11321: checking how to hardcode library paths into programs
configure:11346: result: immediate
configure:11886: checking whether stripping libraries is possible
configure:11891: result: yes
configure:11926: checking if libtool supports shared libraries
configure:11928: result: yes
configure:11931: checking whether to build shared libraries
configure:11952: result: yes
configure:11955: checking whether to build static libraries
configure:11959: result: yes
configure:12200: checking GCC version
configure:12203: result: 
configure:12344: checking if /opt/emsdk/emscripten/master/emcc accepts -Wdeclaration-after-statement
configure:12359: /opt/emsdk/emscripten/master/emcc -o conftest -O2 -Wall -Wextra -ffast-math -D_REENTRANT -fsigned-char -Wdeclaration-after-statement   conftest.c  >&5
configure:12359: $? = 0
configure:12360: result: yes
configure:12374: checking for memory.h
configure:12374: result: yes
configure:12386: checking for cos in -lm
configure:12411: /opt/emsdk/emscripten/master/emcc -o conftest -O2 -Wall -Wextra -ffast-math -D_REENTRANT -fsigned-char -Wdeclaration-after-statement  -DUSE_MEMORY_H   conftest.c -lm   >&5
conftest.c:30:6: warning: incompatible redeclaration of library function 'cos' [-Wincompatible-library-redeclaration]
char cos ();
     ^
conftest.c:30:6: note: 'cos' is a builtin with type 'double (double)'
1 warning generated.
configure:12411: $? = 0
configure:12420: result: yes
configure:12428: checking for pthread_create in -lpthread
configure:12453: /opt/emsdk/emscripten/master/emcc -o conftest -O2 -Wall -Wextra -ffast-math -D_REENTRANT -fsigned-char -Wdeclaration-after-statement  -DUSE_MEMORY_H   conftest.c -lpthread   >&5
WARNING  root: [33memcc: cannot find library "pthread"[0m
error: unresolved symbol: pthread_create
Aborting compilation due to previous errors | undefined
Traceback (most recent call last):
  File "/opt/emsdk/emscripten/master/emscripten.py", line 1043, in <module>
    _main(environ=os.environ)
  File "/opt/emsdk/emscripten/master/emscripten.py", line 1033, in _main
    temp_files.run_and_clean(lambda: main(
  File "/opt/emsdk/emscripten/master/tools/tempfiles.py", line 39, in run_and_clean
    return func()
  File "/opt/emsdk/emscripten/master/emscripten.py", line 1039, in <lambda>
    DEBUG_CACHE=DEBUG_CACHE,
  File "/opt/emsdk/emscripten/master/emscripten.py", line 940, in main
    temp_files=temp_files, DEBUG=DEBUG, DEBUG_CACHE=DEBUG_CACHE)
  File "/opt/emsdk/emscripten/master/emscripten.py", line 195, in emscript
    cwd=path_from_root('src'), error_limit=300)
  File "/opt/emsdk/emscripten/master/tools/jsrun.py", line 75, in run_js
    raise Exception('Expected the command ' + str(command) + ' to finish with return code ' + str(assert_returncode) + ', but it returned with code ' + str(proc.returncode) + ' instead! Output: ' + str(ret)[:error_limit])
Exception: Expected the command ['/home/chris/.nvm/versions/node/v0.12.2/bin/node', '/opt/emsdk/emscripten/master/src/compiler.js', '/tmp/tmpHnWlws.txt'] to finish with return code 0, but it returned with code 1 instead! Output: // The Module object: Our interface to the outside world. We import
// and export values on it, and do the work to get that through
// closure compiler if necessary. There are various ways Module can be used:
// 1. Not defined. We create it here
// 2. A function parameter, function(Module) { ..gener
Traceback (most recent call last):
  File "/opt/emsdk/emscripten/master/emcc", line 1272, in <module>
    final = shared.Building.emscripten(final, append_ext=False, extra_args=extra_args)
  File "/opt/emsdk/emscripten/master/tools/shared.py", line 1535, in emscripten
    assert os.path.exists(filename + '.o.js'), 'Emscripten failed to generate .js'
AssertionError: Emscripten failed to generate .js
configure:12453: $? = 1
configure: failed program was:
| /* confdefs.h */
| #define PACKAGE_NAME "libvorbis"
| #define PACKAGE_TARNAME "libvorbis"
| #define PACKAGE_VERSION "1.3.3"
| #define PACKAGE_STRING "libvorbis 1.3.3"
| #define PACKAGE_BUGREPORT "vorbis-dev@xiph.org"
| #define PACKAGE_URL ""
| #define PACKAGE "libvorbis"
| #define VERSION "1.3.3"
| #define STDC_HEADERS 1
| #define HAVE_SYS_TYPES_H 1
| #define HAVE_SYS_STAT_H 1
| #define HAVE_STDLIB_H 1
| #define HAVE_STRING_H 1
| #define HAVE_MEMORY_H 1
| #define HAVE_STRINGS_H 1
| #define HAVE_INTTYPES_H 1
| #define HAVE_STDINT_H 1
| #define HAVE_UNISTD_H 1
| #define HAVE_DLFCN_H 1
| #define LT_OBJDIR ".libs/"
| /* end confdefs.h.  */
| 
| /* Override any GCC internal prototype to avoid an error.
|    Use char because int might match the return type of a GCC
|    builtin and then its argument prototype would still apply.  */
| #ifdef __cplusplus
| extern "C"
| #endif
| char pthread_create ();
| int
| main ()
| {
| return pthread_create ();
|   ;
|   return 0;
| }
configure:12462: result: no
configure:12520: checking for pkg-config
configure:12538: found /usr/bin/pkg-config
configure:12550: result: /usr/bin/pkg-config
configure:12575: checking pkg-config is at least version 0.9.0
configure:12578: result: yes
configure:12593: checking for OGG
configure:12601: $PKG_CONFIG --exists --print-errors "ogg >= 1.0"
Package ogg was not found in the pkg-config search path.
Perhaps you should add the directory containing `ogg.pc'
to the PKG_CONFIG_PATH environment variable
No package 'ogg' found
configure:12604: $? = 1
configure:12619: $PKG_CONFIG --exists --print-errors "ogg >= 1.0"
Package ogg was not found in the pkg-config search path.
Perhaps you should add the directory containing `ogg.pc'
to the PKG_CONFIG_PATH environment variable
No package 'ogg' found
configure:12622: $? = 1
No package 'ogg' found
configure:12650: result: no
configure:12721: checking for Ogg
configure:12774: result: yes
configure:12830: checking for oggpack_writealign
configure:12830: /opt/emsdk/emscripten/master/emcc -o conftest -O2 -Wall -Wextra -ffast-math -D_REENTRANT -fsigned-char -Wdeclaration-after-statement  -DUSE_MEMORY_H   conftest.c -L/home/chris/Respostories/chrislearn/ogv.js/build/js/root/lib -logg -lm >&5
WARNING  root: [33m-I or -L of an absolute path "-L/home/chris/Respostories/chrislearn/ogv.js/build/js/root/lib" encountered. If this is to a local system header/library, it may cause problems (local system files make sense for compiling natively on your system, but not necessarily to JavaScript). Pass '-Wno-warn-absolute-paths' to emcc to hide this warning.[0m
configure:12830: $? = 0
configure:12830: result: yes
configure:12841: checking for size_t
configure:12841: /opt/emsdk/emscripten/master/emcc -c -O2 -Wall -Wextra -ffast-math -D_REENTRANT -fsigned-char -Wdeclaration-after-statement  -DUSE_MEMORY_H  conftest.c >&5
configure:12841: $? = 0
configure:12841: /opt/emsdk/emscripten/master/emcc -c -O2 -Wall -Wextra -ffast-math -D_REENTRANT -fsigned-char -Wdeclaration-after-statement  -DUSE_MEMORY_H  conftest.c >&5
conftest.c:59:21: error: expected expression
if (sizeof ((size_t)))
                    ^
1 error generated.
ERROR    root: [31mcompiler frontend failed to generate LLVM bitcode, halting[0m
configure:12841: $? = 1
configure: failed program was:
| /* confdefs.h */
| #define PACKAGE_NAME "libvorbis"
| #define PACKAGE_TARNAME "libvorbis"
| #define PACKAGE_VERSION "1.3.3"
| #define PACKAGE_STRING "libvorbis 1.3.3"
| #define PACKAGE_BUGREPORT "vorbis-dev@xiph.org"
| #define PACKAGE_URL ""
| #define PACKAGE "libvorbis"
| #define VERSION "1.3.3"
| #define STDC_HEADERS 1
| #define HAVE_SYS_TYPES_H 1
| #define HAVE_SYS_STAT_H 1
| #define HAVE_STDLIB_H 1
| #define HAVE_STRING_H 1
| #define HAVE_MEMORY_H 1
| #define HAVE_STRINGS_H 1
| #define HAVE_INTTYPES_H 1
| #define HAVE_STDINT_H 1
| #define HAVE_UNISTD_H 1
| #define HAVE_DLFCN_H 1
| #define LT_OBJDIR ".libs/"
| /* end confdefs.h.  */
| #include <stdio.h>
| #ifdef HAVE_SYS_TYPES_H
| # include <sys/types.h>
| #endif
| #ifdef HAVE_SYS_STAT_H
| # include <sys/stat.h>
| #endif
| #ifdef STDC_HEADERS
| # include <stdlib.h>
| # include <stddef.h>
| #else
| # ifdef HAVE_STDLIB_H
| #  include <stdlib.h>
| # endif
| #endif
| #ifdef HAVE_STRING_H
| # if !defined STDC_HEADERS && defined HAVE_MEMORY_H
| #  include <memory.h>
| # endif
| # include <string.h>
| #endif
| #ifdef HAVE_STRINGS_H
| # include <strings.h>
| #endif
| #ifdef HAVE_INTTYPES_H
| # include <inttypes.h>
| #endif
| #ifdef HAVE_STDINT_H
| # include <stdint.h>
| #endif
| #ifdef HAVE_UNISTD_H
| # include <unistd.h>
| #endif
| int
| main ()
| {
| if (sizeof ((size_t)))
| 	    return 0;
|   ;
|   return 0;
| }
configure:12841: result: yes
configure:12854: checking for working alloca.h
configure:12871: /opt/emsdk/emscripten/master/emcc -o conftest -O2 -Wall -Wextra -ffast-math -D_REENTRANT -fsigned-char -Wdeclaration-after-statement  -DUSE_MEMORY_H   conftest.c  >&5
configure:12871: $? = 0
configure:12879: result: yes
configure:12887: checking for alloca
configure:12924: /opt/emsdk/emscripten/master/emcc -o conftest -O2 -Wall -Wextra -ffast-math -D_REENTRANT -fsigned-char -Wdeclaration-after-statement  -DUSE_MEMORY_H   conftest.c  >&5
configure:12924: $? = 0
configure:12932: result: yes
configure:13038: checking for working memcmp
configure:13081: /opt/emsdk/emscripten/master/emcc -o conftest -O2 -Wall -Wextra -ffast-math -D_REENTRANT -fsigned-char -Wdeclaration-after-statement  -DUSE_MEMORY_H   conftest.c  >&5
configure:13081: $? = 0
configure:13081: ./conftest
configure:13081: $? = 0
configure:13091: result: yes
configure:13223: checking that generated files are newer than configure
configure:13229: result: done
configure:13268: creating ./config.status

## ---------------------- ##
## Running config.status. ##
## ---------------------- ##

This file was extended by libvorbis config.status 1.3.3, which was
generated by GNU Autoconf 2.69.  Invocation command line was

  CONFIG_FILES    = 
  CONFIG_HEADERS  = 
  CONFIG_LINKS    = 
  CONFIG_COMMANDS = 
  $ ./config.status 

on chris-ubuntu

config.status:1140: creating Makefile
config.status:1140: creating m4/Makefile
config.status:1140: creating lib/Makefile
config.status:1140: creating lib/modes/Makefile
config.status:1140: creating lib/books/Makefile
config.status:1140: creating lib/books/coupled/Makefile
config.status:1140: creating lib/books/uncoupled/Makefile
config.status:1140: creating lib/books/floor/Makefile
config.status:1140: creating doc/Makefile
config.status:1140: creating doc/vorbisfile/Makefile
config.status:1140: creating doc/vorbisenc/Makefile
config.status:1140: creating doc/libvorbis/Makefile
config.status:1140: creating doc/Doxyfile
config.status:1140: creating include/Makefile
config.status:1140: creating include/vorbis/Makefile
config.status:1140: creating examples/Makefile
config.status:1140: creating test/Makefile
config.status:1140: creating vq/Makefile
config.status:1140: creating libvorbis.spec
config.status:1140: creating vorbis.pc
config.status:1140: creating vorbisenc.pc
config.status:1140: creating vorbisfile.pc
config.status:1140: creating vorbis-uninstalled.pc
config.status:1140: creating vorbisenc-uninstalled.pc
config.status:1140: creating vorbisfile-uninstalled.pc
config.status:1140: creating config.h
config.status:1354: executing depfiles commands
config.status:1354: executing libtool commands

## ---------------- ##
## Cache variables. ##
## ---------------- ##

ac_cv_build=x86_64-unknown-linux-gnu
ac_cv_c_compiler_gnu=yes
ac_cv_c_inline=inline
ac_cv_env_CC_set=set
ac_cv_env_CC_value=/opt/emsdk/emscripten/master/emcc
ac_cv_env_CFLAGS_set=set
ac_cv_env_CFLAGS_value=
ac_cv_env_CPPFLAGS_set=
ac_cv_env_CPPFLAGS_value=
ac_cv_env_CPP_set=
ac_cv_env_CPP_value=
ac_cv_env_LDFLAGS_set=
ac_cv_env_LDFLAGS_value=
ac_cv_env_LIBS_set=
ac_cv_env_LIBS_value=
ac_cv_env_OGG_CFLAGS_set=
ac_cv_env_OGG_CFLAGS_value=
ac_cv_env_OGG_LIBS_set=
ac_cv_env_OGG_LIBS_value=
ac_cv_env_PKG_CONFIG_set=
ac_cv_env_PKG_CONFIG_value=
ac_cv_env_build_alias_set=
ac_cv_env_build_alias_value=
ac_cv_env_host_alias_set=
ac_cv_env_host_alias_value=
ac_cv_env_target_alias_set=
ac_cv_env_target_alias_value=
ac_cv_func_alloca_works=yes
ac_cv_func_memcmp_working=yes
ac_cv_func_oggpack_writealign=yes
ac_cv_header_dlfcn_h=yes
ac_cv_header_inttypes_h=yes
ac_cv_header_memory_h=yes
ac_cv_header_stdc=yes
ac_cv_header_stdint_h=yes
ac_cv_header_stdlib_h=yes
ac_cv_header_string_h=yes
ac_cv_header_strings_h=yes
ac_cv_header_sys_stat_h=yes
ac_cv_header_sys_types_h=yes
ac_cv_header_unistd_h=yes
ac_cv_host=x86_64-unknown-linux-gnu
ac_cv_lib_m_cos=yes
ac_cv_lib_pthread_pthread_create=no
ac_cv_objext=o
ac_cv_path_EGREP='/bin/grep -E'
ac_cv_path_FGREP='/bin/grep -F'
ac_cv_path_GREP=/bin/grep
ac_cv_path_SED=/bin/sed
ac_cv_path_ac_pt_PKG_CONFIG=/usr/bin/pkg-config
ac_cv_path_install='/usr/bin/install -c'
ac_cv_path_mkdir=/bin/mkdir
ac_cv_prog_AWK=mawk
ac_cv_prog_CPP='/opt/emsdk/emscripten/master/emcc -E'
ac_cv_prog_ac_ct_CC=/opt/emsdk/emscripten/master/emcc
ac_cv_prog_ac_ct_DLLTOOL=dlltool
ac_cv_prog_ac_ct_MANIFEST_TOOL=mt
ac_cv_prog_ac_ct_OBJDUMP=objdump
ac_cv_prog_ac_ct_RANLIB=/opt/emsdk/emscripten/master/emranlib
ac_cv_prog_ac_ct_STRIP=strip
ac_cv_prog_cc_c89=
ac_cv_prog_cc_g=yes
ac_cv_prog_make_make_set=yes
ac_cv_target=x86_64-unknown-linux-gnu
ac_cv_type_size_t=yes
ac_cv_working_alloca_h=yes
am_cv_CC_dependencies_compiler_type=gcc3
am_cv_make_support_nested_variables=yes
am_cv_prog_cc_c_o=yes
lt_cv_ar_at_file=no
lt_cv_archive_cmds_need_lc=yes
lt_cv_deplibs_check_method=pass_all
lt_cv_file_magic_cmd='$MAGIC_CMD'
lt_cv_file_magic_test_file=
lt_cv_ld_reload_flag=-r
lt_cv_nm_interface='BSD nm'
lt_cv_objdir=.libs
lt_cv_path_LD=/opt/emsdk/emscripten/master/emcc
lt_cv_path_NM='/usr/bin/nm -B'
lt_cv_path_mainfest_tool=no
lt_cv_prog_compiler_c_o=yes
lt_cv_prog_compiler_pic='-fPIC -DPIC'
lt_cv_prog_compiler_pic_works=yes
lt_cv_prog_compiler_rtti_exceptions=yes
lt_cv_prog_compiler_static_works=yes
lt_cv_prog_gnu_ld=yes
lt_cv_sharedlib_from_linklib_cmd='printf %s\n'
lt_cv_shlibpath_overrides_runpath=no
lt_cv_sys_global_symbol_pipe=
lt_cv_sys_global_symbol_to_c_name_address='sed -n -e '\''s/^: \([^ ]*\)[ ]*$/  {\"\1\", (void *) 0},/p'\'' -e '\''s/^[ABCDGIRSTW]* \([^ ]*\) \([^ ]*\)$/  {"\2", (void *) \&\2},/p'\'''
lt_cv_sys_global_symbol_to_c_name_address_lib_prefix='sed -n -e '\''s/^: \([^ ]*\)[ ]*$/  {\"\1\", (void *) 0},/p'\'' -e '\''s/^[ABCDGIRSTW]* \([^ ]*\) \(lib[^ ]*\)$/  {"\2", (void *) \&\2},/p'\'' -e '\''s/^[ABCDGIRSTW]* \([^ ]*\) \([^ ]*\)$/  {"lib\2", (void *) \&\2},/p'\'''
lt_cv_sys_global_symbol_to_cdecl=
lt_cv_sys_max_cmd_len=1572864
lt_cv_to_host_file_cmd=func_convert_file_noop
lt_cv_to_tool_file_cmd=func_convert_file_noop

## ----------------- ##
## Output variables. ##
## ----------------- ##

ACLOCAL='${SHELL} /home/chris/Respostories/chrislearn/ogv.js/libvorbis/missing aclocal-1.14'
ACLOCAL_AMFLAGS='-I m4'
ALLOCA=''
AMDEPBACKSLASH='\'
AMDEP_FALSE='#'
AMDEP_TRUE=''
AMTAR='$${TAR-tar}'
AM_BACKSLASH='\'
AM_DEFAULT_V='$(AM_DEFAULT_VERBOSITY)'
AM_DEFAULT_VERBOSITY='1'
AM_V='$(V)'
AR='/opt/emsdk/emscripten/master/emar'
AS='as'
AUTOCONF='${SHELL} /home/chris/Respostories/chrislearn/ogv.js/libvorbis/missing autoconf'
AUTOHEADER='${SHELL} /home/chris/Respostories/chrislearn/ogv.js/libvorbis/missing autoheader'
AUTOMAKE='${SHELL} /home/chris/Respostories/chrislearn/ogv.js/libvorbis/missing automake-1.14'
AWK='mawk'
BUILD_DOCS_FALSE=''
BUILD_DOCS_TRUE='#'
BUILD_EXAMPLES_FALSE=''
BUILD_EXAMPLES_TRUE='#'
CC='/opt/emsdk/emscripten/master/emcc'
CCDEPMODE='depmode=gcc3'
CFLAGS='-O2 -Wall -Wextra -ffast-math -D_REENTRANT -fsigned-char -Wdeclaration-after-statement  -DUSE_MEMORY_H'
CPP='/opt/emsdk/emscripten/master/emcc -E'
CPPFLAGS=''
CYGPATH_W='echo'
DEBUG='-g -Wall -Wextra -D_REENTRANT -D__NO_MATH_INLINES -fsigned-char'
DEFS='-DHAVE_CONFIG_H'
DEPDIR='.deps'
DLLTOOL='dlltool'
DSYMUTIL=''
DUMPBIN=''
ECHO_C=''
ECHO_N='-n'
ECHO_T=''
EGREP='/bin/grep -E'
EXEEXT=''
FGREP='/bin/grep -F'
GREP='/bin/grep'
HAVE_DOXYGEN='false'
HAVE_DOXYGEN_FALSE=''
HAVE_DOXYGEN_TRUE='#'
HTLATEX=''
INSTALL_DATA='${INSTALL} -m 644'
INSTALL_PROGRAM='${INSTALL}'
INSTALL_SCRIPT='${INSTALL}'
INSTALL_STRIP_PROGRAM='$(install_sh) -c -s'
LD='/opt/emsdk/emscripten/master/emcc'
LDFLAGS=''
LIBOBJS=''
LIBS=''
LIBTOOL='$(SHELL) $(top_builddir)/libtool'
LIBTOOL_DEPS='../../../libvorbis/ltmain.sh'
LIPO=''
LN_S='ln -s'
LTLIBOBJS=''
MAINT='#'
MAINTAINER_MODE_FALSE=''
MAINTAINER_MODE_TRUE='#'
MAKEINFO='${SHELL} /home/chris/Respostories/chrislearn/ogv.js/libvorbis/missing makeinfo'
MANIFEST_TOOL=':'
MKDIR_P='/bin/mkdir -p'
NM='/usr/bin/nm -B'
NMEDIT=''
OBJDUMP='objdump'
OBJEXT='o'
OGG_CFLAGS='-I/home/chris/Respostories/chrislearn/ogv.js/build/js/root/include'
OGG_LIBS='-L/home/chris/Respostories/chrislearn/ogv.js/build/js/root/lib -logg'
OTOOL64=''
OTOOL=''
PACKAGE='libvorbis'
PACKAGE_BUGREPORT='vorbis-dev@xiph.org'
PACKAGE_NAME='libvorbis'
PACKAGE_STRING='libvorbis 1.3.3'
PACKAGE_TARNAME='libvorbis'
PACKAGE_URL=''
PACKAGE_VERSION='1.3.3'
PATH_SEPARATOR=':'
PDFLATEX=''
PKG_CONFIG='/usr/bin/pkg-config'
PROFILE='-pg -g -O2 -ffast-math -D_REENTRANT -fsigned-char'
RANLIB='/opt/emsdk/emscripten/master/emranlib'
SED='/bin/sed'
SET_MAKE=''
SHELL='/bin/bash'
STRIP='strip'
VERSION='1.3.3'
VE_LIB_AGE='0'
VE_LIB_CURRENT='2'
VE_LIB_REVISION='9'
VF_LIB_AGE='3'
VF_LIB_CURRENT='6'
VF_LIB_REVISION='5'
VORBIS_LIBS='-lm'
V_LIB_AGE='4'
V_LIB_CURRENT='4'
V_LIB_REVISION='6'
ac_ct_AR=''
ac_ct_CC='/opt/emsdk/emscripten/master/emcc'
ac_ct_DUMPBIN=''
am__EXEEXT_FALSE=''
am__EXEEXT_TRUE='#'
am__fastdepCC_FALSE='#'
am__fastdepCC_TRUE=''
am__include='include'
am__isrc=' -I$(srcdir)'
am__leading_dot='.'
am__nodep='_no'
am__quote=''
am__tar='$${TAR-tar} chof - "$$tardir"'
am__untar='$${TAR-tar} xf -'
bindir='${exec_prefix}/bin'
build='x86_64-unknown-linux-gnu'
build_alias=''
build_cpu='x86_64'
build_os='linux-gnu'
build_vendor='unknown'
datadir='${datarootdir}'
datarootdir='${prefix}/share'
docdir='${datarootdir}/doc/${PACKAGE_TARNAME}'
dvidir='${docdir}'
exec_prefix='${prefix}'
host='x86_64-unknown-linux-gnu'
host_alias=''
host_cpu='x86_64'
host_os='linux-gnu'
host_vendor='unknown'
htmldir='${docdir}'
includedir='${prefix}/include'
infodir='${datarootdir}/info'
install_sh='${SHELL} /home/chris/Respostories/chrislearn/ogv.js/libvorbis/install-sh'
libdir='${exec_prefix}/lib'
libexecdir='${exec_prefix}/libexec'
localedir='${datarootdir}/locale'
localstatedir='${prefix}/var'
mandir='${datarootdir}/man'
mkdir_p='$(MKDIR_P)'
oldincludedir='/usr/include'
pdfdir='${docdir}'
prefix='/home/chris/Respostories/chrislearn/ogv.js/build/js/root'
program_transform_name='s,x,x,'
psdir='${docdir}'
pthread_lib=''
sbindir='${exec_prefix}/sbin'
sharedstatedir='${prefix}/com'
sysconfdir='${prefix}/etc'
target='x86_64-unknown-linux-gnu'
target_alias=''
target_cpu='x86_64'
target_os='linux-gnu'
target_vendor='unknown'

## ----------- ##
## confdefs.h. ##
## ----------- ##

/* confdefs.h */
#define PACKAGE_NAME "libvorbis"
#define PACKAGE_TARNAME "libvorbis"
#define PACKAGE_VERSION "1.3.3"
#define PACKAGE_STRING "libvorbis 1.3.3"
#define PACKAGE_BUGREPORT "vorbis-dev@xiph.org"
#define PACKAGE_URL ""
#define PACKAGE "libvorbis"
#define VERSION "1.3.3"
#define STDC_HEADERS 1
#define HAVE_SYS_TYPES_H 1
#define HAVE_SYS_STAT_H 1
#define HAVE_STDLIB_H 1
#define HAVE_STRING_H 1
#define HAVE_MEMORY_H 1
#define HAVE_STRINGS_H 1
#define HAVE_INTTYPES_H 1
#define HAVE_STDINT_H 1
#define HAVE_UNISTD_H 1
#define HAVE_DLFCN_H 1
#define LT_OBJDIR ".libs/"
#define HAVE_ALLOCA_H 1
#define HAVE_ALLOCA 1

configure: exit 0
