# ../../../libvpx/configure --prefix=/home/chris/Respostories/chrislearn/ogv.js/build/js/root --target=generic-gnu --extra-cflags=-I/opt/emsdk/emscripten/master/system/lib/libcxxabi/include/ --disable-multithread --enable-vp9-decoder --disable-vp8-encoder --disable-vp9-encoder --enable-shared --disable-docs --disable-examples
Configuring selected codecs
  enabling vp8_decoder
Configuring for target 'generic-gnu'
  enabling generic
  enabling pic
check_cxxflags -DNDEBUG
check_cxx -Werror -DNDEBUG
BEGIN /tmp/vpx-conf-46074-24357.cc
     1	int x;
END /tmp/vpx-conf-46074-24357.cc
/opt/emsdk/emscripten/master/em++ -Werror -DNDEBUG -c -o /tmp/vpx-conf-46074-24357.o /tmp/vpx-conf-46074-24357.cc
check_cflags -DNDEBUG
check_cc -Werror -DNDEBUG
BEGIN /tmp/vpx-conf-46074-24357.c
     1	int x;
END /tmp/vpx-conf-46074-24357.c
/opt/emsdk/emscripten/master/emcc -Werror -DNDEBUG -c -o /tmp/vpx-conf-46074-24357.o /tmp/vpx-conf-46074-24357.c
check_cxxflags -O3
check_cxx -Werror -O3
BEGIN /tmp/vpx-conf-46074-24357.cc
     1	int x;
END /tmp/vpx-conf-46074-24357.cc
/opt/emsdk/emscripten/master/em++ -DNDEBUG -Werror -O3 -c -o /tmp/vpx-conf-46074-24357.o /tmp/vpx-conf-46074-24357.cc
check_cflags -O3
check_cc -Werror -O3
BEGIN /tmp/vpx-conf-46074-24357.c
     1	int x;
END /tmp/vpx-conf-46074-24357.c
/opt/emsdk/emscripten/master/emcc -DNDEBUG -Werror -O3 -c -o /tmp/vpx-conf-46074-24357.o /tmp/vpx-conf-46074-24357.c
check_cxxflags -fPIC
check_cxx -Werror -fPIC
BEGIN /tmp/vpx-conf-46074-24357.cc
     1	int x;
END /tmp/vpx-conf-46074-24357.cc
/opt/emsdk/emscripten/master/em++ -DNDEBUG -O3 -Werror -fPIC -c -o /tmp/vpx-conf-46074-24357.o /tmp/vpx-conf-46074-24357.cc
check_cflags -fPIC
check_cc -Werror -fPIC
BEGIN /tmp/vpx-conf-46074-24357.c
     1	int x;
END /tmp/vpx-conf-46074-24357.c
/opt/emsdk/emscripten/master/emcc -DNDEBUG -O3 -Werror -fPIC -c -o /tmp/vpx-conf-46074-24357.o /tmp/vpx-conf-46074-24357.c
check_cc
BEGIN /tmp/vpx-conf-46074-24357.c
     1	unsigned int e = 'O'<<24 | '2'<<16 | 'B'<<8 | 'E';
END /tmp/vpx-conf-46074-24357.c
/opt/emsdk/emscripten/master/emcc -DNDEBUG -O3 -fPIC -c -o /tmp/vpx-conf-46074-24357.o /tmp/vpx-conf-46074-24357.c
check_cc
BEGIN /tmp/vpx-conf-46074-24357.c
     1	static inline function() {}
END /tmp/vpx-conf-46074-24357.c
/opt/emsdk/emscripten/master/emcc -DNDEBUG -O3 -fPIC -c -o /tmp/vpx-conf-46074-24357.o /tmp/vpx-conf-46074-24357.c
/tmp/vpx-conf-46074-24357.c:1:15: warning: type specifier missing, defaults to 'int' [-Wimplicit-int]
static inline function() {}
~~~~~~~~~~~~~ ^
/tmp/vpx-conf-46074-24357.c:1:27: warning: control reaches end of non-void function [-Wreturn-type]
static inline function() {}
                          ^
2 warnings generated.
check_cxxflags -I/opt/emsdk/emscripten/master/system/lib/libcxxabi/include/
check_cxx -Werror -I/opt/emsdk/emscripten/master/system/lib/libcxxabi/include/
BEGIN /tmp/vpx-conf-46074-24357.cc
     1	int x;
END /tmp/vpx-conf-46074-24357.cc
/opt/emsdk/emscripten/master/em++ -DNDEBUG -O3 -fPIC -Werror -I/opt/emsdk/emscripten/master/system/lib/libcxxabi/include/ -c -o /tmp/vpx-conf-46074-24357.o /tmp/vpx-conf-46074-24357.cc
check_cflags -I/opt/emsdk/emscripten/master/system/lib/libcxxabi/include/
check_cc -Werror -I/opt/emsdk/emscripten/master/system/lib/libcxxabi/include/
BEGIN /tmp/vpx-conf-46074-24357.c
     1	int x;
END /tmp/vpx-conf-46074-24357.c
/opt/emsdk/emscripten/master/emcc -DNDEBUG -O3 -fPIC -Werror -I/opt/emsdk/emscripten/master/system/lib/libcxxabi/include/ -c -o /tmp/vpx-conf-46074-24357.o /tmp/vpx-conf-46074-24357.c
check_cxxflags -Wall
check_cxx -Werror -Wall
BEGIN /tmp/vpx-conf-46074-24357.cc
     1	int x;
END /tmp/vpx-conf-46074-24357.cc
/opt/emsdk/emscripten/master/em++ -DNDEBUG -O3 -fPIC -I/opt/emsdk/emscripten/master/system/lib/libcxxabi/include/ -Werror -Wall -c -o /tmp/vpx-conf-46074-24357.o /tmp/vpx-conf-46074-24357.cc
check_cflags -Wall
check_cc -Werror -Wall
BEGIN /tmp/vpx-conf-46074-24357.c
     1	int x;
END /tmp/vpx-conf-46074-24357.c
/opt/emsdk/emscripten/master/emcc -DNDEBUG -O3 -fPIC -I/opt/emsdk/emscripten/master/system/lib/libcxxabi/include/ -Werror -Wall -c -o /tmp/vpx-conf-46074-24357.o /tmp/vpx-conf-46074-24357.c
check_cxxflags -Wdeclaration-after-statement
check_cxx -Werror -Wdeclaration-after-statement
BEGIN /tmp/vpx-conf-46074-24357.cc
     1	int x;
END /tmp/vpx-conf-46074-24357.cc
/opt/emsdk/emscripten/master/em++ -DNDEBUG -O3 -fPIC -I/opt/emsdk/emscripten/master/system/lib/libcxxabi/include/ -Wall -Werror -Wdeclaration-after-statement -c -o /tmp/vpx-conf-46074-24357.o /tmp/vpx-conf-46074-24357.cc
check_cflags -Wdeclaration-after-statement
check_cc -Werror -Wdeclaration-after-statement
BEGIN /tmp/vpx-conf-46074-24357.c
     1	int x;
END /tmp/vpx-conf-46074-24357.c
/opt/emsdk/emscripten/master/emcc -DNDEBUG -O3 -fPIC -I/opt/emsdk/emscripten/master/system/lib/libcxxabi/include/ -Wall -Werror -Wdeclaration-after-statement -c -o /tmp/vpx-conf-46074-24357.o /tmp/vpx-conf-46074-24357.c
check_cxxflags -Wdisabled-optimization
check_cxx -Werror -Wdisabled-optimization
BEGIN /tmp/vpx-conf-46074-24357.cc
     1	int x;
END /tmp/vpx-conf-46074-24357.cc
/opt/emsdk/emscripten/master/em++ -DNDEBUG -O3 -fPIC -I/opt/emsdk/emscripten/master/system/lib/libcxxabi/include/ -Wall -Wdeclaration-after-statement -Werror -Wdisabled-optimization -c -o /tmp/vpx-conf-46074-24357.o /tmp/vpx-conf-46074-24357.cc
check_cflags -Wdisabled-optimization
check_cc -Werror -Wdisabled-optimization
BEGIN /tmp/vpx-conf-46074-24357.c
     1	int x;
END /tmp/vpx-conf-46074-24357.c
/opt/emsdk/emscripten/master/emcc -DNDEBUG -O3 -fPIC -I/opt/emsdk/emscripten/master/system/lib/libcxxabi/include/ -Wall -Wdeclaration-after-statement -Werror -Wdisabled-optimization -c -o /tmp/vpx-conf-46074-24357.o /tmp/vpx-conf-46074-24357.c
check_cxxflags -Wpointer-arith
check_cxx -Werror -Wpointer-arith
BEGIN /tmp/vpx-conf-46074-24357.cc
     1	int x;
END /tmp/vpx-conf-46074-24357.cc
/opt/emsdk/emscripten/master/em++ -DNDEBUG -O3 -fPIC -I/opt/emsdk/emscripten/master/system/lib/libcxxabi/include/ -Wall -Wdeclaration-after-statement -Wdisabled-optimization -Werror -Wpointer-arith -c -o /tmp/vpx-conf-46074-24357.o /tmp/vpx-conf-46074-24357.cc
check_cflags -Wpointer-arith
check_cc -Werror -Wpointer-arith
BEGIN /tmp/vpx-conf-46074-24357.c
     1	int x;
END /tmp/vpx-conf-46074-24357.c
/opt/emsdk/emscripten/master/emcc -DNDEBUG -O3 -fPIC -I/opt/emsdk/emscripten/master/system/lib/libcxxabi/include/ -Wall -Wdeclaration-after-statement -Wdisabled-optimization -Werror -Wpointer-arith -c -o /tmp/vpx-conf-46074-24357.o /tmp/vpx-conf-46074-24357.c
check_cxxflags -Wtype-limits
check_cxx -Werror -Wtype-limits
BEGIN /tmp/vpx-conf-46074-24357.cc
     1	int x;
END /tmp/vpx-conf-46074-24357.cc
/opt/emsdk/emscripten/master/em++ -DNDEBUG -O3 -fPIC -I/opt/emsdk/emscripten/master/system/lib/libcxxabi/include/ -Wall -Wdeclaration-after-statement -Wdisabled-optimization -Wpointer-arith -Werror -Wtype-limits -c -o /tmp/vpx-conf-46074-24357.o /tmp/vpx-conf-46074-24357.cc
check_cflags -Wtype-limits
check_cc -Werror -Wtype-limits
BEGIN /tmp/vpx-conf-46074-24357.c
     1	int x;
END /tmp/vpx-conf-46074-24357.c
/opt/emsdk/emscripten/master/emcc -DNDEBUG -O3 -fPIC -I/opt/emsdk/emscripten/master/system/lib/libcxxabi/include/ -Wall -Wdeclaration-after-statement -Wdisabled-optimization -Wpointer-arith -Werror -Wtype-limits -c -o /tmp/vpx-conf-46074-24357.o /tmp/vpx-conf-46074-24357.c
check_cxxflags -Wcast-qual
check_cxx -Werror -Wcast-qual
BEGIN /tmp/vpx-conf-46074-24357.cc
     1	int x;
END /tmp/vpx-conf-46074-24357.cc
/opt/emsdk/emscripten/master/em++ -DNDEBUG -O3 -fPIC -I/opt/emsdk/emscripten/master/system/lib/libcxxabi/include/ -Wall -Wdeclaration-after-statement -Wdisabled-optimization -Wpointer-arith -Wtype-limits -Werror -Wcast-qual -c -o /tmp/vpx-conf-46074-24357.o /tmp/vpx-conf-46074-24357.cc
check_cflags -Wcast-qual
check_cc -Werror -Wcast-qual
BEGIN /tmp/vpx-conf-46074-24357.c
     1	int x;
END /tmp/vpx-conf-46074-24357.c
/opt/emsdk/emscripten/master/emcc -DNDEBUG -O3 -fPIC -I/opt/emsdk/emscripten/master/system/lib/libcxxabi/include/ -Wall -Wdeclaration-after-statement -Wdisabled-optimization -Wpointer-arith -Wtype-limits -Werror -Wcast-qual -c -o /tmp/vpx-conf-46074-24357.o /tmp/vpx-conf-46074-24357.c
check_cxxflags -Wvla
check_cxx -Werror -Wvla
BEGIN /tmp/vpx-conf-46074-24357.cc
     1	int x;
END /tmp/vpx-conf-46074-24357.cc
/opt/emsdk/emscripten/master/em++ -DNDEBUG -O3 -fPIC -I/opt/emsdk/emscripten/master/system/lib/libcxxabi/include/ -Wall -Wdeclaration-after-statement -Wdisabled-optimization -Wpointer-arith -Wtype-limits -Wcast-qual -Werror -Wvla -c -o /tmp/vpx-conf-46074-24357.o /tmp/vpx-conf-46074-24357.cc
check_cflags -Wvla
check_cc -Werror -Wvla
BEGIN /tmp/vpx-conf-46074-24357.c
     1	int x;
END /tmp/vpx-conf-46074-24357.c
/opt/emsdk/emscripten/master/emcc -DNDEBUG -O3 -fPIC -I/opt/emsdk/emscripten/master/system/lib/libcxxabi/include/ -Wall -Wdeclaration-after-statement -Wdisabled-optimization -Wpointer-arith -Wtype-limits -Wcast-qual -Werror -Wvla -c -o /tmp/vpx-conf-46074-24357.o /tmp/vpx-conf-46074-24357.c
check_cxxflags -Wimplicit-function-declaration
check_cxx -Werror -Wimplicit-function-declaration
BEGIN /tmp/vpx-conf-46074-24357.cc
     1	int x;
END /tmp/vpx-conf-46074-24357.cc
/opt/emsdk/emscripten/master/em++ -DNDEBUG -O3 -fPIC -I/opt/emsdk/emscripten/master/system/lib/libcxxabi/include/ -Wall -Wdeclaration-after-statement -Wdisabled-optimization -Wpointer-arith -Wtype-limits -Wcast-qual -Wvla -Werror -Wimplicit-function-declaration -c -o /tmp/vpx-conf-46074-24357.o /tmp/vpx-conf-46074-24357.cc
check_cflags -Wimplicit-function-declaration
check_cc -Werror -Wimplicit-function-declaration
BEGIN /tmp/vpx-conf-46074-24357.c
     1	int x;
END /tmp/vpx-conf-46074-24357.c
/opt/emsdk/emscripten/master/emcc -DNDEBUG -O3 -fPIC -I/opt/emsdk/emscripten/master/system/lib/libcxxabi/include/ -Wall -Wdeclaration-after-statement -Wdisabled-optimization -Wpointer-arith -Wtype-limits -Wcast-qual -Wvla -Werror -Wimplicit-function-declaration -c -o /tmp/vpx-conf-46074-24357.o /tmp/vpx-conf-46074-24357.c
check_cxxflags -Wuninitialized
check_cxx -Werror -Wuninitialized
BEGIN /tmp/vpx-conf-46074-24357.cc
     1	int x;
END /tmp/vpx-conf-46074-24357.cc
/opt/emsdk/emscripten/master/em++ -DNDEBUG -O3 -fPIC -I/opt/emsdk/emscripten/master/system/lib/libcxxabi/include/ -Wall -Wdeclaration-after-statement -Wdisabled-optimization -Wpointer-arith -Wtype-limits -Wcast-qual -Wvla -Wimplicit-function-declaration -Werror -Wuninitialized -c -o /tmp/vpx-conf-46074-24357.o /tmp/vpx-conf-46074-24357.cc
check_cflags -Wuninitialized
check_cc -Werror -Wuninitialized
BEGIN /tmp/vpx-conf-46074-24357.c
     1	int x;
END /tmp/vpx-conf-46074-24357.c
/opt/emsdk/emscripten/master/emcc -DNDEBUG -O3 -fPIC -I/opt/emsdk/emscripten/master/system/lib/libcxxabi/include/ -Wall -Wdeclaration-after-statement -Wdisabled-optimization -Wpointer-arith -Wtype-limits -Wcast-qual -Wvla -Wimplicit-function-declaration -Werror -Wuninitialized -c -o /tmp/vpx-conf-46074-24357.o /tmp/vpx-conf-46074-24357.c
check_cxxflags -Wunused-variable
check_cxx -Werror -Wunused-variable
BEGIN /tmp/vpx-conf-46074-24357.cc
     1	int x;
END /tmp/vpx-conf-46074-24357.cc
/opt/emsdk/emscripten/master/em++ -DNDEBUG -O3 -fPIC -I/opt/emsdk/emscripten/master/system/lib/libcxxabi/include/ -Wall -Wdeclaration-after-statement -Wdisabled-optimization -Wpointer-arith -Wtype-limits -Wcast-qual -Wvla -Wimplicit-function-declaration -Wuninitialized -Werror -Wunused-variable -c -o /tmp/vpx-conf-46074-24357.o /tmp/vpx-conf-46074-24357.cc
check_cflags -Wunused-variable
check_cc -Werror -Wunused-variable
BEGIN /tmp/vpx-conf-46074-24357.c
     1	int x;
END /tmp/vpx-conf-46074-24357.c
/opt/emsdk/emscripten/master/emcc -DNDEBUG -O3 -fPIC -I/opt/emsdk/emscripten/master/system/lib/libcxxabi/include/ -Wall -Wdeclaration-after-statement -Wdisabled-optimization -Wpointer-arith -Wtype-limits -Wcast-qual -Wvla -Wimplicit-function-declaration -Wuninitialized -Werror -Wunused-variable -c -o /tmp/vpx-conf-46074-24357.o /tmp/vpx-conf-46074-24357.c
check_cxxflags -Wunused-but-set-variable
check_cxx -Werror -Wunused-but-set-variable
BEGIN /tmp/vpx-conf-46074-24357.cc
     1	int x;
END /tmp/vpx-conf-46074-24357.cc
/opt/emsdk/emscripten/master/em++ -DNDEBUG -O3 -fPIC -I/opt/emsdk/emscripten/master/system/lib/libcxxabi/include/ -Wall -Wdeclaration-after-statement -Wdisabled-optimization -Wpointer-arith -Wtype-limits -Wcast-qual -Wvla -Wimplicit-function-declaration -Wuninitialized -Wunused-variable -Werror -Wunused-but-set-variable -c -o /tmp/vpx-conf-46074-24357.o /tmp/vpx-conf-46074-24357.cc
error: unknown warning option '-Wunused-but-set-variable'; did you mean '-Wunused-const-variable'? [-Werror,-Wunknown-warning-option]
ERROR    root: [31mcompiler frontend failed to generate LLVM bitcode, halting[0m
check_cflags -Wunused-but-set-variable
check_cc -Werror -Wunused-but-set-variable
BEGIN /tmp/vpx-conf-46074-24357.c
     1	int x;
END /tmp/vpx-conf-46074-24357.c
/opt/emsdk/emscripten/master/emcc -DNDEBUG -O3 -fPIC -I/opt/emsdk/emscripten/master/system/lib/libcxxabi/include/ -Wall -Wdeclaration-after-statement -Wdisabled-optimization -Wpointer-arith -Wtype-limits -Wcast-qual -Wvla -Wimplicit-function-declaration -Wuninitialized -Wunused-variable -Werror -Wunused-but-set-variable -c -o /tmp/vpx-conf-46074-24357.o /tmp/vpx-conf-46074-24357.c
error: unknown warning option '-Wunused-but-set-variable'; did you mean '-Wunused-const-variable'? [-Werror,-Wunknown-warning-option]
ERROR    root: [31mcompiler frontend failed to generate LLVM bitcode, halting[0m
check_cxxflags -Wno-unused-function
check_cxx -Werror -Wno-unused-function
BEGIN /tmp/vpx-conf-46074-24357.cc
     1	int x;
END /tmp/vpx-conf-46074-24357.cc
/opt/emsdk/emscripten/master/em++ -DNDEBUG -O3 -fPIC -I/opt/emsdk/emscripten/master/system/lib/libcxxabi/include/ -Wall -Wdeclaration-after-statement -Wdisabled-optimization -Wpointer-arith -Wtype-limits -Wcast-qual -Wvla -Wimplicit-function-declaration -Wuninitialized -Wunused-variable -Werror -Wno-unused-function -c -o /tmp/vpx-conf-46074-24357.o /tmp/vpx-conf-46074-24357.cc
check_cflags -Wno-unused-function
check_cc -Werror -Wno-unused-function
BEGIN /tmp/vpx-conf-46074-24357.c
     1	int x;
END /tmp/vpx-conf-46074-24357.c
/opt/emsdk/emscripten/master/emcc -DNDEBUG -O3 -fPIC -I/opt/emsdk/emscripten/master/system/lib/libcxxabi/include/ -Wall -Wdeclaration-after-statement -Wdisabled-optimization -Wpointer-arith -Wtype-limits -Wcast-qual -Wvla -Wimplicit-function-declaration -Wuninitialized -Wunused-variable -Werror -Wno-unused-function -c -o /tmp/vpx-conf-46074-24357.o /tmp/vpx-conf-46074-24357.c
check_cxx
BEGIN /tmp/vpx-conf-46074-24357.cc
     1	int z;
END /tmp/vpx-conf-46074-24357.cc
/opt/emsdk/emscripten/master/em++ -DNDEBUG -O3 -fPIC -I/opt/emsdk/emscripten/master/system/lib/libcxxabi/include/ -Wall -Wdeclaration-after-statement -Wdisabled-optimization -Wpointer-arith -Wtype-limits -Wcast-qual -Wvla -Wimplicit-function-declaration -Wuninitialized -Wunused-variable -Wno-unused-function -c -o /tmp/vpx-conf-46074-24357.o /tmp/vpx-conf-46074-24357.cc
  enabling webm_io
check_cxx
BEGIN /tmp/vpx-conf-46074-24357.cc
     1	int z;
END /tmp/vpx-conf-46074-24357.cc
/opt/emsdk/emscripten/master/em++ -DNDEBUG -O3 -fPIC -I/opt/emsdk/emscripten/master/system/lib/libcxxabi/include/ -Wall -Wdeclaration-after-statement -Wdisabled-optimization -Wpointer-arith -Wtype-limits -Wcast-qual -Wvla -Wimplicit-function-declaration -Wuninitialized -Wunused-variable -Wno-unused-function -c -o /tmp/vpx-conf-46074-24357.o /tmp/vpx-conf-46074-24357.cc
  enabling libyuv
check_header stdio.h
check_cpp
BEGIN /tmp/vpx-conf-46074-24357.c
     1	#include "stdio.h"
     2	int x;
END /tmp/vpx-conf-46074-24357.c
/opt/emsdk/emscripten/master/emcc -DNDEBUG -O3 -fPIC -I/opt/emsdk/emscripten/master/system/lib/libcxxabi/include/ -Wall -Wdeclaration-after-statement -Wdisabled-optimization -Wpointer-arith -Wtype-limits -Wcast-qual -Wvla -Wimplicit-function-declaration -Wuninitialized -Wunused-variable -Wno-unused-function -E -o /tmp/vpx-conf-46074-24357.o /tmp/vpx-conf-46074-24357.c
check_ld
check_cc
BEGIN /tmp/vpx-conf-46074-24357.c
     1	int main(void) {return 0;}
END /tmp/vpx-conf-46074-24357.c
/opt/emsdk/emscripten/master/emcc -DNDEBUG -O3 -fPIC -I/opt/emsdk/emscripten/master/system/lib/libcxxabi/include/ -Wall -Wdeclaration-after-statement -Wdisabled-optimization -Wpointer-arith -Wtype-limits -Wcast-qual -Wvla -Wimplicit-function-declaration -Wuninitialized -Wunused-variable -Wno-unused-function -c -o /tmp/vpx-conf-46074-24357.o /tmp/vpx-conf-46074-24357.c
/opt/emsdk/emscripten/master/em++ -o /tmp/vpx-conf-46074-24357.x /tmp/vpx-conf-46074-24357.o
check_header stdint.h
check_cpp
BEGIN /tmp/vpx-conf-46074-24357.c
     1	#include "stdint.h"
     2	int x;
END /tmp/vpx-conf-46074-24357.c
/opt/emsdk/emscripten/master/emcc -DNDEBUG -O3 -fPIC -I/opt/emsdk/emscripten/master/system/lib/libcxxabi/include/ -Wall -Wdeclaration-after-statement -Wdisabled-optimization -Wpointer-arith -Wtype-limits -Wcast-qual -Wvla -Wimplicit-function-declaration -Wuninitialized -Wunused-variable -Wno-unused-function -E -o /tmp/vpx-conf-46074-24357.o /tmp/vpx-conf-46074-24357.c
check_header pthread.h
check_cpp
BEGIN /tmp/vpx-conf-46074-24357.c
     1	#include "pthread.h"
     2	int x;
END /tmp/vpx-conf-46074-24357.c
/opt/emsdk/emscripten/master/emcc -DNDEBUG -O3 -fPIC -I/opt/emsdk/emscripten/master/system/lib/libcxxabi/include/ -Wall -Wdeclaration-after-statement -Wdisabled-optimization -Wpointer-arith -Wtype-limits -Wcast-qual -Wvla -Wimplicit-function-declaration -Wuninitialized -Wunused-variable -Wno-unused-function -E -o /tmp/vpx-conf-46074-24357.o /tmp/vpx-conf-46074-24357.c
check_header sys/mman.h
check_cpp
BEGIN /tmp/vpx-conf-46074-24357.c
     1	#include "sys/mman.h"
     2	int x;
END /tmp/vpx-conf-46074-24357.c
/opt/emsdk/emscripten/master/emcc -DNDEBUG -O3 -fPIC -I/opt/emsdk/emscripten/master/system/lib/libcxxabi/include/ -Wall -Wdeclaration-after-statement -Wdisabled-optimization -Wpointer-arith -Wtype-limits -Wcast-qual -Wvla -Wimplicit-function-declaration -Wuninitialized -Wunused-variable -Wno-unused-function -E -o /tmp/vpx-conf-46074-24357.o /tmp/vpx-conf-46074-24357.c
check_header unistd.h
check_cpp
BEGIN /tmp/vpx-conf-46074-24357.c
     1	#include "unistd.h"
     2	int x;
END /tmp/vpx-conf-46074-24357.c
/opt/emsdk/emscripten/master/emcc -DNDEBUG -O3 -fPIC -I/opt/emsdk/emscripten/master/system/lib/libcxxabi/include/ -Wall -Wdeclaration-after-statement -Wdisabled-optimization -Wpointer-arith -Wtype-limits -Wcast-qual -Wvla -Wimplicit-function-declaration -Wuninitialized -Wunused-variable -Wno-unused-function -E -o /tmp/vpx-conf-46074-24357.o /tmp/vpx-conf-46074-24357.c
check_header vpx/vpx_integer.h -I../../../libvpx
check_cpp -I../../../libvpx
BEGIN /tmp/vpx-conf-46074-24357.c
     1	#include "vpx/vpx_integer.h"
     2	int x;
END /tmp/vpx-conf-46074-24357.c
/opt/emsdk/emscripten/master/emcc -DNDEBUG -O3 -fPIC -I/opt/emsdk/emscripten/master/system/lib/libcxxabi/include/ -Wall -Wdeclaration-after-statement -Wdisabled-optimization -Wpointer-arith -Wtype-limits -Wcast-qual -Wvla -Wimplicit-function-declaration -Wuninitialized -Wunused-variable -Wno-unused-function -I../../../libvpx -E -o /tmp/vpx-conf-46074-24357.o /tmp/vpx-conf-46074-24357.c
